<?xml version="1.0" encoding="utf-8"?><testsuites name="pytest tests"><testsuite name="pytest" errors="0" failures="0" skipped="0" tests="12" time="2.184" timestamp="2026-03-27T04:22:14.978493+00:00" hostname="agent-env-f7a563d3-e4fd-4c0b-af98-99053165e699"><testcase classname="backend.tests.test_admin_subscription_sellers.TestAdminSubscriptionSellersEndpoint" name="test_sellers_endpoint_returns_200" time="0.152" /><testcase classname="backend.tests.test_admin_subscription_sellers.TestAdminSubscriptionSellersEndpoint" name="test_sellers_response_structure" time="0.116" /><testcase classname="backend.tests.test_admin_subscription_sellers.TestAdminSubscriptionSellersEndpoint" name="test_sellers_search_filter" time="0.218" /><testcase classname="backend.tests.test_admin_subscription_sellers.TestAdminSubscriptionSellersEndpoint" name="test_sellers_plan_filter" time="0.108" /><testcase classname="backend.tests.test_admin_subscription_sellers.TestAdminSubscriptionSellersEndpoint" name="test_sellers_pagination" time="0.135" /><testcase classname="backend.tests.test_admin_subscription_sellers.TestAdminSubscriptionOverrideIntegration" name="test_set_override_reflects_in_sellers_list" time="0.428" /><testcase classname="backend.tests.test_admin_subscription_sellers.TestAdminSubscriptionOverrideIntegration" name="test_delete_override_clears_from_sellers_list" time="0.423" /><testcase classname="backend.tests.test_admin_subscription_sellers.TestAdminSubscriptionSellersAuth" name="test_sellers_endpoint_requires_auth" time="0.104" /><testcase classname="backend.tests.test_admin_subscription_sellers.TestAdminSubscriptionSellersAuth" name="test_override_endpoint_requires_auth" time="0.108" /><testcase classname="backend.tests.test_admin_subscription_sellers.TestAdminSubscriptionSellersEdgeCases" name="test_empty_search_returns_all" time="0.112" /><testcase classname="backend.tests.test_admin_subscription_sellers.TestAdminSubscriptionSellersEdgeCases" name="test_invalid_plan_filter_returns_empty" time="0.103" /><testcase classname="backend.tests.test_admin_subscription_sellers.TestAdminSubscriptionSellersEdgeCases" name="test_plan_options_returned" time="0.118" /></testsuite></testsuites>