<?xml version="1.0" encoding="utf-8"?><testsuites name="pytest tests"><testsuite name="pytest" errors="0" failures="0" skipped="0" tests="10" time="1.349" timestamp="2026-03-16T08:21:58.544178+00:00" hostname="agent-env-0fedab19-9c51-49bb-bd2f-979f2a30c5dd"><testcase classname="backend.tests.test_admin_low_stock_alerts.TestAdminPermissions" name="test_my_permissions_returns_admin_true" time="0.211" /><testcase classname="backend.tests.test_admin_low_stock_alerts.TestAdminPermissions" name="test_my_permissions_returns_all_permissions" time="0.103" /><testcase classname="backend.tests.test_admin_low_stock_alerts.TestAdminPermissions" name="test_my_permissions_accountType_admin" time="0.113" /><testcase classname="backend.tests.test_admin_low_stock_alerts.TestAdminLowStockAlerts" name="test_low_stock_alerts_no_403_for_admin" time="0.111" /><testcase classname="backend.tests.test_admin_low_stock_alerts.TestAdminLowStockAlerts" name="test_low_stock_alerts_returns_isAdminView_true" time="0.111" /><testcase classname="backend.tests.test_admin_low_stock_alerts.TestAdminLowStockAlerts" name="test_low_stock_alerts_from_all_sellers" time="0.121" /><testcase classname="backend.tests.test_admin_low_stock_alerts.TestAdminLowStockAlerts" name="test_low_stock_alerts_include_sellerName" time="0.128" /><testcase classname="backend.tests.test_admin_low_stock_alerts.TestAdminLowStockAlerts" name="test_low_stock_alerts_with_status_filter" time="0.118" /><testcase classname="backend.tests.test_admin_low_stock_alerts.TestAdminLowStockAlerts" name="test_low_stock_alerts_response_structure" time="0.108" /><testcase classname="backend.tests.test_admin_low_stock_alerts.TestAdminLowStockAlertsDifferentiateFromSeller" name="test_admin_view_flag_is_true" time="0.157" /></testsuite></testsuites>