<?xml version="1.0" encoding="utf-8"?><testsuites name="pytest tests"><testsuite name="pytest" errors="0" failures="0" skipped="0" tests="30" time="2.766" timestamp="2026-03-22T11:28:04.018285+00:00" hostname="agent-env-537605c6-b3c9-450b-aa9d-9331cd02c57d"><testcase classname="backend.tests.test_all_modules_relation_lookup.TestLinkableTargets" name="test_linkable_targets_returns_all_8_system_modules" time="0.200" /><testcase classname="backend.tests.test_all_modules_relation_lookup.TestLinkableTargets" name="test_linkable_targets_includes_custom_panels" time="0.051" /><testcase classname="backend.tests.test_all_modules_relation_lookup.TestRelationLookupAllModules" name="test_relation_lookup_inventory" time="0.103" /><testcase classname="backend.tests.test_all_modules_relation_lookup.TestRelationLookupAllModules" name="test_relation_lookup_invoices" time="0.046" /><testcase classname="backend.tests.test_all_modules_relation_lookup.TestRelationLookupAllModules" name="test_relation_lookup_buyers" time="0.053" /><testcase classname="backend.tests.test_all_modules_relation_lookup.TestRelationLookupAllModules" name="test_relation_lookup_suppliers" time="0.049" /><testcase classname="backend.tests.test_all_modules_relation_lookup.TestRelationLookupAllModules" name="test_relation_lookup_purchase_orders" time="0.057" /><testcase classname="backend.tests.test_all_modules_relation_lookup.TestRelationLookupAllModules" name="test_relation_lookup_quotations" time="0.049" /><testcase classname="backend.tests.test_all_modules_relation_lookup.TestRelationLookupAllModules" name="test_relation_lookup_composite_products" time="0.057" /><testcase classname="backend.tests.test_all_modules_relation_lookup.TestRelationLookupAllModules" name="test_relation_lookup_employees" time="0.048" /><testcase classname="backend.tests.test_all_modules_relation_lookup.TestRelationLookupAllModules" name="test_relation_lookup_custom_panel" time="0.146" /><testcase classname="backend.tests.test_all_modules_relation_lookup.TestPanelCreationWithNewModules" name="test_create_panel_with_buyers_module" time="0.098" /><testcase classname="backend.tests.test_all_modules_relation_lookup.TestPanelCreationWithNewModules" name="test_create_panel_with_suppliers_module" time="0.100" /><testcase classname="backend.tests.test_all_modules_relation_lookup.TestPanelCreationWithNewModules" name="test_create_panel_with_purchase_orders_module" time="0.101" /><testcase classname="backend.tests.test_all_modules_relation_lookup.TestPanelCreationWithNewModules" name="test_create_panel_with_quotations_module" time="0.096" /><testcase classname="backend.tests.test_all_modules_relation_lookup.TestPanelCreationWithNewModules" name="test_create_panel_with_composite_products_module" time="0.106" /><testcase classname="backend.tests.test_all_modules_relation_lookup.TestPanelCreationWithNewModules" name="test_create_panel_with_employees_module" time="0.104" /><testcase classname="backend.tests.test_all_modules_relation_lookup.TestPanelCreationWithNewModules" name="test_create_panel_with_multiple_modules" time="0.103" /><testcase classname="backend.tests.test_all_modules_relation_lookup.TestRelationFieldValidation" name="test_create_panel_with_relation_field_to_buyers" time="0.154" /><testcase classname="backend.tests.test_all_modules_relation_lookup.TestRelationFieldValidation" name="test_create_panel_with_relation_field_to_suppliers" time="0.099" /><testcase classname="backend.tests.test_all_modules_relation_lookup.TestRelationFieldValidation" name="test_create_panel_with_relation_field_to_purchase_orders" time="0.099" /><testcase classname="backend.tests.test_all_modules_relation_lookup.TestRelationFieldValidation" name="test_create_panel_with_relation_field_to_quotations" time="0.098" /><testcase classname="backend.tests.test_all_modules_relation_lookup.TestRelationFieldValidation" name="test_create_panel_with_relation_field_to_composite_products" time="0.138" /><testcase classname="backend.tests.test_all_modules_relation_lookup.TestRelationFieldValidation" name="test_create_panel_with_relation_field_to_employees" time="0.098" /><testcase classname="backend.tests.test_all_modules_relation_lookup.TestSearchFiltering" name="test_search_filtering_inventory" time="0.101" /><testcase classname="backend.tests.test_all_modules_relation_lookup.TestSearchFiltering" name="test_search_filtering_buyers" time="0.046" /><testcase classname="backend.tests.test_all_modules_relation_lookup.TestSearchFiltering" name="test_search_filtering_suppliers" time="0.047" /><testcase classname="backend.tests.test_all_modules_relation_lookup.TestSearchFiltering" name="test_search_filtering_employees" time="0.106" /><testcase classname="backend.tests.test_all_modules_relation_lookup.TestHealthAndAccess" name="test_api_health" time="0.051" /><testcase classname="backend.tests.test_all_modules_relation_lookup.TestHealthAndAccess" name="test_access_level" time="0.047" /></testsuite></testsuites>