<?xml version="1.0" encoding="utf-8"?><testsuites name="pytest tests"><testsuite name="pytest" errors="0" failures="0" skipped="0" tests="26" time="1.302" timestamp="2026-03-15T18:44:49.381856+00:00" hostname="agent-env-fdea3ed7-0102-4de3-8722-ab08e95a6a26"><testcase classname="backend.tests.test_analytics_charts_api.TestAnalyticsEndpoints" name="test_health_check" time="0.294" /><testcase classname="backend.tests.test_analytics_charts_api.TestAnalyticsEndpoints" name="test_analytics_products_endpoint_exists" time="0.146" /><testcase classname="backend.tests.test_analytics_charts_api.TestAnalyticsEndpoints" name="test_analytics_summary_endpoint_exists" time="0.153" /><testcase classname="backend.tests.test_analytics_charts_api.TestAnalyticsEndpoints" name="test_analytics_price_trend_endpoint_exists" time="0.142" /><testcase classname="backend.tests.test_analytics_charts_api.TestAnalyticsEndpoints" name="test_analytics_purchase_trend_endpoint_exists" time="0.145" /><testcase classname="backend.tests.test_analytics_charts_api.TestAnalyticsEndpoints" name="test_analytics_stock_trend_endpoint_exists" time="0.140" /><testcase classname="backend.tests.test_analytics_charts_api.TestAnalyticsEndpoints" name="test_analytics_supplier_comparison_endpoint_exists" time="0.129" /><testcase classname="backend.tests.test_analytics_charts_api.TestAnalyticsDBLevel" name="test_analytics_products_aggregation" time="0.002" /><testcase classname="backend.tests.test_analytics_charts_api.TestAnalyticsDBLevel" name="test_analytics_summary_aggregation" time="0.001" /><testcase classname="backend.tests.test_analytics_charts_api.TestAnalyticsDBLevel" name="test_analytics_price_trend_aggregation" time="0.001" /><testcase classname="backend.tests.test_analytics_charts_api.TestAnalyticsDBLevel" name="test_analytics_purchase_trend_aggregation" time="0.001" /><testcase classname="backend.tests.test_analytics_charts_api.TestAnalyticsDBLevel" name="test_analytics_stock_trend_query" time="0.001" /><testcase classname="backend.tests.test_analytics_charts_api.TestAnalyticsDBLevel" name="test_analytics_supplier_comparison" time="0.001" /><testcase classname="backend.tests.test_analytics_charts_api.TestPeriodParsing" name="test_period_7d" time="0.000" /><testcase classname="backend.tests.test_analytics_charts_api.TestPeriodParsing" name="test_period_30d" time="0.000" /><testcase classname="backend.tests.test_analytics_charts_api.TestPeriodParsing" name="test_period_3m" time="0.000" /><testcase classname="backend.tests.test_analytics_charts_api.TestPeriodParsing" name="test_period_6m" time="0.000" /><testcase classname="backend.tests.test_analytics_charts_api.TestPeriodParsing" name="test_period_1y" time="0.000" /><testcase classname="backend.tests.test_analytics_charts_api.TestGroupingGranularity" name="test_daily_grouping_for_short_period" time="0.000" /><testcase classname="backend.tests.test_analytics_charts_api.TestGroupingGranularity" name="test_monthly_grouping_for_long_period" time="0.000" /><testcase classname="backend.tests.test_analytics_charts_api.TestResponseFormat" name="test_products_response_format" time="0.001" /><testcase classname="backend.tests.test_analytics_charts_api.TestResponseFormat" name="test_summary_response_format" time="0.000" /><testcase classname="backend.tests.test_analytics_charts_api.TestResponseFormat" name="test_price_trend_response_format" time="0.000" /><testcase classname="backend.tests.test_analytics_charts_api.TestResponseFormat" name="test_purchase_trend_response_format" time="0.000" /><testcase classname="backend.tests.test_analytics_charts_api.TestResponseFormat" name="test_stock_trend_response_format" time="0.000" /><testcase classname="backend.tests.test_analytics_charts_api.TestResponseFormat" name="test_supplier_comparison_response_format" time="0.003" /></testsuite></testsuites>