<?xml version="1.0" encoding="utf-8"?><testsuites name="pytest tests"><testsuite name="pytest" errors="0" failures="0" skipped="0" tests="30" time="1.853" timestamp="2026-03-15T19:22:08.444572+00:00" hostname="agent-env-7af759a3-7a53-4859-bbc2-0181f23649b7"><testcase classname="backend.tests.test_analytics_integration.TestHealthCheck" name="test_api_health" time="0.273" /><testcase classname="backend.tests.test_analytics_integration.TestAnalyticsEndpointsExist" name="test_products_endpoint_requires_auth" time="0.173" /><testcase classname="backend.tests.test_analytics_integration.TestAnalyticsEndpointsExist" name="test_suppliers_endpoint_requires_auth" time="0.166" /><testcase classname="backend.tests.test_analytics_integration.TestAnalyticsEndpointsExist" name="test_price_trend_endpoint_requires_auth" time="0.177" /><testcase classname="backend.tests.test_analytics_integration.TestAnalyticsEndpointsExist" name="test_purchase_trend_endpoint_requires_auth" time="0.153" /><testcase classname="backend.tests.test_analytics_integration.TestAnalyticsEndpointsExist" name="test_stock_trend_endpoint_requires_auth" time="0.212" /><testcase classname="backend.tests.test_analytics_integration.TestAnalyticsEndpointsExist" name="test_supplier_comparison_endpoint_requires_auth" time="0.132" /><testcase classname="backend.tests.test_analytics_integration.TestAnalyticsEndpointsExist" name="test_summary_endpoint_requires_auth" time="0.140" /><testcase classname="backend.tests.test_analytics_integration.TestAnalyticsDBLevel" name="test_products_aggregation" time="0.271" /><testcase classname="backend.tests.test_analytics_integration.TestAnalyticsDBLevel" name="test_suppliers_aggregation_all" time="0.001" /><testcase classname="backend.tests.test_analytics_integration.TestAnalyticsDBLevel" name="test_suppliers_aggregation_filtered_by_listing" time="0.001" /><testcase classname="backend.tests.test_analytics_integration.TestAnalyticsDBLevel" name="test_summary_aggregation" time="0.001" /><testcase classname="backend.tests.test_analytics_integration.TestAnalyticsDBLevel" name="test_price_trend_aggregation" time="0.001" /><testcase classname="backend.tests.test_analytics_integration.TestAnalyticsDBLevel" name="test_price_trend_with_supplier_filter" time="0.001" /><testcase classname="backend.tests.test_analytics_integration.TestAnalyticsDBLevel" name="test_purchase_trend_aggregation" time="0.001" /><testcase classname="backend.tests.test_analytics_integration.TestAnalyticsDBLevel" name="test_stock_trend_query" time="0.001" /><testcase classname="backend.tests.test_analytics_integration.TestAnalyticsDBLevel" name="test_supplier_comparison_with_best_price" time="0.001" /><testcase classname="backend.tests.test_analytics_integration.TestPeriodParsing" name="test_parse_7d" time="0.000" /><testcase classname="backend.tests.test_analytics_integration.TestPeriodParsing" name="test_parse_30d" time="0.000" /><testcase classname="backend.tests.test_analytics_integration.TestPeriodParsing" name="test_parse_3m" time="0.000" /><testcase classname="backend.tests.test_analytics_integration.TestPeriodParsing" name="test_parse_6m" time="0.000" /><testcase classname="backend.tests.test_analytics_integration.TestPeriodParsing" name="test_parse_1y" time="0.000" /><testcase classname="backend.tests.test_analytics_integration.TestCustomDateRange" name="test_custom_dates_parsed" time="0.000" /><testcase classname="backend.tests.test_analytics_integration.TestResponseFormats" name="test_products_response_format" time="0.000" /><testcase classname="backend.tests.test_analytics_integration.TestResponseFormats" name="test_suppliers_response_format" time="0.000" /><testcase classname="backend.tests.test_analytics_integration.TestResponseFormats" name="test_price_trend_response_format" time="0.000" /><testcase classname="backend.tests.test_analytics_integration.TestResponseFormats" name="test_purchase_trend_response_format" time="0.000" /><testcase classname="backend.tests.test_analytics_integration.TestResponseFormats" name="test_stock_trend_response_format" time="0.000" /><testcase classname="backend.tests.test_analytics_integration.TestResponseFormats" name="test_supplier_comparison_response_format" time="0.000" /><testcase classname="backend.tests.test_analytics_integration.TestResponseFormats" name="test_summary_response_format" time="0.003" /></testsuite></testsuites>