<?xml version="1.0" encoding="utf-8"?><testsuites name="pytest tests"><testsuite name="pytest" errors="0" failures="0" skipped="0" tests="16" time="7.351" timestamp="2026-03-23T04:01:46.009660+00:00" hostname="agent-env-3ec90dca-d27a-4d36-9e0b-ad91ef84f0a1"><testcase classname="backend.tests.test_automation_multi_target.TestHealthAndBasics" name="test_health_check" time="0.251" /><testcase classname="backend.tests.test_automation_multi_target.TestHealthAndBasics" name="test_access_level" time="0.161" /><testcase classname="backend.tests.test_automation_multi_target.TestMultiTargetRulesList" name="test_list_rules_returns_targets_array" time="0.136" /><testcase classname="backend.tests.test_automation_multi_target.TestMultiTargetRuleCreate" name="test_create_rule_with_single_target" time="0.777" /><testcase classname="backend.tests.test_automation_multi_target.TestMultiTargetRuleCreate" name="test_create_rule_with_multiple_targets" time="0.664" /><testcase classname="backend.tests.test_automation_multi_target.TestMultiTargetRuleCreate" name="test_create_rule_with_system_module_target" time="0.487" /><testcase classname="backend.tests.test_automation_multi_target.TestMultiTargetValidation" name="test_empty_targets_array_returns_error" time="0.322" /><testcase classname="backend.tests.test_automation_multi_target.TestMultiTargetValidation" name="test_invalid_target_panel_id_returns_error" time="0.336" /><testcase classname="backend.tests.test_automation_multi_target.TestMultiTargetValidation" name="test_create_record_without_field_mappings_returns_error" time="0.341" /><testcase classname="backend.tests.test_automation_multi_target.TestMultiTargetValidation" name="test_update_record_without_required_fields_returns_error" time="0.331" /><testcase classname="backend.tests.test_automation_multi_target.TestMultiTargetRuleUpdate" name="test_update_rule_name_and_active_status" time="0.891" /><testcase classname="backend.tests.test_automation_multi_target.TestMultiTargetRuleUpdate" name="test_update_rule_targets" time="0.909" /><testcase classname="backend.tests.test_automation_multi_target.TestMultiTargetRuleDelete" name="test_delete_rule" time="0.741" /><testcase classname="backend.tests.test_automation_multi_target.TestAutomationLogs" name="test_get_automation_logs" time="0.108" /><testcase classname="backend.tests.test_automation_multi_target.TestSystemModuleTargets" name="test_system_module_as_update_target[inventory]" time="0.423" /><testcase classname="backend.tests.test_automation_multi_target.TestFrontendAccessibility" name="test_frontend_loads" time="0.375" /></testsuite></testsuites>