<?xml version="1.0" encoding="utf-8"?><testsuites name="pytest tests"><testsuite name="pytest" errors="0" failures="0" skipped="0" tests="29" time="8.836" timestamp="2026-03-22T20:14:42.254115+00:00" hostname="agent-env-1032f486-f774-4ef1-94c3-c9ada85b802d"><testcase classname="backend.tests.test_automation_rules_rewrite.TestHealthAndBasics" name="test_health_check" time="0.267" /><testcase classname="backend.tests.test_automation_rules_rewrite.TestHealthAndBasics" name="test_access_level" time="0.158" /><testcase classname="backend.tests.test_automation_rules_rewrite.TestAutomationRulesListAndLogs" name="test_list_automation_rules" time="0.112" /><testcase classname="backend.tests.test_automation_rules_rewrite.TestAutomationRulesListAndLogs" name="test_get_automation_logs" time="0.120" /><testcase classname="backend.tests.test_automation_rules_rewrite.TestModuleFieldsEndpoint" name="test_module_fields_system_modules[inventory-expected_fields0]" time="0.179" /><testcase classname="backend.tests.test_automation_rules_rewrite.TestModuleFieldsEndpoint" name="test_module_fields_system_modules[invoices-expected_fields1]" time="0.195" /><testcase classname="backend.tests.test_automation_rules_rewrite.TestModuleFieldsEndpoint" name="test_module_fields_system_modules[buyers-expected_fields2]" time="0.191" /><testcase classname="backend.tests.test_automation_rules_rewrite.TestModuleFieldsEndpoint" name="test_module_fields_system_modules[suppliers-expected_fields3]" time="0.123" /><testcase classname="backend.tests.test_automation_rules_rewrite.TestModuleFieldsEndpoint" name="test_module_fields_system_modules[purchase_orders-expected_fields4]" time="0.169" /><testcase classname="backend.tests.test_automation_rules_rewrite.TestModuleFieldsEndpoint" name="test_module_fields_system_modules[quotations-expected_fields5]" time="0.113" /><testcase classname="backend.tests.test_automation_rules_rewrite.TestModuleFieldsEndpoint" name="test_module_fields_system_modules[composite_products-expected_fields6]" time="0.108" /><testcase classname="backend.tests.test_automation_rules_rewrite.TestModuleFieldsEndpoint" name="test_module_fields_system_modules[employees-expected_fields7]" time="0.126" /><testcase classname="backend.tests.test_automation_rules_rewrite.TestModuleFieldsEndpoint" name="test_module_fields_invalid_id" time="0.126" /><testcase classname="backend.tests.test_automation_rules_rewrite.TestModuleFieldsEndpoint" name="test_module_fields_nonexistent_panel" time="0.114" /><testcase classname="backend.tests.test_automation_rules_rewrite.TestRuleValidation" name="test_invalid_trigger_type" time="0.361" /><testcase classname="backend.tests.test_automation_rules_rewrite.TestRuleValidation" name="test_invalid_action_type" time="0.370" /><testcase classname="backend.tests.test_automation_rules_rewrite.TestRuleValidation" name="test_create_action_requires_field_mappings" time="0.386" /><testcase classname="backend.tests.test_automation_rules_rewrite.TestRuleValidation" name="test_update_record_requires_operation_fields" time="0.354" /><testcase classname="backend.tests.test_automation_rules_rewrite.TestRuleValidation" name="test_relation_field_must_exist_in_trigger_panel" time="0.343" /><testcase classname="backend.tests.test_automation_rules_rewrite.TestRuleValidation" name="test_relation_field_must_be_type_relation" time="0.377" /><testcase classname="backend.tests.test_automation_rules_rewrite.TestRuleCRUD" name="test_create_update_record_rule" time="0.523" /><testcase classname="backend.tests.test_automation_rules_rewrite.TestRuleCRUD" name="test_create_create_record_rule_with_field_mappings" time="0.766" /><testcase classname="backend.tests.test_automation_rules_rewrite.TestRuleCRUD" name="test_update_rule_trigger_and_action_type" time="0.746" /><testcase classname="backend.tests.test_automation_rules_rewrite.TestRuleCRUD" name="test_delete_rule" time="0.585" /><testcase classname="backend.tests.test_automation_rules_rewrite.TestConditionBasedTrigger" name="test_condition_based_requires_condition" time="0.384" /><testcase classname="backend.tests.test_automation_rules_rewrite.TestConditionBasedTrigger" name="test_condition_based_with_valid_condition" time="0.487" /><testcase classname="backend.tests.test_automation_rules_rewrite.TestConditionBasedTrigger" name="test_invalid_condition_operator" time="0.344" /><testcase classname="backend.tests.test_automation_rules_rewrite.TestEnrichedRulesResponse" name="test_rules_include_panel_names" time="0.108" /><testcase classname="backend.tests.test_automation_rules_rewrite.TestFrontendBuild" name="test_frontend_health" time="0.474" /></testsuite></testsuites>