<?xml version="1.0" encoding="utf-8"?><testsuites name="pytest tests"><testsuite name="pytest" errors="0" failures="0" skipped="0" tests="40" time="7.415" timestamp="2026-03-14T12:34:15.318901+00:00" hostname="agent-env-5cdb52d8-4d54-4a4c-974e-1376ef441f60"><testcase classname="backend.tests.test_business_tools_erp.TestHealthAndSetup" name="test_health_endpoint" time="0.219" /><testcase classname="backend.tests.test_business_tools_erp.TestCompositeProductsCRUD" name="test_list_composite_products" time="0.111" /><testcase classname="backend.tests.test_business_tools_erp.TestCompositeProductsCRUD" name="test_list_composite_products_requires_auth" time="0.139" /><testcase classname="backend.tests.test_business_tools_erp.TestCompositeProductsCRUD" name="test_create_composite_product_requires_valid_listings" time="0.116" /><testcase classname="backend.tests.test_business_tools_erp.TestCompositeProductsCRUD" name="test_update_nonexistent_composite_product" time="0.104" /><testcase classname="backend.tests.test_business_tools_erp.TestCompositeProductsCRUD" name="test_delete_nonexistent_composite_product" time="0.136" /><testcase classname="backend.tests.test_business_tools_erp.TestCompositeProductsCRUD" name="test_sell_nonexistent_composite_product" time="0.105" /><testcase classname="backend.tests.test_business_tools_erp.TestInvoiceCRUD" name="test_list_invoices" time="0.114" /><testcase classname="backend.tests.test_business_tools_erp.TestInvoiceCRUD" name="test_list_invoices_with_status_filter" time="0.128" /><testcase classname="backend.tests.test_business_tools_erp.TestInvoiceCRUD" name="test_list_invoices_requires_auth" time="0.108" /><testcase classname="backend.tests.test_business_tools_erp.TestInvoiceCRUD" name="test_create_invoice_with_gst_calculation" time="0.140" /><testcase classname="backend.tests.test_business_tools_erp.TestInvoiceCRUD" name="test_create_invoice_with_invalid_buyer" time="0.111" /><testcase classname="backend.tests.test_business_tools_erp.TestInvoiceCRUD" name="test_get_single_invoice" time="0.223" /><testcase classname="backend.tests.test_business_tools_erp.TestInvoiceCRUD" name="test_get_nonexistent_invoice" time="0.114" /><testcase classname="backend.tests.test_business_tools_erp.TestInvoiceStatusUpdate" name="test_update_invoice_status_to_sent" time="0.336" /><testcase classname="backend.tests.test_business_tools_erp.TestInvoiceStatusUpdate" name="test_update_invoice_status_to_paid" time="0.325" /><testcase classname="backend.tests.test_business_tools_erp.TestInvoiceStatusUpdate" name="test_update_invoice_status_to_cancelled" time="0.314" /><testcase classname="backend.tests.test_business_tools_erp.TestInvoiceStatusUpdate" name="test_update_invoice_status_invalid" time="0.208" /><testcase classname="backend.tests.test_business_tools_erp.TestInvoiceStatusUpdate" name="test_update_nonexistent_invoice_status" time="0.109" /><testcase classname="backend.tests.test_business_tools_erp.TestInvoicePDF" name="test_get_invoice_pdf" time="0.245" /><testcase classname="backend.tests.test_business_tools_erp.TestInvoicePDF" name="test_get_pdf_nonexistent_invoice" time="0.106" /><testcase classname="backend.tests.test_business_tools_erp.TestInvoiceDelete" name="test_delete_draft_invoice" time="0.326" /><testcase classname="backend.tests.test_business_tools_erp.TestInvoiceDelete" name="test_delete_cancelled_invoice" time="0.324" /><testcase classname="backend.tests.test_business_tools_erp.TestInvoiceDelete" name="test_delete_sent_invoice_fails" time="0.505" /><testcase classname="backend.tests.test_business_tools_erp.TestInvoiceDelete" name="test_delete_paid_invoice_fails" time="0.559" /><testcase classname="backend.tests.test_business_tools_erp.TestInvoiceNumberAutoIncrement" name="test_invoice_number_increments" time="0.436" /><testcase classname="backend.tests.test_business_tools_erp.TestReportsSalesSummary" name="test_sales_summary_monthly" time="0.123" /><testcase classname="backend.tests.test_business_tools_erp.TestReportsSalesSummary" name="test_sales_summary_quarterly" time="0.103" /><testcase classname="backend.tests.test_business_tools_erp.TestReportsSalesSummary" name="test_sales_summary_with_date_range" time="0.104" /><testcase classname="backend.tests.test_business_tools_erp.TestReportsSalesSummary" name="test_sales_summary_requires_auth" time="0.104" /><testcase classname="backend.tests.test_business_tools_erp.TestReportsProductSales" name="test_product_sales" time="0.102" /><testcase classname="backend.tests.test_business_tools_erp.TestReportsProductSales" name="test_product_sales_with_limit" time="0.110" /><testcase classname="backend.tests.test_business_tools_erp.TestReportsInventoryStatus" name="test_inventory_status" time="0.106" /><testcase classname="backend.tests.test_business_tools_erp.TestReportsTopBuyers" name="test_top_buyers" time="0.104" /><testcase classname="backend.tests.test_business_tools_erp.TestReportsTopBuyers" name="test_top_buyers_with_limit" time="0.114" /><testcase classname="backend.tests.test_business_tools_erp.TestActivityLogs" name="test_list_activity_logs" time="0.107" /><testcase classname="backend.tests.test_business_tools_erp.TestActivityLogs" name="test_activity_logs_with_module_filter" time="0.103" /><testcase classname="backend.tests.test_business_tools_erp.TestActivityLogs" name="test_activity_logs_with_action_filter" time="0.110" /><testcase classname="backend.tests.test_business_tools_erp.TestActivityLogs" name="test_activity_logs_pagination" time="0.120" /><testcase classname="backend.tests.test_business_tools_erp.TestCleanup" name="test_cleanup_test_invoices" time="0.222" /></testsuite></testsuites>