<?xml version="1.0" encoding="utf-8"?><testsuites name="pytest tests"><testsuite name="pytest" errors="0" failures="0" skipped="0" tests="23" time="6.551" timestamp="2026-03-14T11:31:38.286373+00:00" hostname="agent-env-5cdb52d8-4d54-4a4c-974e-1376ef441f60"><testcase classname="backend.tests.test_business_tools_rbac.TestHealthCheck" name="test_health_endpoint" time="0.251" /><testcase classname="backend.tests.test_business_tools_rbac.TestPermissionsEndpoint" name="test_get_permissions_returns_all_9_permissions" time="0.130" /><testcase classname="backend.tests.test_business_tools_rbac.TestPermissionsEndpoint" name="test_get_permissions_requires_auth" time="0.124" /><testcase classname="backend.tests.test_business_tools_rbac.TestMyPermissionsEndpoint" name="test_seller_admin_has_all_permissions" time="0.110" /><testcase classname="backend.tests.test_business_tools_rbac.TestMyPermissionsEndpoint" name="test_my_permissions_requires_auth" time="0.167" /><testcase classname="backend.tests.test_business_tools_rbac.TestRoleCRUD" name="test_create_role_success" time="0.121" /><testcase classname="backend.tests.test_business_tools_rbac.TestRoleCRUD" name="test_create_role_with_invalid_permission" time="0.122" /><testcase classname="backend.tests.test_business_tools_rbac.TestRoleCRUD" name="test_create_role_duplicate_name" time="0.237" /><testcase classname="backend.tests.test_business_tools_rbac.TestRoleCRUD" name="test_list_roles" time="0.158" /><testcase classname="backend.tests.test_business_tools_rbac.TestRoleCRUD" name="test_update_role" time="0.230" /><testcase classname="backend.tests.test_business_tools_rbac.TestRoleCRUD" name="test_delete_role_without_employees" time="0.230" /><testcase classname="backend.tests.test_business_tools_rbac.TestRoleCRUD" name="test_delete_nonexistent_role" time="0.116" /><testcase classname="backend.tests.test_business_tools_rbac.TestEmployeeCRUD" name="test_create_employee_success" time="0.235" /><testcase classname="backend.tests.test_business_tools_rbac.TestEmployeeCRUD" name="test_create_employee_with_invalid_role" time="0.219" /><testcase classname="backend.tests.test_business_tools_rbac.TestEmployeeCRUD" name="test_create_employee_duplicate_email" time="0.315" /><testcase classname="backend.tests.test_business_tools_rbac.TestEmployeeCRUD" name="test_list_employees" time="0.217" /><testcase classname="backend.tests.test_business_tools_rbac.TestEmployeeCRUD" name="test_update_employee" time="0.318" /><testcase classname="backend.tests.test_business_tools_rbac.TestEmployeeCRUD" name="test_deactivate_employee" time="0.455" /><testcase classname="backend.tests.test_business_tools_rbac.TestEmployeeCRUD" name="test_update_nonexistent_employee" time="0.218" /><testcase classname="backend.tests.test_business_tools_rbac.TestRoleDeletionWithEmployees" name="test_cannot_delete_role_with_assigned_employees" time="0.328" /><testcase classname="backend.tests.test_business_tools_rbac.TestEmployeeDocumentStructure" name="test_employee_document_has_required_fields" time="0.217" /><testcase classname="backend.tests.test_business_tools_rbac.TestCleanup" name="test_cleanup_test_employees" time="0.554" /><testcase classname="backend.tests.test_business_tools_rbac.TestCleanup" name="test_cleanup_test_roles" time="1.333" /></testsuite></testsuites>