<?xml version="1.0" encoding="utf-8"?><testsuites name="pytest tests"><testsuite name="pytest" errors="0" failures="0" skipped="0" tests="15" time="3.297" timestamp="2026-03-14T19:42:40.127370+00:00" hostname="agent-env-e4d34684-24f7-4868-8de0-9459656804b8"><testcase classname="backend.tests.test_composite_marketplace_listing.TestCompositeListingFields" name="test_list_composites_has_listing_fields" time="0.142" /><testcase classname="backend.tests.test_composite_marketplace_listing.TestCompositeListingFields" name="test_composite_with_listing_shows_listed_status" time="0.123" /><testcase classname="backend.tests.test_composite_marketplace_listing.TestCreateListingFallback" name="test_create_listing_already_exists" time="0.264" /><testcase classname="backend.tests.test_composite_marketplace_listing.TestCreateListingFallback" name="test_create_listing_invalid_composite_id" time="0.106" /><testcase classname="backend.tests.test_composite_marketplace_listing.TestCreateListingFallback" name="test_create_listing_nonexistent_composite" time="0.108" /><testcase classname="backend.tests.test_composite_marketplace_listing.TestMarketplaceSearchProductType" name="test_search_products_returns_product_type" time="0.111" /><testcase classname="backend.tests.test_composite_marketplace_listing.TestListingDetailProductType" name="test_listing_detail_has_product_type" time="0.219" /><testcase classname="backend.tests.test_composite_marketplace_listing.TestInventoryProductType" name="test_inventory_returns_product_type" time="0.113" /><testcase classname="backend.tests.test_composite_marketplace_listing.TestInventoryProductType" name="test_inventory_composite_has_correct_type" time="0.107" /><testcase classname="backend.tests.test_composite_marketplace_listing.TestCompositeStockAdjustmentBlocked" name="test_adjust_stock_blocked_for_composite" time="0.268" /><testcase classname="backend.tests.test_composite_marketplace_listing.TestCompositeStockAdjustmentBlocked" name="test_put_inventory_stock_blocked_for_composite" time="0.211" /><testcase classname="backend.tests.test_composite_marketplace_listing.TestCompositeSellDeductsComponents" name="test_sell_composite_deducts_components" time="0.235" /><testcase classname="backend.tests.test_composite_marketplace_listing.TestDeleteCompositeDeletesListing" name="test_delete_composite_lifecycle" time="0.796" /><testcase classname="backend.tests.test_composite_marketplace_listing.TestRBACAuth" name="test_composite_endpoints_require_auth" time="0.332" /><testcase classname="backend.tests.test_composite_marketplace_listing.TestRBACAuth" name="test_invalid_token_returns_401" time="0.106" /></testsuite></testsuites>