<?xml version="1.0" encoding="utf-8"?><testsuites name="pytest tests"><testsuite name="pytest" errors="0" failures="3" skipped="6" tests="22" time="5.294" timestamp="2026-03-14T15:21:16.663851+00:00" hostname="agent-env-5cdb52d8-4d54-4a4c-974e-1376ef441f60"><testcase classname="backend.tests.test_composite_products_new_schema.TestAvailableProductsEndpoint" name="test_available_products_returns_categories" time="0.277" /><testcase classname="backend.tests.test_composite_products_new_schema.TestAvailableProductsEndpoint" name="test_available_products_excludes_composite_listings" time="0.170" /><testcase classname="backend.tests.test_composite_products_new_schema.TestAvailableProductsEndpoint" name="test_available_products_requires_auth" time="0.122" /><testcase classname="backend.tests.test_composite_products_new_schema.TestCompositeProductsList" name="test_list_composite_products" time="0.120" /><testcase classname="backend.tests.test_composite_products_new_schema.TestCompositeProductsList" name="test_available_stock_calculation" time="0.153" /><testcase classname="backend.tests.test_composite_products_new_schema.TestCompositeProductCreate" name="test_create_composite_product_success" time="0.119"><failure message="AssertionError: Expected 200, got 500: Internal Server Error&#10;assert 500 == 200&#10; +  where 500 = &lt;Response [500]&gt;.status_code">backend/tests/test_composite_products_new_schema.py:158: in test_create_composite_product_success
    assert response.status_code == 200, f"Expected 200, got {response.status_code}: {response.text}"
E   AssertionError: Expected 200, got 500: Internal Server Error
E   assert 500 == 200
E    +  where 500 = &lt;Response [500]&gt;.status_code</failure></testcase><testcase classname="backend.tests.test_composite_products_new_schema.TestCompositeProductCreate" name="test_create_composite_also_creates_seller_listing" time="0.116"><failure message="AssertionError: Expected 200, got 500: Internal Server Error&#10;assert 500 == 200&#10; +  where 500 = &lt;Response [500]&gt;.status_code">backend/tests/test_composite_products_new_schema.py:199: in test_create_composite_also_creates_seller_listing
    assert response.status_code == 200, f"Expected 200, got {response.status_code}: {response.text}"
E   AssertionError: Expected 200, got 500: Internal Server Error
E   assert 500 == 200
E    +  where 500 = &lt;Response [500]&gt;.status_code</failure></testcase><testcase classname="backend.tests.test_composite_products_new_schema.TestCompositeProductCreate" name="test_create_requires_valid_listing_ids" time="0.110" /><testcase classname="backend.tests.test_composite_products_new_schema.TestCompositeProductCreate" name="test_create_rejects_composite_listing_as_component" time="0.246" /><testcase classname="backend.tests.test_composite_products_new_schema.TestCompositeProductCreate" name="test_create_requires_price_field" time="0.107" /><testcase classname="backend.tests.test_composite_products_new_schema.TestCompositeProductCreate" name="test_create_requires_at_least_one_item" time="0.112" /><testcase classname="backend.tests.test_composite_products_new_schema.TestCompositeProductUpdate" name="test_update_name_and_description" time="0.118"><skipped type="pytest.skip" message="No test composite product created">/app/backend/tests/test_composite_products_new_schema.py:324: No test composite product created</skipped></testcase><testcase classname="backend.tests.test_composite_products_new_schema.TestCompositeProductUpdate" name="test_update_price" time="0.124"><skipped type="pytest.skip" message="No test composite product created">/app/backend/tests/test_composite_products_new_schema.py:346: No test composite product created</skipped></testcase><testcase classname="backend.tests.test_composite_products_new_schema.TestCompositeProductUpdate" name="test_update_items" time="0.164"><skipped type="pytest.skip" message="No test composite product created">/app/backend/tests/test_composite_products_new_schema.py:363: No test composite product created</skipped></testcase><testcase classname="backend.tests.test_composite_products_new_schema.TestCompositeProductUpdate" name="test_update_nonexistent_composite_product" time="0.225" /><testcase classname="backend.tests.test_composite_products_new_schema.TestCompositeProductDelete" name="test_delete_composite_product" time="0.114"><failure message="assert 500 == 200&#10; +  where 500 = &lt;Response [500]&gt;.status_code">backend/tests/test_composite_products_new_schema.py:414: in test_delete_composite_product
    assert create_response.status_code == 200
E   assert 500 == 200
E    +  where 500 = &lt;Response [500]&gt;.status_code</failure></testcase><testcase classname="backend.tests.test_composite_products_new_schema.TestCompositeProductDelete" name="test_delete_nonexistent_composite_product" time="0.114" /><testcase classname="backend.tests.test_composite_products_new_schema.TestCompositeProductSell" name="test_sell_composite_deducts_component_stock" time="0.268"><skipped type="pytest.skip" message="No test composite product created">/app/backend/tests/test_composite_products_new_schema.py:499: No test composite product created</skipped></testcase><testcase classname="backend.tests.test_composite_products_new_schema.TestCompositeProductSell" name="test_sell_updates_available_stock" time="0.225"><skipped type="pytest.skip" message="No test composite product created">/app/backend/tests/test_composite_products_new_schema.py:523: No test composite product created</skipped></testcase><testcase classname="backend.tests.test_composite_products_new_schema.TestCompositeProductSell" name="test_sell_insufficient_stock" time="0.241"><skipped type="pytest.skip" message="No test composite product created">/app/backend/tests/test_composite_products_new_schema.py:556: No test composite product created</skipped></testcase><testcase classname="backend.tests.test_composite_products_new_schema.TestCompositeProductSell" name="test_sell_nonexistent_composite_product" time="0.354" /><testcase classname="backend.tests.test_composite_products_new_schema.TestCleanup" name="test_cleanup_test_composite_products" time="1.565" /></testsuite></testsuites>