<?xml version="1.0" encoding="utf-8"?><testsuites name="pytest tests"><testsuite name="pytest" errors="0" failures="0" skipped="0" tests="25" time="6.731" timestamp="2026-03-14T15:48:45.071281+00:00" hostname="agent-env-5cdb52d8-4d54-4a4c-974e-1376ef441f60"><testcase classname="backend.tests.test_composite_products_admin_catalog.TestCategoriesEndpoint" name="test_categories_all_returns_list" time="0.284" /><testcase classname="backend.tests.test_composite_products_admin_catalog.TestCategoriesEndpoint" name="test_categories_contains_test_category" time="0.119" /><testcase classname="backend.tests.test_composite_products_admin_catalog.TestProductsByCategoryEndpoint" name="test_products_by_category_returns_list" time="0.153" /><testcase classname="backend.tests.test_composite_products_admin_catalog.TestProductsByCategoryEndpoint" name="test_products_by_invalid_category_returns_empty" time="0.107" /><testcase classname="backend.tests.test_composite_products_admin_catalog.TestCompositeProductsList" name="test_list_composite_products" time="0.124" /><testcase classname="backend.tests.test_composite_products_admin_catalog.TestCompositeProductsList" name="test_composite_product_structure_uses_productId" time="0.123" /><testcase classname="backend.tests.test_composite_products_admin_catalog.TestCompositeProductsList" name="test_available_stock_calculation" time="0.126" /><testcase classname="backend.tests.test_composite_products_admin_catalog.TestCompositeProductsList" name="test_components_without_listing_show_zero_stock" time="0.137" /><testcase classname="backend.tests.test_composite_products_admin_catalog.TestCompositeProductCreate" name="test_create_composite_product_with_admin_products" time="0.147" /><testcase classname="backend.tests.test_composite_products_admin_catalog.TestCompositeProductCreate" name="test_create_composite_validates_product_exists" time="0.154" /><testcase classname="backend.tests.test_composite_products_admin_catalog.TestCompositeProductCreate" name="test_create_requires_price_field" time="0.109" /><testcase classname="backend.tests.test_composite_products_admin_catalog.TestCompositeProductCreate" name="test_create_requires_at_least_one_item" time="0.115" /><testcase classname="backend.tests.test_composite_products_admin_catalog.TestCompositeProductCreate" name="test_create_requires_positive_quantity" time="0.121" /><testcase classname="backend.tests.test_composite_products_admin_catalog.TestCompositeProductUpdate" name="test_update_name_and_description" time="0.359" /><testcase classname="backend.tests.test_composite_products_admin_catalog.TestCompositeProductUpdate" name="test_update_price" time="0.356" /><testcase classname="backend.tests.test_composite_products_admin_catalog.TestCompositeProductUpdate" name="test_update_items_with_productId" time="0.328" /><testcase classname="backend.tests.test_composite_products_admin_catalog.TestCompositeProductUpdate" name="test_update_nonexistent_composite_product" time="0.354" /><testcase classname="backend.tests.test_composite_products_admin_catalog.TestCompositeProductDelete" name="test_delete_composite_product" time="0.366" /><testcase classname="backend.tests.test_composite_products_admin_catalog.TestCompositeProductDelete" name="test_delete_nonexistent_composite_product" time="0.106" /><testcase classname="backend.tests.test_composite_products_admin_catalog.TestCompositeProductSell" name="test_sell_composite_deducts_from_seller_listings" time="0.496" /><testcase classname="backend.tests.test_composite_products_admin_catalog.TestCompositeProductSell" name="test_sell_verifies_stock_recalculation" time="0.514" /><testcase classname="backend.tests.test_composite_products_admin_catalog.TestCompositeProductSell" name="test_sell_fails_without_seller_listing" time="0.724" /><testcase classname="backend.tests.test_composite_products_admin_catalog.TestCompositeProductSell" name="test_sell_fails_insufficient_stock" time="0.500" /><testcase classname="backend.tests.test_composite_products_admin_catalog.TestCompositeProductSell" name="test_sell_nonexistent_composite_product" time="0.479" /><testcase classname="backend.tests.test_composite_products_admin_catalog.TestCleanup" name="test_cleanup_test_composite_products" time="0.228" /></testsuite></testsuites>