<?xml version="1.0" encoding="utf-8"?><testsuites name="pytest tests"><testsuite name="pytest" errors="0" failures="0" skipped="0" tests="17" time="2.945" timestamp="2026-03-05T19:29:55.787809+00:00" hostname="agent-env-dbfb6481-dfcb-4e95-a59b-b3d836624a1e"><testcase classname="backend.tests.test_configurable_calculator_api.TestCalculatorEndpoints" name="test_get_all_calculators" time="0.212" /><testcase classname="backend.tests.test_configurable_calculator_api.TestCalculatorEndpoints" name="test_get_calculator_by_id" time="0.109" /><testcase classname="backend.tests.test_configurable_calculator_api.TestCalculatorEndpoints" name="test_get_calculator_by_category" time="0.149" /><testcase classname="backend.tests.test_configurable_calculator_api.TestCalculatorEndpoints" name="test_calculator_fields_structure" time="0.140" /><testcase classname="backend.tests.test_configurable_calculator_api.TestMaterialEndpoints" name="test_get_all_materials" time="0.113" /><testcase classname="backend.tests.test_configurable_calculator_api.TestMaterialEndpoints" name="test_material_family_filter_steel" time="0.147" /><testcase classname="backend.tests.test_configurable_calculator_api.TestMaterialEndpoints" name="test_material_family_filter_stainless" time="0.112" /><testcase classname="backend.tests.test_configurable_calculator_api.TestMaterialEndpoints" name="test_material_structure" time="0.116" /><testcase classname="backend.tests.test_configurable_calculator_api.TestMaterialEndpoints" name="test_materials_have_density" time="0.104" /><testcase classname="backend.tests.test_configurable_calculator_api.TestCalculationEndpoint" name="test_pipe_weight_calculation" time="0.171" /><testcase classname="backend.tests.test_configurable_calculator_api.TestCalculationEndpoint" name="test_calculation_with_quantity" time="0.198" /><testcase classname="backend.tests.test_configurable_calculator_api.TestCalculationEndpoint" name="test_calculation_returns_field_summary" time="0.169" /><testcase classname="backend.tests.test_configurable_calculator_api.TestCalculationEndpoint" name="test_calculation_without_material" time="0.396" /><testcase classname="backend.tests.test_configurable_calculator_api.TestSellersByProduct" name="test_get_sellers_for_product" time="0.186" /><testcase classname="backend.tests.test_configurable_calculator_api.TestSellersByProduct" name="test_invalid_product_id" time="0.115" /><testcase classname="backend.tests.test_configurable_calculator_api.TestUnitGroups" name="test_get_unit_groups" time="0.128" /><testcase classname="backend.tests.test_configurable_calculator_api.TestCalculatorIntegration" name="test_full_calculator_flow" time="0.282" /></testsuite></testsuites>