<?xml version="1.0" encoding="utf-8"?><testsuites name="pytest tests"><testsuite name="pytest" errors="0" failures="0" skipped="0" tests="14" time="1.179" timestamp="2026-02-23T03:53:38.111073+00:00" hostname="agent-env-7b77a0ac-d7f3-422a-b242-9cc970f24f94"><testcase classname="backend.tests.test_data_integrity_migration.TestDataIntegrityMigrationEndpoint" name="test_01_health_check" time="0.134" /><testcase classname="backend.tests.test_data_integrity_migration.TestDataIntegrityMigrationEndpoint" name="test_02_migration_endpoint_exists" time="0.063" /><testcase classname="backend.tests.test_data_integrity_migration.TestDataIntegrityMigrationEndpoint" name="test_03_migration_response_structure" time="0.052" /><testcase classname="backend.tests.test_data_integrity_migration.TestValidateSpecTemplateIds" name="test_04_find_existing_test_data" time="0.055" /><testcase classname="backend.tests.test_data_integrity_migration.TestValidateSpecTemplateIds" name="test_05_product_create_with_valid_template_passes" time="0.053" /><testcase classname="backend.tests.test_data_integrity_migration.TestValidateSpecTemplateIds" name="test_06_product_create_with_category_mismatch_fails" time="0.065" /><testcase classname="backend.tests.test_data_integrity_migration.TestValidateSpecTemplateIds" name="test_07_product_create_with_nonexistent_template_fails" time="0.052" /><testcase classname="backend.tests.test_data_integrity_migration.TestValidateSpecTemplateIds" name="test_08_product_update_with_valid_template_passes" time="0.053" /><testcase classname="backend.tests.test_data_integrity_migration.TestValidateSpecTemplateIds" name="test_09_product_update_with_category_mismatch_fails" time="0.066" /><testcase classname="backend.tests.test_data_integrity_migration.TestCleanupEndpoint" name="test_13_cleanup_endpoint_exists" time="0.053" /><testcase classname="backend.tests.test_data_integrity_migration.TestSpecTemplatesEndpoint" name="test_14_spec_templates_have_category_id" time="0.056" /><testcase classname="backend.tests.test_data_integrity_migration.TestProductsEndpointDataIntegrity" name="test_15_products_have_category_id" time="0.056" /><testcase classname="backend.tests.test_data_integrity_migration.TestProductsEndpointDataIntegrity" name="test_16_products_use_camelcase" time="0.067" /><testcase classname="backend.tests.test_data_integrity_migration.TestCleanup" name="test_99_cleanup_test_data" time="0.289" /></testsuite></testsuites>