<?xml version="1.0" encoding="utf-8"?><testsuites name="pytest tests"><testsuite name="pytest" errors="0" failures="8" skipped="2" tests="17" time="1.232" timestamp="2026-02-23T03:50:04.171609+00:00" hostname="agent-env-7b77a0ac-d7f3-422a-b242-9cc970f24f94"><testcase classname="backend.tests.test_data_integrity_migration.TestDataIntegrityMigrationEndpoint" name="test_01_health_check" time="0.248" /><testcase classname="backend.tests.test_data_integrity_migration.TestDataIntegrityMigrationEndpoint" name="test_02_migration_endpoint_exists" time="0.147" /><testcase classname="backend.tests.test_data_integrity_migration.TestDataIntegrityMigrationEndpoint" name="test_03_migration_response_structure" time="0.055" /><testcase classname="backend.tests.test_data_integrity_migration.TestValidateSpecTemplateIds" name="test_04_create_test_category_1" time="0.061"><failure message="AssertionError: Failed to create/find test category 1&#10;assert None&#10; +  where None = TestValidateSpecTemplateIds.test_category_1_id">backend/tests/test_data_integrity_migration.py:144: in test_04_create_test_category_1
    assert TestValidateSpecTemplateIds.test_category_1_id, "Failed to create/find test category 1"
E   AssertionError: Failed to create/find test category 1
E   assert None
E    +  where None = TestValidateSpecTemplateIds.test_category_1_id</failure></testcase><testcase classname="backend.tests.test_data_integrity_migration.TestValidateSpecTemplateIds" name="test_05_create_test_category_2" time="0.069"><failure message="AssertionError: Failed to create/find test category 2&#10;assert None&#10; +  where None = TestValidateSpecTemplateIds.test_category_2_id">backend/tests/test_data_integrity_migration.py:168: in test_05_create_test_category_2
    assert TestValidateSpecTemplateIds.test_category_2_id, "Failed to create/find test category 2"
E   AssertionError: Failed to create/find test category 2
E   assert None
E    +  where None = TestValidateSpecTemplateIds.test_category_2_id</failure></testcase><testcase classname="backend.tests.test_data_integrity_migration.TestValidateSpecTemplateIds" name="test_06_create_spec_template_for_cat1" time="0.055"><failure message="AssertionError: Failed to create/find spec template for cat1&#10;assert None&#10; +  where None = TestValidateSpecTemplateIds.test_template_1_id">backend/tests/test_data_integrity_migration.py:198: in test_06_create_spec_template_for_cat1
    assert TestValidateSpecTemplateIds.test_template_1_id, "Failed to create/find spec template for cat1"
E   AssertionError: Failed to create/find spec template for cat1
E   assert None
E    +  where None = TestValidateSpecTemplateIds.test_template_1_id</failure></testcase><testcase classname="backend.tests.test_data_integrity_migration.TestValidateSpecTemplateIds" name="test_07_create_spec_template_for_cat2" time="0.054"><failure message="AssertionError: Failed to create/find spec template for cat2&#10;assert None&#10; +  where None = TestValidateSpecTemplateIds.test_template_2_id">backend/tests/test_data_integrity_migration.py:228: in test_07_create_spec_template_for_cat2
    assert TestValidateSpecTemplateIds.test_template_2_id, "Failed to create/find spec template for cat2"
E   AssertionError: Failed to create/find spec template for cat2
E   assert None
E    +  where None = TestValidateSpecTemplateIds.test_template_2_id</failure></testcase><testcase classname="backend.tests.test_data_integrity_migration.TestValidateSpecTemplateIds" name="test_08_product_create_with_valid_template_passes" time="0.083"><failure message="AssertionError: Expected 200/201, got 422: {&quot;detail&quot;:[{&quot;type&quot;:&quot;string_type&quot;,&quot;loc&quot;:[&quot;body&quot;,&quot;categoryId&quot;],&quot;msg&quot;:&quot;Input should be a valid string&quot;,&quot;input&quot;:null,&quot;url&quot;:&quot;https://errors.pydantic.dev/2.12/v/string_type&quot;},{&quot;type&quot;:&quot;string_type&quot;,&quot;loc&quot;:[&quot;body&quot;,&quot;specTemplateIds&quot;,0],&quot;msg&quot;:&quot;Input should be a valid string&quot;,&quot;input&quot;:null,&quot;url&quot;:&quot;https://errors.pydantic.dev/2.12/v/string_type&quot;}]}&#10;assert 422 in [200, 201]&#10; +  where 422 = &lt;Response [422]&gt;.status_code">backend/tests/test_data_integrity_migration.py:244: in test_08_product_create_with_valid_template_passes
    assert response.status_code in [200, 201], f"Expected 200/201, got {response.status_code}: {response.text}"
E   AssertionError: Expected 200/201, got 422: {"detail":[{"type":"string_type","loc":["body","categoryId"],"msg":"Input should be a valid string","input":null,"url":"https://errors.pydantic.dev/2.12/v/string_type"},{"type":"string_type","loc":["body","specTemplateIds",0],"msg":"Input should be a valid string","input":null,"url":"https://errors.pydantic.dev/2.12/v/string_type"}]}
E   assert 422 in [200, 201]
E    +  where 422 = &lt;Response [422]&gt;.status_code</failure></testcase><testcase classname="backend.tests.test_data_integrity_migration.TestValidateSpecTemplateIds" name="test_09_product_create_with_category_mismatch_fails" time="0.053"><failure message="AssertionError: Expected 400 for category mismatch, got 422: {&quot;detail&quot;:[{&quot;type&quot;:&quot;string_type&quot;,&quot;loc&quot;:[&quot;body&quot;,&quot;categoryId&quot;],&quot;msg&quot;:&quot;Input should be a valid string&quot;,&quot;input&quot;:null,&quot;url&quot;:&quot;https://errors.pydantic.dev/2.12/v/string_type&quot;},{&quot;type&quot;:&quot;string_type&quot;,&quot;loc&quot;:[&quot;body&quot;,&quot;specTemplateIds&quot;,0],&quot;msg&quot;:&quot;Input should be a valid string&quot;,&quot;input&quot;:null,&quot;url&quot;:&quot;https://errors.pydantic.dev/2.12/v/string_type&quot;}]}&#10;assert 422 == 400&#10; +  where 422 = &lt;Response [422]&gt;.status_code">backend/tests/test_data_integrity_migration.py:264: in test_09_product_create_with_category_mismatch_fails
    assert response.status_code == 400, f"Expected 400 for category mismatch, got {response.status_code}: {response.text}"
E   AssertionError: Expected 400 for category mismatch, got 422: {"detail":[{"type":"string_type","loc":["body","categoryId"],"msg":"Input should be a valid string","input":null,"url":"https://errors.pydantic.dev/2.12/v/string_type"},{"type":"string_type","loc":["body","specTemplateIds",0],"msg":"Input should be a valid string","input":null,"url":"https://errors.pydantic.dev/2.12/v/string_type"}]}
E   assert 422 == 400
E    +  where 422 = &lt;Response [422]&gt;.status_code</failure></testcase><testcase classname="backend.tests.test_data_integrity_migration.TestValidateSpecTemplateIds" name="test_10_product_create_with_nonexistent_template_fails" time="0.056"><failure message="AssertionError: Expected 400 for non-existent template, got 422: {&quot;detail&quot;:[{&quot;type&quot;:&quot;string_type&quot;,&quot;loc&quot;:[&quot;body&quot;,&quot;categoryId&quot;],&quot;msg&quot;:&quot;Input should be a valid string&quot;,&quot;input&quot;:null,&quot;url&quot;:&quot;https://errors.pydantic.dev/2.12/v/string_type&quot;}]}&#10;assert 422 == 400&#10; +  where 422 = &lt;Response [422]&gt;.status_code">backend/tests/test_data_integrity_migration.py:284: in test_10_product_create_with_nonexistent_template_fails
    assert response.status_code == 400, f"Expected 400 for non-existent template, got {response.status_code}: {response.text}"
E   AssertionError: Expected 400 for non-existent template, got 422: {"detail":[{"type":"string_type","loc":["body","categoryId"],"msg":"Input should be a valid string","input":null,"url":"https://errors.pydantic.dev/2.12/v/string_type"}]}
E   assert 422 == 400
E    +  where 422 = &lt;Response [422]&gt;.status_code</failure></testcase><testcase classname="backend.tests.test_data_integrity_migration.TestValidateSpecTemplateIds" name="test_11_product_update_with_valid_template_passes" time="0.000"><skipped type="pytest.skip" message="No product to update">/app/backend/tests/test_data_integrity_migration.py:290: No product to update</skipped></testcase><testcase classname="backend.tests.test_data_integrity_migration.TestValidateSpecTemplateIds" name="test_12_product_update_with_category_mismatch_fails" time="0.000"><skipped type="pytest.skip" message="No product to update">/app/backend/tests/test_data_integrity_migration.py:306: No product to update</skipped></testcase><testcase classname="backend.tests.test_data_integrity_migration.TestCleanupEndpoint" name="test_13_cleanup_endpoint_exists" time="0.063"><failure message="AssertionError: Response should have 'productsScanned' key&#10;assert 'productsScanned' in {'details': [], 'message': 'Cleanup complete. 0 products updated.', 'summary': {'categoryMismatchRemoved': 0, 'invalidRefsRemoved': 0, 'productsCleaned': 0, 'productsScanned': 2, ...}}">backend/tests/test_data_integrity_migration.py:339: in test_13_cleanup_endpoint_exists
    assert key in data, f"Response should have '{key}' key"
E   AssertionError: Response should have 'productsScanned' key
E   assert 'productsScanned' in {'details': [], 'message': 'Cleanup complete. 0 products updated.', 'summary': {'categoryMismatchRemoved': 0, 'invalidRefsRemoved': 0, 'productsCleaned': 0, 'productsScanned': 2, ...}}</failure></testcase><testcase classname="backend.tests.test_data_integrity_migration.TestSpecTemplatesEndpoint" name="test_14_spec_templates_have_category_id" time="0.050" /><testcase classname="backend.tests.test_data_integrity_migration.TestProductsEndpointDataIntegrity" name="test_15_products_have_category_id" time="0.061" /><testcase classname="backend.tests.test_data_integrity_migration.TestProductsEndpointDataIntegrity" name="test_16_products_use_camelcase" time="0.054" /><testcase classname="backend.tests.test_data_integrity_migration.TestCleanup" name="test_99_cleanup_test_data" time="0.000" /></testsuite></testsuites>