<?xml version="1.0" encoding="utf-8"?><testsuites name="pytest tests"><testsuite name="pytest" errors="0" failures="0" skipped="0" tests="22" time="2.893" timestamp="2026-04-10T04:29:48.918919+00:00" hostname="agent-env-aa11f380-a7ee-4b52-b646-bb82052bd648"><testcase classname="tests.test_draft_products_feature.TestSellerListingsIncludeDraft" name="test_seller_listings_returns_all_statuses" time="0.216" /><testcase classname="tests.test_draft_products_feature.TestSellerListingsIncludeDraft" name="test_seller_listings_includes_active_listings" time="0.108" /><testcase classname="tests.test_draft_products_feature.TestDashboardSummaryIncludesDraft" name="test_dashboard_summary_counts_all_products" time="0.112" /><testcase classname="tests.test_draft_products_feature.TestDashboardSummaryIncludesDraft" name="test_dashboard_summary_structure" time="0.117" /><testcase classname="tests.test_draft_products_feature.TestInvoiceProductsIncludeDraft" name="test_invoice_products_returns_all_statuses" time="0.108" /><testcase classname="tests.test_draft_products_feature.TestInvoiceProductsIncludeDraft" name="test_invoice_products_includes_active" time="0.110" /><testcase classname="tests.test_draft_products_feature.TestPublicSearchExcludesDraft" name="test_public_search_excludes_draft" time="0.121" /><testcase classname="tests.test_draft_products_feature.TestPublicSearchExcludesDraft" name="test_public_search_empty_query_excludes_draft" time="0.100" /><testcase classname="tests.test_draft_products_feature.TestPublicProductPageExcludesDraft" name="test_public_product_detail_rejects_draft" time="0.105" /><testcase classname="tests.test_draft_products_feature.TestPublicProductPageExcludesDraft" name="test_public_product_detail_shows_active" time="0.106" /><testcase classname="tests.test_draft_products_feature.TestUnpublishEndpoint" name="test_unpublish_active_listing" time="0.340" /><testcase classname="tests.test_draft_products_feature.TestUnpublishEndpoint" name="test_unpublish_already_draft_returns_error" time="0.127" /><testcase classname="tests.test_draft_products_feature.TestUnpublishEndpoint" name="test_unpublish_nonexistent_returns_404" time="0.106" /><testcase classname="tests.test_draft_products_feature.TestUnpublishEndpoint" name="test_unpublish_requires_auth" time="0.112" /><testcase classname="tests.test_draft_products_feature.TestPublishEndpoint" name="test_publish_draft_listing" time="0.119" /><testcase classname="tests.test_draft_products_feature.TestPublishEndpoint" name="test_publish_requires_auth" time="0.102" /><testcase classname="tests.test_draft_products_feature.TestBusinessToolsRoutersIncludeDraft" name="test_composite_products_includes_draft" time="0.109" /><testcase classname="tests.test_draft_products_feature.TestBusinessToolsRoutersIncludeDraft" name="test_panels_endpoint_accessible" time="0.098" /><testcase classname="tests.test_draft_products_feature.TestBusinessToolsRoutersIncludeDraft" name="test_reports_endpoint_accessible" time="0.107" /><testcase classname="tests.test_draft_products_feature.TestActiveProductsStillWork" name="test_active_listing_in_seller_listings" time="0.120" /><testcase classname="tests.test_draft_products_feature.TestActiveProductsStillWork" name="test_active_listing_in_invoice_products" time="0.106" /><testcase classname="tests.test_draft_products_feature.TestActiveProductsStillWork" name="test_active_listing_in_dashboard_count" time="0.158" /></testsuite></testsuites>