<?xml version="1.0" encoding="utf-8"?><testsuites name="pytest tests"><testsuite name="pytest" errors="0" failures="0" skipped="0" tests="11" time="1.132" timestamp="2026-04-09T17:51:48.990305+00:00" hostname="agent-env-aa11f380-a7ee-4b52-b646-bb82052bd648"><testcase classname="backend.tests.test_employee_access_enforcement.TestEmployeeAccessBlocked" name="test_employee_blocked_on_my_access_endpoint" time="0.344" /><testcase classname="backend.tests.test_employee_access_enforcement.TestEmployeeAccessBlocked" name="test_employee_blocked_on_inventory_endpoint" time="0.056" /><testcase classname="backend.tests.test_employee_access_enforcement.TestEmployeeAccessBlocked" name="test_employee_blocked_on_invoices_endpoint" time="0.057" /><testcase classname="backend.tests.test_employee_access_enforcement.TestEmployeeAccessAllowed" name="test_employee_allowed_when_max_employees_positive" time="0.057" /><testcase classname="backend.tests.test_employee_access_enforcement.TestEmployeeAccessAllowed" name="test_employee_allowed_when_max_employees_unlimited" time="0.066" /><testcase classname="backend.tests.test_employee_access_enforcement.TestSellerNotBlocked" name="test_seller_not_blocked_when_max_employees_zero" time="0.054" /><testcase classname="backend.tests.test_employee_access_enforcement.TestSellerNotBlocked" name="test_seller_can_access_inventory_when_max_employees_zero" time="0.061" /><testcase classname="backend.tests.test_employee_access_enforcement.TestLinkEmployeeLimit" name="test_link_blocked_when_limit_reached" time="0.069" /><testcase classname="backend.tests.test_employee_access_enforcement.TestLinkEmployeeLimit" name="test_link_allowed_when_under_limit" time="0.070" /><testcase classname="backend.tests.test_employee_access_enforcement.TestAdminNotBlocked" name="test_admin_not_blocked_even_with_company_id" time="0.062" /><testcase classname="backend.tests.test_employee_access_enforcement.TestAccessRestoredAfterLimitIncrease" name="test_access_restored_after_limit_increase" time="0.106" /></testsuite></testsuites>