<?xml version="1.0" encoding="utf-8"?><testsuites name="pytest tests"><testsuite name="pytest" errors="0" failures="0" skipped="2" tests="19" time="3.146" timestamp="2026-03-02T19:44:38.800646+00:00" hostname="agent-env-e533cf85-0007-471b-8d4c-01c10be9b631"><testcase classname="tests.test_enterprise_seo_architecture.TestEnterpriseProductResolver" name="test_resolve_product_by_slug" time="0.213" /><testcase classname="tests.test_enterprise_seo_architecture.TestEnterpriseProductResolver" name="test_resolve_product_by_objectid" time="0.231" /><testcase classname="tests.test_enterprise_seo_architecture.TestEnterpriseProductResolver" name="test_resolve_product_seo_fields" time="0.140" /><testcase classname="tests.test_enterprise_seo_architecture.TestEnterpriseProductResolver" name="test_resolve_nonexistent_product" time="0.118" /><testcase classname="tests.test_enterprise_seo_architecture.TestEnterpriseCategoryResolver" name="test_resolve_category_by_slug" time="0.105" /><testcase classname="tests.test_enterprise_seo_architecture.TestEnterpriseCategoryResolver" name="test_resolve_category_by_objectid" time="0.217" /><testcase classname="tests.test_enterprise_seo_architecture.TestEnterpriseCategoryResolver" name="test_resolve_category_seo_fields" time="0.137" /><testcase classname="tests.test_enterprise_seo_architecture.TestEnterpriseCategoryResolver" name="test_resolve_nonexistent_category" time="0.143" /><testcase classname="tests.test_enterprise_seo_architecture.TestProductSEOFieldsCompleteness" name="test_products_have_seo_fields" time="0.365" /><testcase classname="tests.test_enterprise_seo_architecture.TestProductSEOFieldsCompleteness" name="test_product_slug_format" time="0.122" /><testcase classname="tests.test_enterprise_seo_architecture.TestCategorySEOFieldsCompleteness" name="test_categories_have_seo_fields" time="0.237" /><testcase classname="tests.test_enterprise_seo_architecture.TestCategorySEOFieldsCompleteness" name="test_category_slug_format" time="0.112" /><testcase classname="tests.test_enterprise_seo_architecture.TestEnterpriseIndexes" name="test_index_stats_endpoint" time="0.112"><skipped type="pytest.skip" message="Index stats endpoint not available">/app/backend/tests/test_enterprise_seo_architecture.py:349: Index stats endpoint not available</skipped></testcase><testcase classname="tests.test_enterprise_seo_architecture.TestEnterpriseIndexes" name="test_products_slug_index_via_query" time="0.149" /><testcase classname="tests.test_enterprise_seo_architecture.TestEnterpriseIndexes" name="test_categories_slug_index_via_query" time="0.199" /><testcase classname="tests.test_enterprise_seo_architecture.TestCanonicalURLs" name="test_product_canonical_url_format" time="0.126" /><testcase classname="tests.test_enterprise_seo_architecture.TestCanonicalURLs" name="test_category_canonical_url_format" time="0.110" /><testcase classname="tests.test_enterprise_seo_architecture.TestSitemapURLFormat" name="test_sitemap_products_use_slugs" time="0.113"><skipped type="pytest.skip" message="Sitemap endpoint not available">/app/backend/tests/test_enterprise_seo_architecture.py:431: Sitemap endpoint not available</skipped></testcase><testcase classname="tests.test_enterprise_seo_architecture.TestProductSEOEndpoint" name="test_product_seo_data_endpoint" time="0.114" /></testsuite></testsuites>