<?xml version="1.0" encoding="utf-8"?><testsuites name="pytest tests"><testsuite name="pytest" errors="0" failures="0" skipped="0" tests="26" time="2.393" timestamp="2026-03-27T05:10:23.503643+00:00" hostname="agent-env-f7a563d3-e4fd-4c0b-af98-99053165e699"><testcase classname="tests.test_export_subscription_enforcement.TestExportEndpointsAdminUser" name="test_export_sales_xlsx" time="0.216" /><testcase classname="tests.test_export_subscription_enforcement.TestExportEndpointsAdminUser" name="test_export_sales_csv" time="0.124" /><testcase classname="tests.test_export_subscription_enforcement.TestExportEndpointsAdminUser" name="test_export_profit_xlsx" time="0.110" /><testcase classname="tests.test_export_subscription_enforcement.TestExportEndpointsAdminUser" name="test_export_inventory_xlsx" time="0.104" /><testcase classname="tests.test_export_subscription_enforcement.TestExportEndpointsAdminUser" name="test_export_buyers_xlsx" time="0.113" /><testcase classname="tests.test_export_subscription_enforcement.TestExportEndpointsAdminUser" name="test_export_invoices_xlsx" time="0.122" /><testcase classname="tests.test_export_subscription_enforcement.TestExportEndpointsAdminUser" name="test_export_outstanding_xlsx_no_500" time="0.131" /><testcase classname="tests.test_export_subscription_enforcement.TestExportEndpointsAdminUser" name="test_export_outstanding_csv" time="0.110" /><testcase classname="tests.test_export_subscription_enforcement.TestExportEndpointsAdminUser" name="test_export_purchase_orders_xlsx" time="0.110" /><testcase classname="tests.test_export_subscription_enforcement.TestExportEndpointsAdminUser" name="test_export_stock_movement_xlsx" time="0.122" /><testcase classname="tests.test_export_subscription_enforcement.TestExportEndpointsAdminUser" name="test_export_buyer_ledger_xlsx" time="0.108" /><testcase classname="tests.test_export_subscription_enforcement.TestExportEndpointsAdminUser" name="test_export_product_performance_xlsx" time="0.112" /><testcase classname="tests.test_export_subscription_enforcement.TestExportEndpointsAdminUser" name="test_export_category_report_xlsx" time="0.104" /><testcase classname="tests.test_export_subscription_enforcement.TestExportEndpointsAdminUser" name="test_export_low_stock_xlsx" time="0.112" /><testcase classname="tests.test_export_subscription_enforcement.TestExportEndpointsAdminUser" name="test_export_gst_report" time="0.148" /><testcase classname="tests.test_export_subscription_enforcement.TestSubscriptionEnforcementConfig" name="test_free_plan_has_export_false" time="0.001" /><testcase classname="tests.test_export_subscription_enforcement.TestSubscriptionEnforcementConfig" name="test_standard_plan_has_export_true" time="0.000" /><testcase classname="tests.test_export_subscription_enforcement.TestSubscriptionEnforcementConfig" name="test_pro_plan_has_export_true" time="0.000" /><testcase classname="tests.test_export_subscription_enforcement.TestSubscriptionEnforcementConfig" name="test_enterprise_plan_has_export_true" time="0.000" /><testcase classname="tests.test_export_subscription_enforcement.TestSubscriptionEnforcementConfig" name="test_feature_map_has_export_excel" time="0.000" /><testcase classname="tests.test_export_subscription_enforcement.TestAdminUserHasEnterpriseAccess" name="test_admin_subscription_status" time="0.140" /><testcase classname="tests.test_export_subscription_enforcement.TestAdminUserHasEnterpriseAccess" name="test_admin_access_level" time="0.104" /><testcase classname="tests.test_export_subscription_enforcement.TestExportEndpointGuardPresence" name="test_export_router_has_enforce_export_access" time="0.000" /><testcase classname="tests.test_export_subscription_enforcement.TestExportEndpointGuardPresence" name="test_ensure_utc_function_exists" time="0.000" /><testcase classname="tests.test_export_subscription_enforcement.TestExportWithDateFilters" name="test_export_sales_with_date_range" time="0.116" /><testcase classname="tests.test_export_subscription_enforcement.TestExportWithDateFilters" name="test_export_outstanding_with_date_range" time="0.108" /></testsuite></testsuites>