<?xml version="1.0" encoding="utf-8"?><testsuites name="pytest tests"><testsuite name="pytest" errors="0" failures="0" skipped="0" tests="24" time="2.831" timestamp="2026-03-16T05:17:18.229172+00:00" hostname="agent-env-0bc853a9-8815-4c56-954f-00c9e7105ccf"><testcase classname="backend.tests.test_export_import_feature.TestExportEndpoints" name="test_export_sales_csv_requires_auth" time="0.151" /><testcase classname="backend.tests.test_export_import_feature.TestExportEndpoints" name="test_export_sales_xlsx_requires_auth" time="0.108" /><testcase classname="backend.tests.test_export_import_feature.TestExportEndpoints" name="test_export_profit_csv_requires_auth" time="0.153" /><testcase classname="backend.tests.test_export_import_feature.TestExportEndpoints" name="test_export_profit_xlsx_requires_auth" time="0.109" /><testcase classname="backend.tests.test_export_import_feature.TestExportEndpoints" name="test_export_inventory_csv_requires_auth" time="0.106" /><testcase classname="backend.tests.test_export_import_feature.TestExportEndpoints" name="test_export_inventory_xlsx_requires_auth" time="0.142" /><testcase classname="backend.tests.test_export_import_feature.TestExportEndpoints" name="test_export_buyers_csv_requires_auth" time="0.144" /><testcase classname="backend.tests.test_export_import_feature.TestExportEndpoints" name="test_export_buyers_xlsx_requires_auth" time="0.095" /><testcase classname="backend.tests.test_export_import_feature.TestExportEndpoints" name="test_export_invoices_csv_requires_auth" time="0.099" /><testcase classname="backend.tests.test_export_import_feature.TestExportEndpoints" name="test_export_invoices_xlsx_requires_auth" time="0.131" /><testcase classname="backend.tests.test_export_import_feature.TestImportTemplateEndpoints" name="test_import_template_products_csv_requires_auth" time="0.110" /><testcase classname="backend.tests.test_export_import_feature.TestImportTemplateEndpoints" name="test_import_template_products_xlsx_requires_auth" time="0.100" /><testcase classname="backend.tests.test_export_import_feature.TestImportTemplateEndpoints" name="test_import_template_inventory_csv_requires_auth" time="0.101" /><testcase classname="backend.tests.test_export_import_feature.TestImportTemplateEndpoints" name="test_import_template_inventory_xlsx_requires_auth" time="0.101" /><testcase classname="backend.tests.test_export_import_feature.TestImportTemplateEndpoints" name="test_import_template_suppliers_csv_requires_auth" time="0.145" /><testcase classname="backend.tests.test_export_import_feature.TestImportTemplateEndpoints" name="test_import_template_suppliers_xlsx_requires_auth" time="0.098" /><testcase classname="backend.tests.test_export_import_feature.TestImportTemplateEndpoints" name="test_import_template_buyers_csv_requires_auth" time="0.105" /><testcase classname="backend.tests.test_export_import_feature.TestImportTemplateEndpoints" name="test_import_template_buyers_xlsx_requires_auth" time="0.106" /><testcase classname="backend.tests.test_export_import_feature.TestImportValidateProcessEndpoints" name="test_import_validate_requires_auth" time="0.112" /><testcase classname="backend.tests.test_export_import_feature.TestImportValidateProcessEndpoints" name="test_import_process_requires_auth" time="0.102" /><testcase classname="backend.tests.test_export_import_feature.TestExportDateFilters" name="test_export_sales_with_dates" time="0.100" /><testcase classname="backend.tests.test_export_import_feature.TestExportDateFilters" name="test_export_profit_with_dates" time="0.105" /><testcase classname="backend.tests.test_export_import_feature.TestExportDateFilters" name="test_export_buyers_with_dates" time="0.103" /><testcase classname="backend.tests.test_export_import_feature.TestInvalidDataType" name="test_import_template_invalid_type" time="0.114" /></testsuite></testsuites>