<?xml version="1.0" encoding="utf-8"?><testsuites name="pytest tests"><testsuite name="pytest" errors="0" failures="0" skipped="0" tests="16" time="3.272" timestamp="2026-03-23T09:01:20.881284+00:00" hostname="agent-env-184696df-1d8c-4356-b944-c33340935465"><testcase classname="backend.tests.test_field_visibility_match_update.TestFieldVisibilityEndpoint" name="test_field_visibility_returns_merged_visibility" time="0.134" /><testcase classname="backend.tests.test_field_visibility_match_update.TestFieldVisibilityEndpoint" name="test_field_visibility_returns_empty_for_panel_without_rules" time="0.222" /><testcase classname="backend.tests.test_field_visibility_match_update.TestFieldVisibilityEndpoint" name="test_field_visibility_nonexistent_panel_returns_empty" time="0.161" /><testcase classname="backend.tests.test_field_visibility_match_update.TestUpdateRecordValidation" name="test_update_record_requires_match_target_field" time="0.200" /><testcase classname="backend.tests.test_field_visibility_match_update.TestUpdateRecordValidation" name="test_update_record_requires_match_source_field" time="0.217" /><testcase classname="backend.tests.test_field_visibility_match_update.TestUpdateRecordValidation" name="test_update_record_requires_update_field" time="0.235" /><testcase classname="backend.tests.test_field_visibility_match_update.TestUpdateRecordValidation" name="test_update_record_requires_update_operation" time="0.209" /><testcase classname="backend.tests.test_field_visibility_match_update.TestUpdateRecordValidation" name="test_update_record_requires_update_value_from" time="0.210" /><testcase classname="backend.tests.test_field_visibility_match_update.TestUpdateRecordValidation" name="test_update_record_rejects_invalid_operation" time="0.225" /><testcase classname="backend.tests.test_field_visibility_match_update.TestPanelsEndpoint" name="test_list_panels_returns_panels" time="0.102" /><testcase classname="backend.tests.test_field_visibility_match_update.TestPanelsEndpoint" name="test_get_single_panel" time="0.205" /><testcase classname="backend.tests.test_field_visibility_match_update.TestPanelRecordsEndpoint" name="test_list_records_returns_records_with_resolved" time="0.432" /><testcase classname="backend.tests.test_field_visibility_match_update.TestAutomationPreviewEndpoint" name="test_preview_returns_structured_match_update" time="0.218" /><testcase classname="backend.tests.test_field_visibility_match_update.TestAutomationPreviewEndpoint" name="test_preview_for_create_record" time="0.191" /><testcase classname="backend.tests.test_field_visibility_match_update.TestHealthAndAuth" name="test_health_endpoint" time="0.100" /><testcase classname="backend.tests.test_field_visibility_match_update.TestHealthAndAuth" name="test_access_level_endpoint" time="0.111" /></testsuite></testsuites>