<?xml version="1.0" encoding="utf-8"?><testsuites name="pytest tests"><testsuite name="pytest" errors="0" failures="0" skipped="0" tests="7" time="2.075" timestamp="2026-03-15T13:11:33.379268+00:00" hostname="agent-env-fdea3ed7-0102-4de3-8722-ab08e95a6a26"><testcase classname="backend.tests.test_inventory_minstock_alerts.TestInventoryEndpoints" name="test_list_inventory_returns_minstock_fields" time="0.276" /><testcase classname="backend.tests.test_inventory_minstock_alerts.TestInventoryEndpoints" name="test_update_inventory_with_minstock_fields" time="0.425" /><testcase classname="backend.tests.test_inventory_minstock_alerts.TestLowStockNotifications" name="test_adjust_stock_creates_low_stock_notification" time="0.505" /><testcase classname="backend.tests.test_inventory_minstock_alerts.TestLowStockNotifications" name="test_notifications_include_low_stock_type" time="0.109" /><testcase classname="backend.tests.test_inventory_minstock_alerts.TestInventoryTableFeatures" name="test_inventory_returns_all_required_fields" time="0.111" /><testcase classname="backend.tests.test_inventory_minstock_alerts.TestInventoryTableFeatures" name="test_low_stock_only_filter" time="0.143" /><testcase classname="backend.tests.test_inventory_minstock_alerts.TestAlertToggle" name="test_disable_low_stock_alert" time="0.444" /></testsuite></testsuites>