<?xml version="1.0" encoding="utf-8"?><testsuites name="pytest tests"><testsuite name="pytest" errors="0" failures="0" skipped="0" tests="8" time="1.511" timestamp="2026-03-14T20:43:36.465142+00:00" hostname="agent-env-e4d34684-24f7-4868-8de0-9459656804b8"><testcase classname="backend.tests.test_inventory_edit_composite.TestCompositeProductPricing" name="test_composite_selling_price_update_succeeds" time="0.277" /><testcase classname="backend.tests.test_inventory_edit_composite.TestCompositeProductPricing" name="test_composite_purchase_price_update_blocked" time="0.126" /><testcase classname="backend.tests.test_inventory_edit_composite.TestCompositeProductPricing" name="test_composite_stock_change_blocked" time="0.149" /><testcase classname="backend.tests.test_inventory_edit_composite.TestRegularProductPricing" name="test_regular_product_selling_and_purchase_price_update" time="0.127" /><testcase classname="backend.tests.test_inventory_edit_composite.TestRegularProductPricing" name="test_regular_product_sku_and_location_update" time="0.132" /><testcase classname="backend.tests.test_inventory_edit_composite.TestInventoryListEndpoint" name="test_inventory_returns_product_type" time="0.134" /><testcase classname="backend.tests.test_inventory_edit_composite.TestInventoryListEndpoint" name="test_inventory_returns_purchase_price_for_seller" time="0.148" /><testcase classname="backend.tests.test_inventory_edit_composite.TestCompositePriceSyncToCollection" name="test_selling_price_sync_to_composite_products" time="0.357" /></testsuite></testsuites>