<?xml version="1.0" encoding="utf-8"?><testsuites name="pytest tests"><testsuite name="pytest" errors="0" failures="0" skipped="0" tests="12" time="3.788" timestamp="2026-03-14T21:56:20.260116+00:00" hostname="agent-env-9de085eb-1449-45e9-8079-f6401cbca80d"><testcase classname="backend.tests.test_invoice_payment_tracking.TestAddPaymentEndpoint" name="test_add_payment_with_all_fields" time="0.446" /><testcase classname="backend.tests.test_invoice_payment_tracking.TestAddPaymentEndpoint" name="test_add_payment_minimal_fields" time="0.118" /><testcase classname="backend.tests.test_invoice_payment_tracking.TestAddPaymentEndpoint" name="test_add_payment_bank_transfer" time="0.122" /><testcase classname="backend.tests.test_invoice_payment_tracking.TestAutoRecalculation" name="test_invoice_totals_updated_after_payment" time="0.315" /><testcase classname="backend.tests.test_invoice_payment_tracking.TestStatusTransitions" name="test_status_changes_to_partially_paid" time="0.292" /><testcase classname="backend.tests.test_invoice_payment_tracking.TestPaymentExceedingPending" name="test_payment_exceeding_pending_rejected" time="0.223" /><testcase classname="backend.tests.test_invoice_payment_tracking.TestListPayments" name="test_list_payments_returns_summary" time="0.214" /><testcase classname="backend.tests.test_invoice_payment_tracking.TestListPayments" name="test_invoice_detail_includes_payments" time="0.237" /><testcase classname="backend.tests.test_invoice_payment_tracking.TestDeletePayment" name="test_delete_payment_and_recalculate" time="0.434" /><testcase classname="backend.tests.test_invoice_payment_tracking.TestMultiplePartialPayments" name="test_three_payments_different_methods" time="0.690" /><testcase classname="backend.tests.test_invoice_payment_tracking.TestFullPaymentToStatus" name="test_full_payment_sets_status_paid" time="0.500" /><testcase classname="backend.tests.test_invoice_payment_tracking.TestInvoiceListShowsPaidPending" name="test_list_invoices_has_paid_pending_fields" time="0.114" /></testsuite></testsuites>