<?xml version="1.0" encoding="utf-8"?><testsuites name="pytest tests"><testsuite name="pytest" errors="0" failures="0" skipped="0" tests="20" time="3.720" timestamp="2026-03-15T04:32:49.916203+00:00" hostname="agent-env-9de085eb-1449-45e9-8079-f6401cbca80d"><testcase classname="backend.tests.test_invoice_phase2_features.TestReceiptValidation" name="test_upi_payment_without_receipt_returns_400" time="0.563" /><testcase classname="backend.tests.test_invoice_phase2_features.TestReceiptValidation" name="test_bank_transfer_without_receipt_returns_400" time="0.110" /><testcase classname="backend.tests.test_invoice_phase2_features.TestReceiptValidation" name="test_cheque_without_receipt_returns_400" time="0.120" /><testcase classname="backend.tests.test_invoice_phase2_features.TestReceiptValidation" name="test_cash_payment_without_receipt_succeeds" time="0.151" /><testcase classname="backend.tests.test_invoice_phase2_features.TestReceiptValidation" name="test_other_payment_without_receipt_succeeds" time="0.141" /><testcase classname="backend.tests.test_invoice_phase2_features.TestReceiptValidation" name="test_upi_with_receipt_succeeds" time="0.109" /><testcase classname="backend.tests.test_invoice_phase2_features.TestReceiptValidation" name="test_invoice_detail_includes_receipts" time="0.112" /><testcase classname="backend.tests.test_invoice_phase2_features.TestReminderSettings" name="test_get_default_reminder_settings" time="0.107" /><testcase classname="backend.tests.test_invoice_phase2_features.TestReminderSettings" name="test_update_reminder_settings" time="0.252" /><testcase classname="backend.tests.test_invoice_phase2_features.TestReminderSettings" name="test_restore_default_reminder_settings" time="0.109" /><testcase classname="backend.tests.test_invoice_phase2_features.TestInvoiceReminders" name="test_get_invoice_reminders" time="0.104" /><testcase classname="backend.tests.test_invoice_phase2_features.TestWhatsAppLink" name="test_whatsapp_link_default_followup" time="0.278" /><testcase classname="backend.tests.test_invoice_phase2_features.TestWhatsAppLink" name="test_whatsapp_link_overdue_type" time="0.109" /><testcase classname="backend.tests.test_invoice_phase2_features.TestWhatsAppLink" name="test_whatsapp_link_indian_phone_format" time="0.114" /><testcase classname="backend.tests.test_invoice_phase2_features.TestDueDaysField" name="test_create_invoice_with_duedays" time="0.338" /><testcase classname="backend.tests.test_invoice_phase2_features.TestDueDaysField" name="test_invoice_list_includes_duedays" time="0.104" /><testcase classname="backend.tests.test_invoice_phase2_features.TestOverdueDetection" name="test_invoice_list_triggers_overdue_check" time="0.114" /><testcase classname="backend.tests.test_invoice_phase2_features.TestPdfWithPaymentSummary" name="test_pdf_endpoint_returns_binary" time="0.250" /><testcase classname="backend.tests.test_invoice_phase2_features.TestPdfWithPaymentSummary" name="test_pdf_filename_header" time="0.336" /><testcase classname="backend.tests.test_invoice_phase2_features.TestInvoiceListPaymentColumns" name="test_invoice_list_has_paid_pending_columns" time="0.113" /></testsuite></testsuites>