<?xml version="1.0" encoding="utf-8"?><testsuites name="pytest tests"><testsuite name="pytest" errors="0" failures="0" skipped="0" tests="42" time="0.529" timestamp="2026-03-18T18:01:50.793032+00:00" hostname="agent-env-a8886397-424a-401d-aa77-6e196b29a668"><testcase classname="tests.test_invoice_freight_tcs_roundoff.TestAdditionalChargeModel" name="test_additional_charge_fixed_type" time="0.000" /><testcase classname="tests.test_invoice_freight_tcs_roundoff.TestAdditionalChargeModel" name="test_additional_charge_percentage_type" time="0.000" /><testcase classname="tests.test_invoice_freight_tcs_roundoff.TestAdditionalChargeModel" name="test_additional_charge_default_type" time="0.000" /><testcase classname="tests.test_invoice_freight_tcs_roundoff.TestInvoiceCreateModel" name="test_invoice_create_with_payment_terms" time="0.000" /><testcase classname="tests.test_invoice_freight_tcs_roundoff.TestInvoiceCreateModel" name="test_invoice_create_with_freight" time="0.000" /><testcase classname="tests.test_invoice_freight_tcs_roundoff.TestInvoiceCreateModel" name="test_invoice_create_with_tcs_enabled" time="0.000" /><testcase classname="tests.test_invoice_freight_tcs_roundoff.TestInvoiceCreateModel" name="test_invoice_create_tcs_default_values" time="0.000" /><testcase classname="tests.test_invoice_freight_tcs_roundoff.TestInvoiceCreateModel" name="test_invoice_create_tcs_percent_validation_max" time="0.000" /><testcase classname="tests.test_invoice_freight_tcs_roundoff.TestInvoiceCreateModel" name="test_invoice_create_tcs_percent_validation_min" time="0.000" /><testcase classname="tests.test_invoice_freight_tcs_roundoff.TestInvoiceCreateModel" name="test_invoice_create_backwards_compatible" time="0.000" /><testcase classname="tests.test_invoice_freight_tcs_roundoff.TestInvoiceCalculations" name="test_tcs_calculation_on_subtotal_plus_gst" time="0.000" /><testcase classname="tests.test_invoice_freight_tcs_roundoff.TestInvoiceCalculations" name="test_round_off_calculation" time="0.000" /><testcase classname="tests.test_invoice_freight_tcs_roundoff.TestInvoiceCalculations" name="test_round_off_negative" time="0.000" /><testcase classname="tests.test_invoice_freight_tcs_roundoff.TestInvoiceCalculations" name="test_freight_fixed_amount" time="0.000" /><testcase classname="tests.test_invoice_freight_tcs_roundoff.TestInvoiceCalculations" name="test_full_invoice_calculation" time="0.000" /><testcase classname="tests.test_invoice_freight_tcs_roundoff.TestInvoicePDFGeneration" name="test_pdf_with_payment_terms" time="0.008" /><testcase classname="tests.test_invoice_freight_tcs_roundoff.TestInvoicePDFGeneration" name="test_pdf_with_freight_charge" time="0.006" /><testcase classname="tests.test_invoice_freight_tcs_roundoff.TestInvoicePDFGeneration" name="test_pdf_with_tcs" time="0.006" /><testcase classname="tests.test_invoice_freight_tcs_roundoff.TestInvoicePDFGeneration" name="test_pdf_with_round_off_positive" time="0.006" /><testcase classname="tests.test_invoice_freight_tcs_roundoff.TestInvoicePDFGeneration" name="test_pdf_with_round_off_negative" time="0.006" /><testcase classname="tests.test_invoice_freight_tcs_roundoff.TestInvoicePDFGeneration" name="test_pdf_with_all_new_fields" time="0.007" /><testcase classname="tests.test_invoice_freight_tcs_roundoff.TestInvoicePDFGeneration" name="test_pdf_without_new_fields_backwards_compatible" time="0.006" /><testcase classname="tests.test_invoice_freight_tcs_roundoff.TestInvoicePDFGeneration" name="test_pdf_with_multiple_additional_charges" time="0.007" /><testcase classname="tests.test_invoice_freight_tcs_roundoff.TestFrontendDataTestIds" name="test_data_testid_attributes_exist" time="0.000" /><testcase classname="tests.test_invoice_pdf_addresses.TestInvoicePDFNoQRCode" name="test_pdf_generates_without_qrcode_import" time="0.007" /><testcase classname="tests.test_invoice_pdf_addresses.TestInvoicePDFNoQRCode" name="test_no_qrcode_in_source_code" time="0.001" /><testcase classname="tests.test_invoice_pdf_addresses.TestInvoicePDFBillingShippingLayout" name="test_pdf_with_different_shipping_address" time="0.008" /><testcase classname="tests.test_invoice_pdf_addresses.TestInvoicePDFBillingShippingLayout" name="test_pdf_without_shipping_address_shows_same_as_billing" time="0.008" /><testcase classname="tests.test_invoice_pdf_addresses.TestInvoicePDFBillingShippingLayout" name="test_pdf_with_none_shipping_address" time="0.008" /><testcase classname="tests.test_invoice_pdf_addresses.TestInvoicePDFBillingShippingLayout" name="test_pdf_with_same_shipping_as_billing" time="0.008" /><testcase classname="tests.test_invoice_pdf_addresses.TestInvoicePDFBillingShippingLayout" name="test_shipping_address_with_contact_person" time="0.008" /><testcase classname="tests.test_invoice_pdf_addresses.TestInvoicePDFCopyTypes" name="test_original_copy" time="0.008" /><testcase classname="tests.test_invoice_pdf_addresses.TestInvoicePDFCopyTypes" name="test_transporter_copy" time="0.007" /><testcase classname="tests.test_invoice_pdf_addresses.TestInvoicePDFCopyTypes" name="test_supplier_copy" time="0.008" /><testcase classname="tests.test_invoice_pdf_addresses.TestInvoicePDFCopyTypes" name="test_office_copy" time="0.007" /><testcase classname="tests.test_invoice_pdf_addresses.TestInvoiceMergedPDF" name="test_merged_pdf_all_copies" time="0.068" /><testcase classname="tests.test_invoice_pdf_addresses.TestInvoiceMergedPDF" name="test_merged_pdf_two_copies" time="0.016" /><testcase classname="tests.test_invoice_pdf_addresses.TestInvoiceMergedPDF" name="test_merged_pdf_single_copy" time="0.008" /><testcase classname="tests.test_invoice_pdf_addresses.TestSellerDetailsFullWidth" name="test_seller_with_all_details" time="0.008" /><testcase classname="tests.test_invoice_pdf_addresses.TestSellerDetailsFullWidth" name="test_seller_minimal_details" time="0.007" /><testcase classname="tests.test_invoice_pdf_addresses.TestGSTCalculation" name="test_intra_state_cgst_sgst" time="0.007" /><testcase classname="tests.test_invoice_pdf_addresses.TestGSTCalculation" name="test_inter_state_igst" time="0.007" /></testsuite></testsuites>