<?xml version="1.0" encoding="utf-8"?><testsuites name="pytest tests"><testsuite name="pytest" errors="0" failures="0" skipped="1" tests="18" time="3.225" timestamp="2026-03-22T18:42:29.172286+00:00" hostname="agent-env-1032f486-f774-4ef1-94c3-c9ada85b802d"><testcase classname="backend.tests.test_iteration110_module_fields.TestModuleFieldsEndpoint" name="test_inventory_module_fields" time="0.235" /><testcase classname="backend.tests.test_iteration110_module_fields.TestModuleFieldsEndpoint" name="test_invoices_module_fields" time="0.115" /><testcase classname="backend.tests.test_iteration110_module_fields.TestModuleFieldsEndpoint" name="test_buyers_module_fields" time="0.129" /><testcase classname="backend.tests.test_iteration110_module_fields.TestModuleFieldsEndpoint" name="test_suppliers_module_fields" time="0.121" /><testcase classname="backend.tests.test_iteration110_module_fields.TestModuleFieldsEndpoint" name="test_purchase_orders_module_fields" time="0.143" /><testcase classname="backend.tests.test_iteration110_module_fields.TestModuleFieldsEndpoint" name="test_quotations_module_fields" time="0.108" /><testcase classname="backend.tests.test_iteration110_module_fields.TestModuleFieldsEndpoint" name="test_composite_products_module_fields" time="0.140" /><testcase classname="backend.tests.test_iteration110_module_fields.TestModuleFieldsEndpoint" name="test_employees_module_fields" time="0.106" /><testcase classname="backend.tests.test_iteration110_module_fields.TestModuleFieldsEndpoint" name="test_invalid_module_returns_400" time="0.117" /><testcase classname="backend.tests.test_iteration110_module_fields.TestModuleFieldsEndpoint" name="test_nonexistent_panel_returns_404" time="0.121" /><testcase classname="backend.tests.test_iteration110_module_fields.TestCustomPanelModuleFields" name="test_custom_panel_excludes_relation_fields" time="0.332" /><testcase classname="backend.tests.test_iteration110_module_fields.TestAutoCreatedRelationFields" name="test_auto_created_inventory_relation_has_system_managed" time="0.240" /><testcase classname="backend.tests.test_iteration110_module_fields.TestAutoCreatedRelationFields" name="test_auto_created_invoice_relation_has_system_managed" time="0.216" /><testcase classname="backend.tests.test_iteration110_module_fields.TestBindingFieldStorage" name="test_binding_field_not_stored_bug" time="0.275"><skipped type="pytest.skip" message="KNOWN BUG: bindingField is not stored in backend. PanelFieldInput model needs bindingField: Optional[str] = None">/app/backend/tests/test_iteration110_module_fields.py:324: KNOWN BUG: bindingField is not stored in backend. PanelFieldInput model needs bindingField: Optional[str] = None</skipped></testcase><testcase classname="backend.tests.test_iteration110_module_fields.TestAutomationWithBindingField" name="test_automation_rules_list" time="0.388" /><testcase classname="backend.tests.test_iteration110_module_fields.TestAutomationWithBindingField" name="test_automation_logs_list" time="0.112" /><testcase classname="backend.tests.test_iteration110_module_fields.TestEndpointRouting" name="test_module_fields_not_confused_with_panel_id" time="0.124" /><testcase classname="backend.tests.test_iteration110_module_fields.TestEndpointRouting" name="test_linkable_targets_still_works" time="0.100" /></testsuite></testsuites>