<?xml version="1.0" encoding="utf-8"?><testsuites name="pytest tests"><testsuite name="pytest" errors="0" failures="0" skipped="0" tests="19" time="1.751" timestamp="2026-02-22T18:10:40.000018+00:00" hostname="agent-env-7b77a0ac-d7f3-422a-b242-9cc970f24f94"><testcase classname="backend.tests.test_listing_publish_validation.TestListingPublishValidation" name="test_publish_requires_pricing_tiers" time="0.159" /><testcase classname="backend.tests.test_listing_publish_validation.TestListingPublishValidation" name="test_publish_endpoint_exists" time="0.129" /><testcase classname="backend.tests.test_listing_publish_validation.TestListingPublishValidation" name="test_validate_endpoint_exists" time="0.146" /><testcase classname="backend.tests.test_listing_publish_validation.TestListingPublishValidation" name="test_validate_returns_completeness_info" time="0.108" /><testcase classname="backend.tests.test_listing_publish_validation.TestListingPublishValidation" name="test_draft_listing_allows_incomplete" time="0.185" /><testcase classname="backend.tests.test_listing_publish_validation.TestListingPublishValidation" name="test_banned_seller_cannot_publish" time="0.001" /><testcase classname="backend.tests.test_listing_publish_validation.TestListingPublishValidation" name="test_publish_error_includes_missing_fields_array" time="0.116" /><testcase classname="backend.tests.test_listing_publish_validation.TestListingPublishValidation" name="test_publish_error_includes_field_errors_object" time="0.169" /><testcase classname="backend.tests.test_listing_publish_validation.TestListingPublishValidation" name="test_validate_checks_all_required_fields" time="0.133" /><testcase classname="backend.tests.test_listing_publish_validation.TestListingPublishValidation" name="test_validate_returns_gst_status" time="0.150" /><testcase classname="backend.tests.test_listing_publish_validation.TestListingPublishValidation" name="test_validate_returns_account_status" time="0.118" /><testcase classname="backend.tests.test_listing_publish_validation.TestSellerProductsPublishEndpoint" name="test_seller_publish_endpoint_exists" time="0.134" /><testcase classname="backend.tests.test_listing_publish_validation.TestSellerProductsPublishEndpoint" name="test_seller_validate_endpoint_exists" time="0.136" /><testcase classname="backend.tests.test_listing_publish_validation.TestValidationFieldRequirements" name="test_pricing_tiers_must_have_items" time="0.001" /><testcase classname="backend.tests.test_listing_publish_validation.TestValidationFieldRequirements" name="test_moq_must_be_greater_than_zero" time="0.000" /><testcase classname="backend.tests.test_listing_publish_validation.TestValidationFieldRequirements" name="test_stock_must_be_greater_than_zero" time="0.000" /><testcase classname="backend.tests.test_listing_publish_validation.TestValidationFieldRequirements" name="test_max_capacity_must_be_greater_than_zero" time="0.000" /><testcase classname="backend.tests.test_listing_publish_validation.TestValidationFieldRequirements" name="test_images_must_have_items" time="0.000" /><testcase classname="backend.tests.test_listing_publish_validation.TestValidationFieldRequirements" name="test_variant_id_must_not_be_null" time="0.000" /></testsuite></testsuites>