<?xml version="1.0" encoding="utf-8"?><testsuites name="pytest tests"><testsuite name="pytest" errors="0" failures="0" skipped="0" tests="8" time="1.855" timestamp="2026-02-24T17:44:01.508484+00:00" hostname="agent-env-1aa98490-87eb-4a74-96c8-4671ffab3db3"><testcase classname="backend.tests.test_location_search_fix.TestLocationSearchFix" name="test_location_search_del_returns_delhi" time="0.319" /><testcase classname="backend.tests.test_location_search_fix.TestLocationSearchFix" name="test_location_search_returns_structured_data" time="0.170" /><testcase classname="backend.tests.test_location_search_fix.TestLocationSearchFix" name="test_location_search_with_empty_query_returns_error_or_empty" time="0.135" /><testcase classname="backend.tests.test_location_search_fix.TestLocationSearchFix" name="test_location_search_pan_india_option" time="0.136" /><testcase classname="backend.tests.test_location_search_fix.TestLocationSearchFix" name="test_location_check_endpoint" time="0.185" /><testcase classname="backend.tests.test_location_search_fix.TestLocationSearchFix" name="test_location_check_no_sellers_provides_alternatives" time="0.166" /><testcase classname="backend.tests.test_location_search_fix.TestSearchEndpoint" name="test_search_endpoint_returns_results" time="0.225" /><testcase classname="backend.tests.test_location_search_fix.TestSearchEndpoint" name="test_search_with_city_filter" time="0.367" /></testsuite></testsuites>