<?xml version="1.0" encoding="utf-8"?><testsuites name="pytest tests"><testsuite name="pytest" errors="0" failures="0" skipped="0" tests="14" time="0.487" timestamp="2026-03-15T16:12:43.595671+00:00" hostname="agent-env-fdea3ed7-0102-4de3-8722-ab08e95a6a26"><testcase classname="tests.test_low_stock_alert_workflow.TestSupplierProductMapping" name="test_create_supplier_with_products" time="0.301" /><testcase classname="tests.test_low_stock_alert_workflow.TestSupplierProductMapping" name="test_get_supplier_returns_products" time="0.002" /><testcase classname="tests.test_low_stock_alert_workflow.TestSupplierProductMapping" name="test_update_supplier_replaces_products" time="0.002" /><testcase classname="tests.test_low_stock_alert_workflow.TestSupplierProductMapping" name="test_delete_supplier_removes_products" time="0.003" /><testcase classname="tests.test_low_stock_alert_workflow.TestSuppliersForListing" name="test_get_suppliers_for_listing" time="0.002" /><testcase classname="tests.test_low_stock_alert_workflow.TestLowStockAlerts" name="test_low_stock_alert_creation" time="0.028" /><testcase classname="tests.test_low_stock_alert_workflow.TestLowStockAlerts" name="test_low_stock_alert_deduplication" time="0.001" /><testcase classname="tests.test_low_stock_alert_workflow.TestLowStockAlerts" name="test_get_low_stock_alerts" time="0.001" /><testcase classname="tests.test_low_stock_alert_workflow.TestLowStockAlerts" name="test_get_low_stock_alerts_with_status_filter" time="0.001" /><testcase classname="tests.test_low_stock_alert_workflow.TestLowStockAlerts" name="test_get_order_details" time="0.003" /><testcase classname="tests.test_low_stock_alert_workflow.TestAlertStatusUpdate" name="test_update_alert_status_ordered" time="0.002" /><testcase classname="tests.test_low_stock_alert_workflow.TestAlertStatusUpdate" name="test_update_alert_status_ignored" time="0.002" /><testcase classname="tests.test_low_stock_alert_workflow.TestCollectionSchema" name="test_supplier_products_collection_schema" time="0.001" /><testcase classname="tests.test_low_stock_alert_workflow.TestCollectionSchema" name="test_low_stock_alerts_collection_schema" time="0.003" /></testsuite></testsuites>