<?xml version="1.0" encoding="utf-8"?><testsuites name="pytest tests"><testsuite name="pytest" errors="0" failures="1" skipped="0" tests="11" time="2.066" timestamp="2026-03-19T16:15:04.749219+00:00" hostname="agent-env-7c7b7c05-8d4c-4cb9-a623-831a10880b6c"><testcase classname="backend.tests.test_offline_sync_pwa.TestPWAAssets" name="test_manifest_json_available" time="0.237" /><testcase classname="backend.tests.test_offline_sync_pwa.TestPWAAssets" name="test_service_worker_available" time="0.162" /><testcase classname="backend.tests.test_offline_sync_pwa.TestOfflineSyncEndpoint" name="test_sync_endpoint_requires_auth" time="0.124" /><testcase classname="backend.tests.test_offline_sync_pwa.TestOfflineSyncEndpoint" name="test_sync_endpoint_rejects_invalid_token" time="0.179" /><testcase classname="backend.tests.test_offline_sync_pwa.TestBusinessToolsPages" name="test_business_tools_dashboard_page_loads" time="0.153" /><testcase classname="backend.tests.test_offline_sync_pwa.TestBusinessToolsPages" name="test_invoices_page_loads" time="0.179" /><testcase classname="backend.tests.test_offline_sync_pwa.TestInvoiceAPIEndpoints" name="test_invoices_list_requires_auth" time="0.117" /><testcase classname="backend.tests.test_offline_sync_pwa.TestInvoiceAPIEndpoints" name="test_invoice_products_requires_auth" time="0.127" /><testcase classname="backend.tests.test_offline_sync_pwa.TestInvoiceAPIEndpoints" name="test_check_stock_requires_auth" time="0.116" /><testcase classname="backend.tests.test_offline_sync_pwa.TestNetworkContext" name="test_business_tools_layout_has_network_provider" time="0.183"><failure message="assert ('NetworkProvider' in '&lt;!DOCTYPE html&gt;&lt;html lang=&quot;en&quot;&gt;&lt;head&gt;&lt;meta charSet=&quot;utf-8&quot;/&gt;&lt;meta name=&quot;viewport&quot; content=&quot;width=device-width, initial-scale=1&quot;/&gt;&lt;link rel=&quot;stylesheet&quot; href=&quot;/_next/static/chunks/%5Broot-of-the-server%5D__24c846ab._.css&quot; data-precedence=&quot;next_static/chunks/[root-of-the-server]__24c846ab._.css&quot;/&gt;&lt;link rel=&quot;preload&quot; as=&quot;script&quot; fetchPriority=&quot;low&quot; href=&quot;/_next/static/chunks/%5Bturbopack%5D_browser_dev_hmr-client_hmr-client_ts_27729caf._.js&quot;/&gt;&lt;script src=&quot;/_next/static/chunks/node_modules_next_dist_compiled_react-dom_1e674e59._.js&quot; async=&quot;&quot;&gt;&lt;/script&gt;&lt;script src=&quot;/_next/static/chunks/node_modules_next_dist_compiled_react-server-dom-turbopack_9212ccad._.js&quot; async=&quot;&quot;&gt;&lt;/script&gt;&lt;script src=&quot;/_next/static/chunks/node_modules_next_dist_compiled_next-devtools_index_1dd7fb59.js&quot; async=&quot;&quot;&gt;&lt;/script&gt;&lt;script src=&quot;/_next/static/chunks/node_modules_next_dist_compiled_a0e4c7b4._.js&quot; async=&quot;&quot;&gt;&lt;/script&gt;&lt;script src=&quot;/_next/static/chunks/node_modules_next_dist_client_17643121._.js&quot; async=&quot;&quot;&gt;&lt;/script&gt;&lt;script src=&quot;/_next/static/chunks/node_modules_next_dist_f3530cac._.js&quot; async=&quot;&quot;&gt;&lt;/script&gt;&lt;script src=&quot;/_next/static/chunks/4e2c9_%40swc_helpers_cjs_0c5313ba._.js&quot; async=&quot;&quot;&gt;&lt;/script&gt;&lt;script src=&quot;/_next/sta...touch-icon\\&quot;,\\&quot;href\\&quot;:\\&quot;https://customer-assets.emergentagent.com/job_59d69e96-5add-42b9-88de-4fe2b67c84c6/artifacts/o4stdhdf_image.png\\&quot;},\\&quot;$a1\\&quot;,\\&quot;$ca\\&quot;,0],[\\&quot;$\\&quot;,\\&quot;$Lcc\\&quot;,\\&quot;12\\&quot;,{},\\&quot;$a1\\&quot;,\\&quot;$cb\\&quot;,0]]\\n&quot;])&lt;/script&gt;&lt;script&gt;(function(){function c(){var b=a.contentDocument||a.contentWindow.document;if(b){var d=b.createElement(\'script\');d.innerHTML=&quot;window.__CF$cv$params={r:\'9dedc6202ffafa1f\',t:\'MTc3MzkzNjkwNg==\'};var a=document.createElement(\'script\');a.src=\'/cdn-cgi/challenge-platform/scripts/jsd/main.js\';document.getElementsByTagName(\'head\')[0].appendChild(a);&quot;;b.getElementsByTagName(\'head\')[0].appendChild(d)}}if(document.body){var a=document.createElement(\'iframe\');a.height=1;a.width=1;a.style.position=\'absolute\';a.style.top=0;a.style.left=0;a.style.border=\'none\';a.style.visibility=\'hidden\';document.body.appendChild(a);if(\'loading\'!==document.readyState)c();else if(window.addEventListener)document.addEventListener(\'DOMContentLoaded\',c);else{var e=document.onreadystatechange||function(){};document.onreadystatechange=function(b){e(b);\'loading\'!==document.readyState&amp;&amp;(document.onreadystatechange=e,c())}}}})();&lt;/script&gt;&lt;/body&gt;&lt;/html&gt;' or 'network' in '&lt;!doctype html&gt;&lt;html lang=&quot;en&quot;&gt;&lt;head&gt;&lt;meta charset=&quot;utf-8&quot;/&gt;&lt;meta name=&quot;viewport&quot; content=&quot;width=device-width, initial-scale=1&quot;/&gt;&lt;link rel=&quot;stylesheet&quot; href=&quot;/_next/static/chunks/%5broot-of-the-server%5d__24c846ab._.css&quot; data-precedence=&quot;next_static/chunks/[root-of-the-server]__24c846ab._.css&quot;/&gt;&lt;link rel=&quot;preload&quot; as=&quot;script&quot; fetchpriority=&quot;low&quot; href=&quot;/_next/static/chunks/%5bturbopack%5d_browser_dev_hmr-client_hmr-client_ts_27729caf._.js&quot;/&gt;&lt;script src=&quot;/_next/static/chunks/node_modules_next_dist_compiled_react-dom_1e674e59._.js&quot; async=&quot;&quot;&gt;&lt;/script&gt;&lt;script src=&quot;/_next/static/chunks/node_modules_next_dist_compiled_react-server-dom-turbopack_9212ccad._.js&quot; async=&quot;&quot;&gt;&lt;/script&gt;&lt;script src=&quot;/_next/static/chunks/node_modules_next_dist_compiled_next-devtools_index_1dd7fb59.js&quot; async=&quot;&quot;&gt;&lt;/script&gt;&lt;script src=&quot;/_next/static/chunks/node_modules_next_dist_compiled_a0e4c7b4._.js&quot; async=&quot;&quot;&gt;&lt;/script&gt;&lt;script src=&quot;/_next/static/chunks/node_modules_next_dist_client_17643121._.js&quot; async=&quot;&quot;&gt;&lt;/script&gt;&lt;script src=&quot;/_next/static/chunks/node_modules_next_dist_f3530cac._.js&quot; async=&quot;&quot;&gt;&lt;/script&gt;&lt;script src=&quot;/_next/static/chunks/4e2c9_%40swc_helpers_cjs_0c5313ba._.js&quot; async=&quot;&quot;&gt;&lt;/script&gt;&lt;script src=&quot;/_next/sta...touch-icon\\&quot;,\\&quot;href\\&quot;:\\&quot;https://customer-assets.emergentagent.com/job_59d69e96-5add-42b9-88de-4fe2b67c84c6/artifacts/o4stdhdf_image.png\\&quot;},\\&quot;$a1\\&quot;,\\&quot;$ca\\&quot;,0],[\\&quot;$\\&quot;,\\&quot;$lcc\\&quot;,\\&quot;12\\&quot;,{},\\&quot;$a1\\&quot;,\\&quot;$cb\\&quot;,0]]\\n&quot;])&lt;/script&gt;&lt;script&gt;(function(){function c(){var b=a.contentdocument||a.contentwindow.document;if(b){var d=b.createelement(\'script\');d.innerhtml=&quot;window.__cf$cv$params={r:\'9dedc6202ffafa1f\',t:\'mtc3mzkznjkwng==\'};var a=document.createelement(\'script\');a.src=\'/cdn-cgi/challenge-platform/scripts/jsd/main.js\';document.getelementsbytagname(\'head\')[0].appendchild(a);&quot;;b.getelementsbytagname(\'head\')[0].appendchild(d)}}if(document.body){var a=document.createelement(\'iframe\');a.height=1;a.width=1;a.style.position=\'absolute\';a.style.top=0;a.style.left=0;a.style.border=\'none\';a.style.visibility=\'hidden\';document.body.appendchild(a);if(\'loading\'!==document.readystate)c();else if(window.addeventlistener)document.addeventlistener(\'domcontentloaded\',c);else{var e=document.onreadystatechange||function(){};document.onreadystatechange=function(b){e(b);\'loading\'!==document.readystate&amp;&amp;(document.onreadystatechange=e,c())}}}})();&lt;/script&gt;&lt;/body&gt;&lt;/html&gt;')&#10; +  where '&lt;!doctype html&gt;&lt;html lang=&quot;en&quot;&gt;&lt;head&gt;&lt;meta charset=&quot;utf-8&quot;/&gt;&lt;meta name=&quot;viewport&quot; content=&quot;width=device-width, initial-scale=1&quot;/&gt;&lt;link rel=&quot;stylesheet&quot; href=&quot;/_next/static/chunks/%5broot-of-the-server%5d__24c846ab._.css&quot; data-precedence=&quot;next_static/chunks/[root-of-the-server]__24c846ab._.css&quot;/&gt;&lt;link rel=&quot;preload&quot; as=&quot;script&quot; fetchpriority=&quot;low&quot; href=&quot;/_next/static/chunks/%5bturbopack%5d_browser_dev_hmr-client_hmr-client_ts_27729caf._.js&quot;/&gt;&lt;script src=&quot;/_next/static/chunks/node_modules_next_dist_compiled_react-dom_1e674e59._.js&quot; async=&quot;&quot;&gt;&lt;/script&gt;&lt;script src=&quot;/_next/static/chunks/node_modules_next_dist_compiled_react-server-dom-turbopack_9212ccad._.js&quot; async=&quot;&quot;&gt;&lt;/script&gt;&lt;script src=&quot;/_next/static/chunks/node_modules_next_dist_compiled_next-devtools_index_1dd7fb59.js&quot; async=&quot;&quot;&gt;&lt;/script&gt;&lt;script src=&quot;/_next/static/chunks/node_modules_next_dist_compiled_a0e4c7b4._.js&quot; async=&quot;&quot;&gt;&lt;/script&gt;&lt;script src=&quot;/_next/static/chunks/node_modules_next_dist_client_17643121._.js&quot; async=&quot;&quot;&gt;&lt;/script&gt;&lt;script src=&quot;/_next/static/chunks/node_modules_next_dist_f3530cac._.js&quot; async=&quot;&quot;&gt;&lt;/script&gt;&lt;script src=&quot;/_next/static/chunks/4e2c9_%40swc_helpers_cjs_0c5313ba._.js&quot; async=&quot;&quot;&gt;&lt;/script&gt;&lt;script src=&quot;/_next/sta...touch-icon\\&quot;,\\&quot;href\\&quot;:\\&quot;https://customer-assets.emergentagent.com/job_59d69e96-5add-42b9-88de-4fe2b67c84c6/artifacts/o4stdhdf_image.png\\&quot;},\\&quot;$a1\\&quot;,\\&quot;$ca\\&quot;,0],[\\&quot;$\\&quot;,\\&quot;$lcc\\&quot;,\\&quot;12\\&quot;,{},\\&quot;$a1\\&quot;,\\&quot;$cb\\&quot;,0]]\\n&quot;])&lt;/script&gt;&lt;script&gt;(function(){function c(){var b=a.contentdocument||a.contentwindow.document;if(b){var d=b.createelement(\'script\');d.innerhtml=&quot;window.__cf$cv$params={r:\'9dedc6202ffafa1f\',t:\'mtc3mzkznjkwng==\'};var a=document.createelement(\'script\');a.src=\'/cdn-cgi/challenge-platform/scripts/jsd/main.js\';document.getelementsbytagname(\'head\')[0].appendchild(a);&quot;;b.getelementsbytagname(\'head\')[0].appendchild(d)}}if(document.body){var a=document.createelement(\'iframe\');a.height=1;a.width=1;a.style.position=\'absolute\';a.style.top=0;a.style.left=0;a.style.border=\'none\';a.style.visibility=\'hidden\';document.body.appendchild(a);if(\'loading\'!==document.readystate)c();else if(window.addeventlistener)document.addeventlistener(\'domcontentloaded\',c);else{var e=document.onreadystatechange||function(){};document.onreadystatechange=function(b){e(b);\'loading\'!==document.readystate&amp;&amp;(document.onreadystatechange=e,c())}}}})();&lt;/script&gt;&lt;/body&gt;&lt;/html&gt;' = &lt;built-in method lower of str object at 0xab8eea1d40b0&gt;()&#10; +    where &lt;built-in method lower of str object at 0xab8eea1d40b0&gt; = '&lt;!DOCTYPE html&gt;&lt;html lang=&quot;en&quot;&gt;&lt;head&gt;&lt;meta charSet=&quot;utf-8&quot;/&gt;&lt;meta name=&quot;viewport&quot; content=&quot;width=device-width, initial-scale=1&quot;/&gt;&lt;link rel=&quot;stylesheet&quot; href=&quot;/_next/static/chunks/%5Broot-of-the-server%5D__24c846ab._.css&quot; data-precedence=&quot;next_static/chunks/[root-of-the-server]__24c846ab._.css&quot;/&gt;&lt;link rel=&quot;preload&quot; as=&quot;script&quot; fetchPriority=&quot;low&quot; href=&quot;/_next/static/chunks/%5Bturbopack%5D_browser_dev_hmr-client_hmr-client_ts_27729caf._.js&quot;/&gt;&lt;script src=&quot;/_next/static/chunks/node_modules_next_dist_compiled_react-dom_1e674e59._.js&quot; async=&quot;&quot;&gt;&lt;/script&gt;&lt;script src=&quot;/_next/static/chunks/node_modules_next_dist_compiled_react-server-dom-turbopack_9212ccad._.js&quot; async=&quot;&quot;&gt;&lt;/script&gt;&lt;script src=&quot;/_next/static/chunks/node_modules_next_dist_compiled_next-devtools_index_1dd7fb59.js&quot; async=&quot;&quot;&gt;&lt;/script&gt;&lt;script src=&quot;/_next/static/chunks/node_modules_next_dist_compiled_a0e4c7b4._.js&quot; async=&quot;&quot;&gt;&lt;/script&gt;&lt;script src=&quot;/_next/static/chunks/node_modules_next_dist_client_17643121._.js&quot; async=&quot;&quot;&gt;&lt;/script&gt;&lt;script src=&quot;/_next/static/chunks/node_modules_next_dist_f3530cac._.js&quot; async=&quot;&quot;&gt;&lt;/script&gt;&lt;script src=&quot;/_next/static/chunks/4e2c9_%40swc_helpers_cjs_0c5313ba._.js&quot; async=&quot;&quot;&gt;&lt;/script&gt;&lt;script src=&quot;/_next/sta...touch-icon\\&quot;,\\&quot;href\\&quot;:\\&quot;https://customer-assets.emergentagent.com/job_59d69e96-5add-42b9-88de-4fe2b67c84c6/artifacts/o4stdhdf_image.png\\&quot;},\\&quot;$a1\\&quot;,\\&quot;$ca\\&quot;,0],[\\&quot;$\\&quot;,\\&quot;$Lcc\\&quot;,\\&quot;12\\&quot;,{},\\&quot;$a1\\&quot;,\\&quot;$cb\\&quot;,0]]\\n&quot;])&lt;/script&gt;&lt;script&gt;(function(){function c(){var b=a.contentDocument||a.contentWindow.document;if(b){var d=b.createElement(\'script\');d.innerHTML=&quot;window.__CF$cv$params={r:\'9dedc6202ffafa1f\',t:\'MTc3MzkzNjkwNg==\'};var a=document.createElement(\'script\');a.src=\'/cdn-cgi/challenge-platform/scripts/jsd/main.js\';document.getElementsByTagName(\'head\')[0].appendChild(a);&quot;;b.getElementsByTagName(\'head\')[0].appendChild(d)}}if(document.body){var a=document.createElement(\'iframe\');a.height=1;a.width=1;a.style.position=\'absolute\';a.style.top=0;a.style.left=0;a.style.border=\'none\';a.style.visibility=\'hidden\';document.body.appendChild(a);if(\'loading\'!==document.readyState)c();else if(window.addEventListener)document.addEventListener(\'DOMContentLoaded\',c);else{var e=document.onreadystatechange||function(){};document.onreadystatechange=function(b){e(b);\'loading\'!==document.readyState&amp;&amp;(document.onreadystatechange=e,c())}}}})();&lt;/script&gt;&lt;/body&gt;&lt;/html&gt;'.lower">backend/tests/test_offline_sync_pwa.py:152: in test_business_tools_layout_has_network_provider
    assert "NetworkProvider" in content or "network" in content.lower()
E   assert ('NetworkProvider' in '&lt;!DOCTYPE html&gt;&lt;html lang="en"&gt;&lt;head&gt;&lt;meta charSet="utf-8"/&gt;&lt;meta name="viewport" content="width=device-width, initial-scale=1"/&gt;&lt;link rel="stylesheet" href="/_next/static/chunks/%5Broot-of-the-server%5D__24c846ab._.css" data-precedence="next_static/chunks/[root-of-the-server]__24c846ab._.css"/&gt;&lt;link rel="preload" as="script" fetchPriority="low" href="/_next/static/chunks/%5Bturbopack%5D_browser_dev_hmr-client_hmr-client_ts_27729caf._.js"/&gt;&lt;script src="/_next/static/chunks/node_modules_next_dist_compiled_react-dom_1e674e59._.js" async=""&gt;&lt;/script&gt;&lt;script src="/_next/static/chunks/node_modules_next_dist_compiled_react-server-dom-turbopack_9212ccad._.js" async=""&gt;&lt;/script&gt;&lt;script src="/_next/static/chunks/node_modules_next_dist_compiled_next-devtools_index_1dd7fb59.js" async=""&gt;&lt;/script&gt;&lt;script src="/_next/static/chunks/node_modules_next_dist_compiled_a0e4c7b4._.js" async=""&gt;&lt;/script&gt;&lt;script src="/_next/static/chunks/node_modules_next_dist_client_17643121._.js" async=""&gt;&lt;/script&gt;&lt;script src="/_next/static/chunks/node_modules_next_dist_f3530cac._.js" async=""&gt;&lt;/script&gt;&lt;script src="/_next/static/chunks/4e2c9_%40swc_helpers_cjs_0c5313ba._.js" async=""&gt;&lt;/script&gt;&lt;script src="/_next/sta...touch-icon\\",\\"href\\":\\"https://customer-assets.emergentagent.com/job_59d69e96-5add-42b9-88de-4fe2b67c84c6/artifacts/o4stdhdf_image.png\\"},\\"$a1\\",\\"$ca\\",0],[\\"$\\",\\"$Lcc\\",\\"12\\",{},\\"$a1\\",\\"$cb\\",0]]\\n"])&lt;/script&gt;&lt;script&gt;(function(){function c(){var b=a.contentDocument||a.contentWindow.document;if(b){var d=b.createElement(\'script\');d.innerHTML="window.__CF$cv$params={r:\'9dedc6202ffafa1f\',t:\'MTc3MzkzNjkwNg==\'};var a=document.createElement(\'script\');a.src=\'/cdn-cgi/challenge-platform/scripts/jsd/main.js\';document.getElementsByTagName(\'head\')[0].appendChild(a);";b.getElementsByTagName(\'head\')[0].appendChild(d)}}if(document.body){var a=document.createElement(\'iframe\');a.height=1;a.width=1;a.style.position=\'absolute\';a.style.top=0;a.style.left=0;a.style.border=\'none\';a.style.visibility=\'hidden\';document.body.appendChild(a);if(\'loading\'!==document.readyState)c();else if(window.addEventListener)document.addEventListener(\'DOMContentLoaded\',c);else{var e=document.onreadystatechange||function(){};document.onreadystatechange=function(b){e(b);\'loading\'!==document.readyState&amp;&amp;(document.onreadystatechange=e,c())}}}})();&lt;/script&gt;&lt;/body&gt;&lt;/html&gt;' or 'network' in '&lt;!doctype html&gt;&lt;html lang="en"&gt;&lt;head&gt;&lt;meta charset="utf-8"/&gt;&lt;meta name="viewport" content="width=device-width, initial-scale=1"/&gt;&lt;link rel="stylesheet" href="/_next/static/chunks/%5broot-of-the-server%5d__24c846ab._.css" data-precedence="next_static/chunks/[root-of-the-server]__24c846ab._.css"/&gt;&lt;link rel="preload" as="script" fetchpriority="low" href="/_next/static/chunks/%5bturbopack%5d_browser_dev_hmr-client_hmr-client_ts_27729caf._.js"/&gt;&lt;script src="/_next/static/chunks/node_modules_next_dist_compiled_react-dom_1e674e59._.js" async=""&gt;&lt;/script&gt;&lt;script src="/_next/static/chunks/node_modules_next_dist_compiled_react-server-dom-turbopack_9212ccad._.js" async=""&gt;&lt;/script&gt;&lt;script src="/_next/static/chunks/node_modules_next_dist_compiled_next-devtools_index_1dd7fb59.js" async=""&gt;&lt;/script&gt;&lt;script src="/_next/static/chunks/node_modules_next_dist_compiled_a0e4c7b4._.js" async=""&gt;&lt;/script&gt;&lt;script src="/_next/static/chunks/node_modules_next_dist_client_17643121._.js" async=""&gt;&lt;/script&gt;&lt;script src="/_next/static/chunks/node_modules_next_dist_f3530cac._.js" async=""&gt;&lt;/script&gt;&lt;script src="/_next/static/chunks/4e2c9_%40swc_helpers_cjs_0c5313ba._.js" async=""&gt;&lt;/script&gt;&lt;script src="/_next/sta...touch-icon\\",\\"href\\":\\"https://customer-assets.emergentagent.com/job_59d69e96-5add-42b9-88de-4fe2b67c84c6/artifacts/o4stdhdf_image.png\\"},\\"$a1\\",\\"$ca\\",0],[\\"$\\",\\"$lcc\\",\\"12\\",{},\\"$a1\\",\\"$cb\\",0]]\\n"])&lt;/script&gt;&lt;script&gt;(function(){function c(){var b=a.contentdocument||a.contentwindow.document;if(b){var d=b.createelement(\'script\');d.innerhtml="window.__cf$cv$params={r:\'9dedc6202ffafa1f\',t:\'mtc3mzkznjkwng==\'};var a=document.createelement(\'script\');a.src=\'/cdn-cgi/challenge-platform/scripts/jsd/main.js\';document.getelementsbytagname(\'head\')[0].appendchild(a);";b.getelementsbytagname(\'head\')[0].appendchild(d)}}if(document.body){var a=document.createelement(\'iframe\');a.height=1;a.width=1;a.style.position=\'absolute\';a.style.top=0;a.style.left=0;a.style.border=\'none\';a.style.visibility=\'hidden\';document.body.appendchild(a);if(\'loading\'!==document.readystate)c();else if(window.addeventlistener)document.addeventlistener(\'domcontentloaded\',c);else{var e=document.onreadystatechange||function(){};document.onreadystatechange=function(b){e(b);\'loading\'!==document.readystate&amp;&amp;(document.onreadystatechange=e,c())}}}})();&lt;/script&gt;&lt;/body&gt;&lt;/html&gt;')
E    +  where '&lt;!doctype html&gt;&lt;html lang="en"&gt;&lt;head&gt;&lt;meta charset="utf-8"/&gt;&lt;meta name="viewport" content="width=device-width, initial-scale=1"/&gt;&lt;link rel="stylesheet" href="/_next/static/chunks/%5broot-of-the-server%5d__24c846ab._.css" data-precedence="next_static/chunks/[root-of-the-server]__24c846ab._.css"/&gt;&lt;link rel="preload" as="script" fetchpriority="low" href="/_next/static/chunks/%5bturbopack%5d_browser_dev_hmr-client_hmr-client_ts_27729caf._.js"/&gt;&lt;script src="/_next/static/chunks/node_modules_next_dist_compiled_react-dom_1e674e59._.js" async=""&gt;&lt;/script&gt;&lt;script src="/_next/static/chunks/node_modules_next_dist_compiled_react-server-dom-turbopack_9212ccad._.js" async=""&gt;&lt;/script&gt;&lt;script src="/_next/static/chunks/node_modules_next_dist_compiled_next-devtools_index_1dd7fb59.js" async=""&gt;&lt;/script&gt;&lt;script src="/_next/static/chunks/node_modules_next_dist_compiled_a0e4c7b4._.js" async=""&gt;&lt;/script&gt;&lt;script src="/_next/static/chunks/node_modules_next_dist_client_17643121._.js" async=""&gt;&lt;/script&gt;&lt;script src="/_next/static/chunks/node_modules_next_dist_f3530cac._.js" async=""&gt;&lt;/script&gt;&lt;script src="/_next/static/chunks/4e2c9_%40swc_helpers_cjs_0c5313ba._.js" async=""&gt;&lt;/script&gt;&lt;script src="/_next/sta...touch-icon\\",\\"href\\":\\"https://customer-assets.emergentagent.com/job_59d69e96-5add-42b9-88de-4fe2b67c84c6/artifacts/o4stdhdf_image.png\\"},\\"$a1\\",\\"$ca\\",0],[\\"$\\",\\"$lcc\\",\\"12\\",{},\\"$a1\\",\\"$cb\\",0]]\\n"])&lt;/script&gt;&lt;script&gt;(function(){function c(){var b=a.contentdocument||a.contentwindow.document;if(b){var d=b.createelement(\'script\');d.innerhtml="window.__cf$cv$params={r:\'9dedc6202ffafa1f\',t:\'mtc3mzkznjkwng==\'};var a=document.createelement(\'script\');a.src=\'/cdn-cgi/challenge-platform/scripts/jsd/main.js\';document.getelementsbytagname(\'head\')[0].appendchild(a);";b.getelementsbytagname(\'head\')[0].appendchild(d)}}if(document.body){var a=document.createelement(\'iframe\');a.height=1;a.width=1;a.style.position=\'absolute\';a.style.top=0;a.style.left=0;a.style.border=\'none\';a.style.visibility=\'hidden\';document.body.appendchild(a);if(\'loading\'!==document.readystate)c();else if(window.addeventlistener)document.addeventlistener(\'domcontentloaded\',c);else{var e=document.onreadystatechange||function(){};document.onreadystatechange=function(b){e(b);\'loading\'!==document.readystate&amp;&amp;(document.onreadystatechange=e,c())}}}})();&lt;/script&gt;&lt;/body&gt;&lt;/html&gt;' = &lt;built-in method lower of str object at 0xab8eea1d40b0&gt;()
E    +    where &lt;built-in method lower of str object at 0xab8eea1d40b0&gt; = '&lt;!DOCTYPE html&gt;&lt;html lang="en"&gt;&lt;head&gt;&lt;meta charSet="utf-8"/&gt;&lt;meta name="viewport" content="width=device-width, initial-scale=1"/&gt;&lt;link rel="stylesheet" href="/_next/static/chunks/%5Broot-of-the-server%5D__24c846ab._.css" data-precedence="next_static/chunks/[root-of-the-server]__24c846ab._.css"/&gt;&lt;link rel="preload" as="script" fetchPriority="low" href="/_next/static/chunks/%5Bturbopack%5D_browser_dev_hmr-client_hmr-client_ts_27729caf._.js"/&gt;&lt;script src="/_next/static/chunks/node_modules_next_dist_compiled_react-dom_1e674e59._.js" async=""&gt;&lt;/script&gt;&lt;script src="/_next/static/chunks/node_modules_next_dist_compiled_react-server-dom-turbopack_9212ccad._.js" async=""&gt;&lt;/script&gt;&lt;script src="/_next/static/chunks/node_modules_next_dist_compiled_next-devtools_index_1dd7fb59.js" async=""&gt;&lt;/script&gt;&lt;script src="/_next/static/chunks/node_modules_next_dist_compiled_a0e4c7b4._.js" async=""&gt;&lt;/script&gt;&lt;script src="/_next/static/chunks/node_modules_next_dist_client_17643121._.js" async=""&gt;&lt;/script&gt;&lt;script src="/_next/static/chunks/node_modules_next_dist_f3530cac._.js" async=""&gt;&lt;/script&gt;&lt;script src="/_next/static/chunks/4e2c9_%40swc_helpers_cjs_0c5313ba._.js" async=""&gt;&lt;/script&gt;&lt;script src="/_next/sta...touch-icon\\",\\"href\\":\\"https://customer-assets.emergentagent.com/job_59d69e96-5add-42b9-88de-4fe2b67c84c6/artifacts/o4stdhdf_image.png\\"},\\"$a1\\",\\"$ca\\",0],[\\"$\\",\\"$Lcc\\",\\"12\\",{},\\"$a1\\",\\"$cb\\",0]]\\n"])&lt;/script&gt;&lt;script&gt;(function(){function c(){var b=a.contentDocument||a.contentWindow.document;if(b){var d=b.createElement(\'script\');d.innerHTML="window.__CF$cv$params={r:\'9dedc6202ffafa1f\',t:\'MTc3MzkzNjkwNg==\'};var a=document.createElement(\'script\');a.src=\'/cdn-cgi/challenge-platform/scripts/jsd/main.js\';document.getElementsByTagName(\'head\')[0].appendChild(a);";b.getElementsByTagName(\'head\')[0].appendChild(d)}}if(document.body){var a=document.createElement(\'iframe\');a.height=1;a.width=1;a.style.position=\'absolute\';a.style.top=0;a.style.left=0;a.style.border=\'none\';a.style.visibility=\'hidden\';document.body.appendChild(a);if(\'loading\'!==document.readyState)c();else if(window.addEventListener)document.addEventListener(\'DOMContentLoaded\',c);else{var e=document.onreadystatechange||function(){};document.onreadystatechange=function(b){e(b);\'loading\'!==document.readyState&amp;&amp;(document.onreadystatechange=e,c())}}}})();&lt;/script&gt;&lt;/body&gt;&lt;/html&gt;'.lower</failure></testcase><testcase classname="backend.tests.test_offline_sync_pwa.TestNetworkContext" name="test_manifest_link_in_html" time="0.405" /></testsuite></testsuites>