<?xml version="1.0" encoding="utf-8"?><testsuites name="pytest tests"><testsuite name="pytest" errors="0" failures="0" skipped="0" tests="25" time="56.151" timestamp="2026-03-21T16:50:26.886211+00:00" hostname="agent-env-56dc4e81-8ed8-401e-a2b5-3b883f927558"><testcase classname="backend.tests.test_panel_records_phase2.TestRecordCRUD" name="test_create_record_with_valid_data" time="0.680" /><testcase classname="backend.tests.test_panel_records_phase2.TestRecordCRUD" name="test_create_record_rejects_missing_required_fields" time="0.465" /><testcase classname="backend.tests.test_panel_records_phase2.TestRecordCRUD" name="test_create_record_rejects_missing_required_dropdown" time="0.513" /><testcase classname="backend.tests.test_panel_records_phase2.TestRecordCRUD" name="test_create_record_validates_dropdown_options" time="0.476" /><testcase classname="backend.tests.test_panel_records_phase2.TestRecordCRUD" name="test_create_record_validates_multiselect_options" time="0.434" /><testcase classname="backend.tests.test_panel_records_phase2.TestRecordCRUD" name="test_create_record_validates_boolean_type" time="25.364" /><testcase classname="backend.tests.test_panel_records_phase2.TestRecordCRUD" name="test_create_record_validates_number_type" time="11.729" /><testcase classname="backend.tests.test_panel_records_phase2.TestRecordListAndSearch" name="test_list_records_with_pagination" time="1.461" /><testcase classname="backend.tests.test_panel_records_phase2.TestRecordListAndSearch" name="test_list_records_supports_search" time="1.710" /><testcase classname="backend.tests.test_panel_records_phase2.TestRecordListAndSearch" name="test_search_across_text_fields" time="1.411" /><testcase classname="backend.tests.test_panel_records_phase2.TestRecordListAndSearch" name="test_search_in_longtext_field" time="1.581" /><testcase classname="backend.tests.test_panel_records_phase2.TestRecordGetUpdateDelete" name="test_get_single_record" time="0.626" /><testcase classname="backend.tests.test_panel_records_phase2.TestRecordGetUpdateDelete" name="test_update_record" time="0.670" /><testcase classname="backend.tests.test_panel_records_phase2.TestRecordGetUpdateDelete" name="test_delete_record" time="0.793" /><testcase classname="backend.tests.test_panel_records_phase2.TestRelationLookup" name="test_relation_lookup_inventory" time="0.313" /><testcase classname="backend.tests.test_panel_records_phase2.TestRelationLookup" name="test_relation_lookup_invoices" time="0.336" /><testcase classname="backend.tests.test_panel_records_phase2.TestRelationLookup" name="test_relation_lookup_with_search" time="0.334" /><testcase classname="backend.tests.test_panel_records_phase2.TestFieldSoftDisable" name="test_update_field_with_disabled_flag" time="0.689" /><testcase classname="backend.tests.test_panel_records_phase2.TestFieldSoftDisable" name="test_update_field_label" time="0.642" /><testcase classname="backend.tests.test_panel_records_phase2.TestFieldSoftDisable" name="test_update_field_required" time="0.953" /><testcase classname="backend.tests.test_panel_records_phase2.TestFieldSoftDisable" name="test_update_dropdown_options" time="1.210" /><testcase classname="backend.tests.test_panel_records_phase2.TestFieldDeletionProtection" name="test_delete_field_blocked_when_records_have_data" time="0.527" /><testcase classname="backend.tests.test_panel_records_phase2.TestFieldDeletionProtection" name="test_delete_empty_field_allowed" time="0.675" /><testcase classname="backend.tests.test_panel_records_phase2.TestFullLifecycle" name="test_full_panel_record_lifecycle" time="2.018" /><testcase classname="backend.tests.test_panel_records_phase2.TestCleanup" name="test_cleanup_test_records_and_panels" time="0.126" /></testsuite></testsuites>