<?xml version="1.0" encoding="utf-8"?><testsuites name="pytest tests"><testsuite name="pytest" errors="0" failures="0" skipped="0" tests="21" time="1.414" timestamp="2026-03-26T09:38:11.125276+00:00" hostname="agent-env-11582849-3ab0-4a38-a95d-9350a5979145"><testcase classname="backend.tests.test_payout_management.TestOrderPayoutStatusDefault" name="test_orders_have_pending_payout_status" time="0.019" /><testcase classname="backend.tests.test_payout_management.TestMarkPayoutEndpoint" name="test_mark_payout_success" time="0.209" /><testcase classname="backend.tests.test_payout_management.TestMarkPayoutEndpoint" name="test_mark_payout_rejects_already_paid" time="0.046" /><testcase classname="backend.tests.test_payout_management.TestMarkPayoutEndpoint" name="test_mark_payout_rejects_invalid_order_id" time="0.047" /><testcase classname="backend.tests.test_payout_management.TestMarkPayoutEndpoint" name="test_mark_payout_rejects_nonexistent_order" time="0.051" /><testcase classname="backend.tests.test_payout_management.TestBulkPayoutEndpoint" name="test_bulk_payout_marks_multiple_orders" time="0.054" /><testcase classname="backend.tests.test_payout_management.TestBulkPayoutEndpoint" name="test_bulk_payout_skips_already_paid" time="0.051" /><testcase classname="backend.tests.test_payout_management.TestPartnerOrdersEndpoint" name="test_partner_orders_returns_orders_with_payout_details" time="0.050" /><testcase classname="backend.tests.test_payout_management.TestPartnerOrdersEndpoint" name="test_partner_orders_shows_correct_amounts" time="0.051" /><testcase classname="backend.tests.test_payout_management.TestSalesOverviewPayoutFields" name="test_sales_overview_includes_payout_totals" time="0.049" /><testcase classname="backend.tests.test_payout_management.TestSalesOverviewPayoutFields" name="test_sales_overview_partners_have_payout_amounts" time="0.052" /><testcase classname="backend.tests.test_payout_management.TestExportPayoutsCSV" name="test_export_payouts_returns_csv" time="0.050" /><testcase classname="backend.tests.test_payout_management.TestSalesStatsPayoutStatus" name="test_sales_stats_uses_payout_status" time="0.045" /><testcase classname="backend.tests.test_payout_management.TestExistingEndpointsUnchanged" name="test_my_link_endpoint_unchanged" time="0.046" /><testcase classname="backend.tests.test_payout_management.TestExistingEndpointsUnchanged" name="test_stats_endpoint_unchanged" time="0.061" /><testcase classname="backend.tests.test_payout_management.TestAdminAuthRequired" name="test_mark_payout_requires_admin" time="0.111" /><testcase classname="backend.tests.test_payout_management.TestAdminAuthRequired" name="test_bulk_payout_requires_admin" time="0.140" /><testcase classname="backend.tests.test_payout_management.TestAdminAuthRequired" name="test_partner_orders_requires_admin" time="0.049" /><testcase classname="backend.tests.test_payout_management.TestAdminAuthRequired" name="test_export_payouts_requires_admin" time="0.042" /><testcase classname="backend.tests.test_payout_management.TestAdminAuthRequired" name="test_sales_overview_requires_admin" time="0.043" /><testcase classname="backend.tests.test_payout_management.TestCleanup" name="test_cleanup_test_data" time="0.005" /></testsuite></testsuites>