<?xml version="1.0" encoding="utf-8"?><testsuites name="pytest tests"><testsuite name="pytest" errors="0" failures="0" skipped="0" tests="18" time="5.244" timestamp="2026-03-23T11:51:22.319762+00:00" hostname="agent-env-184696df-1d8c-4356-b944-c33340935465"><testcase classname="backend.tests.test_pdf_download_relation_autolinking.TestHealthCheck" name="test_api_health" time="0.233" /><testcase classname="backend.tests.test_pdf_download_relation_autolinking.TestPanelDownloadEnabledCRUD" name="test_create_panel_with_download_enabled_true" time="0.118" /><testcase classname="backend.tests.test_pdf_download_relation_autolinking.TestPanelDownloadEnabledCRUD" name="test_create_panel_with_download_enabled_false" time="0.112" /><testcase classname="backend.tests.test_pdf_download_relation_autolinking.TestPanelDownloadEnabledCRUD" name="test_list_panels_includes_download_enabled" time="0.118" /><testcase classname="backend.tests.test_pdf_download_relation_autolinking.TestPanelDownloadEnabledCRUD" name="test_update_panel_download_enabled" time="0.498" /><testcase classname="backend.tests.test_pdf_download_relation_autolinking.TestPanelDownloadEnabledCRUD" name="test_get_panel_includes_download_enabled" time="0.156" /><testcase classname="backend.tests.test_pdf_download_relation_autolinking.TestPDFDownloadEndpoint" name="test_pdf_download_when_enabled" time="0.259" /><testcase classname="backend.tests.test_pdf_download_relation_autolinking.TestPDFDownloadEndpoint" name="test_pdf_download_when_disabled_returns_403" time="0.564" /><testcase classname="backend.tests.test_pdf_download_relation_autolinking.TestPDFDownloadEndpoint" name="test_pdf_download_invalid_panel_returns_404" time="0.120" /><testcase classname="backend.tests.test_pdf_download_relation_autolinking.TestPDFDownloadEndpoint" name="test_pdf_download_invalid_record_returns_404" time="0.105" /><testcase classname="backend.tests.test_pdf_download_relation_autolinking.TestNormalizedKeyMatching" name="test_automation_preview_with_camelcase_source" time="0.323" /><testcase classname="backend.tests.test_pdf_download_relation_autolinking.TestRelationFieldAutoLinking" name="test_create_panel_with_relation_to_invoices" time="0.105" /><testcase classname="backend.tests.test_pdf_download_relation_autolinking.TestRelationFieldAutoLinking" name="test_automation_rule_with_system_module_trigger" time="0.102" /><testcase classname="backend.tests.test_pdf_download_relation_autolinking.TestRelationFieldAutoLinking" name="test_preview_shows_relation_auto_linking" time="0.227" /><testcase classname="backend.tests.test_pdf_download_relation_autolinking.TestBuildMappedDataSmartSync" name="test_smart_sync_exact_match" time="0.336" /><testcase classname="backend.tests.test_pdf_download_relation_autolinking.TestBuildMappedDataSmartSync" name="test_smart_sync_normalized_match" time="0.319" /><testcase classname="backend.tests.test_pdf_download_relation_autolinking.TestCleanup" name="test_cleanup_test_panels" time="1.230" /><testcase classname="backend.tests.test_pdf_download_relation_autolinking.TestCleanup" name="test_cleanup_test_rules" time="0.220" /></testsuite></testsuites>