<?xml version="1.0" encoding="utf-8"?><testsuites name="pytest tests"><testsuite name="pytest" errors="0" failures="0" skipped="10" tests="27" time="4.398" timestamp="2026-03-16T17:49:12.853463+00:00" hostname="agent-env-6193f3b6-4c14-41dd-acb1-0f2bf79a5330"><testcase classname="backend.tests.test_pending_orders_id_fix.TestPendingOrdersIdFieldFix" name="test_pending_orders_list_has_id_field" time="0.146" /><testcase classname="backend.tests.test_pending_orders_id_fix.TestPendingOrdersIdFieldFix" name="test_pending_orders_have_invoice_prefill_fields" time="0.125"><skipped type="pytest.skip" message="No pending orders to verify invoice prefill fields">/app/backend/tests/test_pending_orders_id_fix.py:56: No pending orders to verify invoice prefill fields</skipped></testcase><testcase classname="backend.tests.test_pending_orders_id_fix.TestPendingOrdersIdFieldFix" name="test_pending_orders_have_card_display_fields" time="0.151"><skipped type="pytest.skip" message="No pending orders to verify card display fields">/app/backend/tests/test_pending_orders_id_fix.py:81: No pending orders to verify card display fields</skipped></testcase><testcase classname="backend.tests.test_pending_orders_id_fix.TestPendingOrdersIdFieldFix" name="test_single_pending_order_has_id_field" time="0.128"><skipped type="pytest.skip" message="No pending orders to test single order endpoint">/app/backend/tests/test_pending_orders_id_fix.py:114: No pending orders to test single order endpoint</skipped></testcase><testcase classname="backend.tests.test_pending_orders_id_fix.TestPendingOrderActionEndpoints" name="test_notify_endpoint_with_valid_id" time="0.142"><skipped type="pytest.skip" message="No pending orders to test notify endpoint">/app/backend/tests/test_pending_orders_id_fix.py:156: No pending orders to test notify endpoint</skipped></testcase><testcase classname="backend.tests.test_pending_orders_id_fix.TestPendingOrderActionEndpoints" name="test_cancel_endpoint_with_valid_id" time="0.120"><skipped type="pytest.skip" message="No pending orders to test cancel endpoint">/app/backend/tests/test_pending_orders_id_fix.py:180: No pending orders to test cancel endpoint</skipped></testcase><testcase classname="backend.tests.test_pending_orders_id_fix.TestPendingOrderFilterStatus" name="test_filter_pending_status" time="0.149" /><testcase classname="backend.tests.test_pending_orders_id_fix.TestPendingOrderFilterStatus" name="test_filter_partially_fulfilled_status" time="0.120" /><testcase classname="backend.tests.test_pending_orders_id_fix.TestPendingOrderFilterStatus" name="test_filter_completed_status" time="0.135" /><testcase classname="backend.tests.test_pending_orders_id_fix.TestPendingOrderFilterStatus" name="test_filter_cancelled_status" time="0.143" /><testcase classname="backend.tests.test_pending_orders_id_fix.TestInvoicePrefillURLParams" name="test_pending_order_fields_match_invoice_prefill_params" time="0.125"><skipped type="pytest.skip" message="No pending orders to verify">/app/backend/tests/test_pending_orders_id_fix.py:248: No pending orders to verify</skipped></testcase><testcase classname="backend.tests.test_pending_orders_backorder_system.TestPendingOrdersBasicEndpoints" name="test_pending_orders_list_returns_200" time="0.144" /><testcase classname="backend.tests.test_pending_orders_backorder_system.TestPendingOrdersBasicEndpoints" name="test_pending_orders_filter_by_status" time="0.128" /><testcase classname="backend.tests.test_pending_orders_backorder_system.TestCheckStockEndpoint" name="test_check_stock_endpoint_exists" time="0.129" /><testcase classname="backend.tests.test_pending_orders_backorder_system.TestInvoiceProductsReservedStock" name="test_invoice_products_has_reserved_fields" time="0.178" /><testcase classname="backend.tests.test_pending_orders_backorder_system.TestInventoryReservedStock" name="test_inventory_has_reserved_fields" time="0.130" /><testcase classname="backend.tests.test_pending_orders_backorder_system.TestPendingOrderActions" name="test_fulfil_endpoint_exists" time="0.137"><skipped type="pytest.skip" message="No pending orders to test fulfil endpoint">/app/backend/tests/test_pending_orders_backorder_system.py:123: No pending orders to test fulfil endpoint</skipped></testcase><testcase classname="backend.tests.test_pending_orders_backorder_system.TestPendingOrderActions" name="test_cancel_endpoint_exists" time="0.252" /><testcase classname="backend.tests.test_pending_orders_backorder_system.TestPendingOrderActions" name="test_create_po_endpoint_exists" time="0.280" /><testcase classname="backend.tests.test_pending_orders_backorder_system.TestPendingOrderActions" name="test_notify_endpoint_exists" time="0.273" /><testcase classname="backend.tests.test_pending_orders_backorder_system.TestPartialFulfillmentFlow" name="test_check_stock_detects_shortage" time="0.344"><skipped type="pytest.skip" message="No buyer or product available for testing">/app/backend/tests/test_pending_orders_backorder_system.py:202: No buyer or product available for testing</skipped></testcase><testcase classname="backend.tests.test_pending_orders_backorder_system.TestPartialFulfillmentFlow" name="test_invoice_with_partial_fulfillment_creates_pending_order" time="0.243"><skipped type="pytest.skip" message="No buyer or product available for testing">/app/backend/tests/test_pending_orders_backorder_system.py:235: No buyer or product available for testing</skipped></testcase><testcase classname="backend.tests.test_pending_orders_backorder_system.TestReservedStockCalculation" name="test_reserved_stock_api" time="0.125"><skipped type="pytest.skip" message="No inventory items">/app/backend/tests/test_pending_orders_backorder_system.py:286: No inventory items</skipped></testcase><testcase classname="backend.tests.test_pending_orders_backorder_system.TestRegressionEndpoints" name="test_invoices_endpoint" time="0.104" /><testcase classname="backend.tests.test_pending_orders_backorder_system.TestRegressionEndpoints" name="test_buyers_endpoint" time="0.138" /><testcase classname="backend.tests.test_pending_orders_backorder_system.TestRegressionEndpoints" name="test_inventory_endpoint" time="0.128" /><testcase classname="backend.tests.test_pending_orders_backorder_system.TestRegressionEndpoints" name="test_suppliers_endpoint" time="0.109" /></testsuite></testsuites>