<?xml version="1.0" encoding="utf-8"?><testsuites name="pytest tests"><testsuite name="pytest" errors="0" failures="0" skipped="0" tests="30" time="5.173" timestamp="2026-02-23T20:05:05.164715+00:00" hostname="agent-env-1a7a768b-79d5-4f48-a012-7fdecdaf9315"><testcase classname="backend.tests.test_phase_b_governance.TestMarketHealthMonitoring" name="test_01_market_health" time="0.257" /><testcase classname="backend.tests.test_phase_b_governance.TestMarketHealthMonitoring" name="test_02_abuse_summary" time="0.219" /><testcase classname="backend.tests.test_phase_b_governance.TestMarketHealthMonitoring" name="test_03_high_expiry_sellers" time="0.141" /><testcase classname="backend.tests.test_phase_b_governance.TestMarketHealthMonitoring" name="test_04_high_expiry_sellers_custom_threshold" time="0.114" /><testcase classname="backend.tests.test_phase_b_governance.TestMarketHealthMonitoring" name="test_05_slow_responders" time="0.129" /><testcase classname="backend.tests.test_phase_b_governance.TestMarketHealthMonitoring" name="test_06_zero_conversion" time="0.114" /><testcase classname="backend.tests.test_phase_b_governance.TestMarketHealthMonitoring" name="test_07_suspicious_activity" time="0.170" /><testcase classname="backend.tests.test_phase_b_governance.TestSellerGovernanceSummary" name="test_01_seller_summary" time="0.157" /><testcase classname="backend.tests.test_phase_b_governance.TestSellerGovernanceSummary" name="test_02_invalid_seller_id" time="0.159" /><testcase classname="backend.tests.test_phase_b_governance.TestSellerGovernanceSummary" name="test_03_nonexistent_seller" time="0.109" /><testcase classname="backend.tests.test_phase_b_governance.TestGovernanceActions" name="test_01_suspend_seller" time="0.138" /><testcase classname="backend.tests.test_phase_b_governance.TestGovernanceActions" name="test_02_verify_suspension_audit" time="0.196" /><testcase classname="backend.tests.test_phase_b_governance.TestGovernanceActions" name="test_03_verify_suspended_status" time="0.109" /><testcase classname="backend.tests.test_phase_b_governance.TestGovernanceActions" name="test_04_unsuspend_seller" time="0.142" /><testcase classname="backend.tests.test_phase_b_governance.TestGovernanceActions" name="test_05_verify_unsuspend_audit" time="0.249" /><testcase classname="backend.tests.test_phase_b_governance.TestGovernanceActions" name="test_06_warn_seller" time="0.120" /><testcase classname="backend.tests.test_phase_b_governance.TestGovernanceActions" name="test_07_verify_warn_audit" time="0.116" /><testcase classname="backend.tests.test_phase_b_governance.TestGovernanceActions" name="test_08_verify_warning_count" time="0.137" /><testcase classname="backend.tests.test_phase_b_governance.TestGstVerification" name="test_01_pending_gst_verifications" time="0.120" /><testcase classname="backend.tests.test_phase_b_governance.TestGstVerification" name="test_02_approve_gst" time="0.134" /><testcase classname="backend.tests.test_phase_b_governance.TestGstVerification" name="test_03_reject_gst" time="0.434" /><testcase classname="backend.tests.test_phase_b_governance.TestGstVerification" name="test_04_verify_gst_audit_logs" time="0.224" /><testcase classname="backend.tests.test_phase_b_governance.TestRBACEnforcement" name="test_01_market_health_no_auth" time="0.116" /><testcase classname="backend.tests.test_phase_b_governance.TestRBACEnforcement" name="test_02_suspend_no_auth" time="0.174" /><testcase classname="backend.tests.test_phase_b_governance.TestRBACEnforcement" name="test_03_gst_approve_no_auth" time="0.132" /><testcase classname="backend.tests.test_phase_b_governance.TestGovernanceEnforcement" name="test_01_suspend_for_enforcement_test" time="0.120" /><testcase classname="backend.tests.test_phase_b_governance.TestGovernanceEnforcement" name="test_02_verify_seller_suspended" time="0.196" /><testcase classname="backend.tests.test_phase_b_governance.TestGovernanceEnforcement" name="test_03_cleanup_unsuspend" time="0.128" /><testcase classname="backend.tests.test_phase_b_governance.TestAuditLogging" name="test_01_all_audit_actions_logged" time="0.147" /><testcase classname="backend.tests.test_phase_b_governance.TestAuditLogging" name="test_02_filter_by_action" time="0.364" /></testsuite></testsuites>