<?xml version="1.0" encoding="utf-8"?><testsuites name="pytest tests"><testsuite name="pytest" errors="0" failures="0" skipped="0" tests="26" time="5.328" timestamp="2026-02-23T19:54:58.613608+00:00" hostname="agent-env-1a7a768b-79d5-4f48-a012-7fdecdaf9315"><testcase classname="backend.tests.test_phase_a_admin_analytics.TestAdminAnalyticsOverview" name="test_overview_returns_200" time="0.278" /><testcase classname="backend.tests.test_phase_a_admin_analytics.TestAdminAnalyticsOverview" name="test_overview_has_required_fields" time="0.178" /><testcase classname="backend.tests.test_phase_a_admin_analytics.TestAdminAnalyticsOverview" name="test_overview_without_auth_returns_401" time="0.165" /><testcase classname="backend.tests.test_phase_a_admin_analytics.TestAdminAnalyticsRevenue" name="test_revenue_returns_200" time="0.159" /><testcase classname="backend.tests.test_phase_a_admin_analytics.TestAdminAnalyticsRevenue" name="test_revenue_has_required_fields" time="0.253" /><testcase classname="backend.tests.test_phase_a_admin_analytics.TestAdminAnalyticsQuotes" name="test_quotes_returns_200" time="0.116" /><testcase classname="backend.tests.test_phase_a_admin_analytics.TestAdminAnalyticsQuotes" name="test_quotes_has_leaderboard" time="0.188" /><testcase classname="backend.tests.test_phase_a_admin_analytics.TestAdminAnalyticsLeads" name="test_leads_returns_200" time="0.188" /><testcase classname="backend.tests.test_phase_a_admin_analytics.TestAdminAnalyticsLeads" name="test_leads_has_funnel_data" time="0.172" /><testcase classname="backend.tests.test_phase_a_admin_analytics.TestAdminAnalyticsProducts" name="test_products_returns_200" time="0.135" /><testcase classname="backend.tests.test_phase_a_admin_analytics.TestAdminAnalyticsProducts" name="test_products_has_rankings" time="0.144" /><testcase classname="backend.tests.test_phase_a_admin_analytics.TestAdminRunAggregation" name="test_run_aggregation_returns_200" time="0.142" /><testcase classname="backend.tests.test_phase_a_admin_analytics.TestAdminRunAggregation" name="test_aggregation_creates_audit_log" time="0.277" /><testcase classname="backend.tests.test_phase_a_admin_analytics.TestAdminAuditLogs" name="test_audit_logs_returns_200" time="0.160" /><testcase classname="backend.tests.test_phase_a_admin_analytics.TestAdminAuditLogs" name="test_audit_logs_has_pagination" time="0.130" /><testcase classname="backend.tests.test_phase_a_admin_analytics.TestAdminAuditLogs" name="test_audit_logs_filter_by_action" time="0.152" /><testcase classname="backend.tests.test_phase_a_admin_analytics.TestSellerPerformance" name="test_performance_returns_200" time="0.118" /><testcase classname="backend.tests.test_phase_a_admin_analytics.TestSellerPerformance" name="test_performance_has_score_breakdown" time="0.154" /><testcase classname="backend.tests.test_phase_a_admin_analytics.TestSellerPerformanceTrend" name="test_trend_returns_200" time="0.153" /><testcase classname="backend.tests.test_phase_a_admin_analytics.TestSellerPerformanceTrend" name="test_trend_has_daily_data" time="0.135" /><testcase classname="backend.tests.test_phase_a_admin_analytics.TestSellerLeadStats" name="test_lead_stats_returns_200" time="0.321" /><testcase classname="backend.tests.test_phase_a_admin_analytics.TestSellerLeadStats" name="test_lead_stats_has_usage_info" time="0.131" /><testcase classname="backend.tests.test_phase_a_admin_analytics.TestRBACValidation" name="test_admin_endpoints_require_auth" time="0.922" /><testcase classname="backend.tests.test_phase_a_admin_analytics.TestRBACValidation" name="test_admin_aggregation_requires_auth" time="0.159" /><testcase classname="backend.tests.test_phase_a_admin_analytics.TestAnalyticsHealth" name="test_health_returns_200" time="0.161" /><testcase classname="backend.tests.test_phase_a_admin_analytics.TestAnalyticsHealth" name="test_health_has_index_info" time="0.148" /></testsuite></testsuites>