<?xml version="1.0" encoding="utf-8"?><testsuites name="pytest tests"><testsuite name="pytest" errors="0" failures="0" skipped="0" tests="15" time="5.648" timestamp="2026-03-21T20:17:28.133639+00:00" hostname="agent-env-537605c6-b3c9-450b-aa9d-9331cd02c57d"><testcase classname="backend.tests.test_phase3a_panel_binding.TestPhase3APanelBinding" name="test_01_health_check" time="0.298" /><testcase classname="backend.tests.test_phase3a_panel_binding.TestPhase3APanelBinding" name="test_02_access_level" time="0.158" /><testcase classname="backend.tests.test_phase3a_panel_binding.TestPhase3APanelBinding" name="test_03_list_panels_returns_allowed_fields" time="0.115" /><testcase classname="backend.tests.test_phase3a_panel_binding.TestPhase3APanelBinding" name="test_04_create_panel_with_inventory_module" time="0.238" /><testcase classname="backend.tests.test_phase3a_panel_binding.TestPhase3APanelBinding" name="test_05_create_panel_with_invoices_module" time="0.212" /><testcase classname="backend.tests.test_phase3a_panel_binding.TestPhase3APanelBinding" name="test_06_create_panel_with_both_modules" time="0.246" /><testcase classname="backend.tests.test_phase3a_panel_binding.TestPhase3APanelBinding" name="test_07_panel_linking_valid" time="0.430" /><testcase classname="backend.tests.test_phase3a_panel_binding.TestPhase3APanelBinding" name="test_08_panel_linking_max_two" time="0.775" /><testcase classname="backend.tests.test_phase3a_panel_binding.TestPhase3APanelBinding" name="test_09_panel_linking_no_self_link" time="0.323" /><testcase classname="backend.tests.test_phase3a_panel_binding.TestPhase3APanelBinding" name="test_10_panel_linking_no_circular" time="0.573" /><testcase classname="backend.tests.test_phase3a_panel_binding.TestPhase3APanelBinding" name="test_11_update_panel_allowed_modules" time="0.458" /><testcase classname="backend.tests.test_phase3a_panel_binding.TestPhase3APanelBinding" name="test_12_unique_field_validation" time="0.640" /><testcase classname="backend.tests.test_phase3a_panel_binding.TestPhase3APanelBinding" name="test_13_activity_logging" time="0.600" /><testcase classname="backend.tests.test_phase3a_panel_binding.TestPhase3APanelBinding" name="test_14_linkable_targets" time="0.151" /><testcase classname="backend.tests.test_phase3a_panel_binding.TestPhase3APanelBinding" name="test_15_get_panel_returns_allowed_fields" time="0.330" /></testsuite></testsuites>