<?xml version="1.0" encoding="utf-8"?><testsuites name="pytest tests"><testsuite name="pytest" errors="0" failures="0" skipped="0" tests="12" time="0.475" timestamp="2026-03-05T12:12:33.505598+00:00" hostname="agent-env-b0e22632-635f-4c7c-bfa6-0ff7246cabcf"><testcase classname="backend.tests.test_phase4_seller_calc_display.TestPhase4SellerCalculationData" name="test_inquiry_create_accepts_calculation_data" time="0.170" /><testcase classname="backend.tests.test_phase4_seller_calc_display.TestPhase4SellerCalculationData" name="test_seller_inquiries_endpoint_requires_auth" time="0.138" /><testcase classname="backend.tests.test_phase4_seller_calc_display.TestPhase4SellerCalculationData" name="test_seller_inquiries_endpoint_exists" time="0.117" /><testcase classname="backend.tests.test_phase4_seller_calc_display.TestPhase4SellerCalculationData" name="test_calculation_data_schema_round_bar" time="0.000" /><testcase classname="backend.tests.test_phase4_seller_calc_display.TestPhase4SellerCalculationData" name="test_calculation_data_schema_pipe" time="0.000" /><testcase classname="backend.tests.test_phase4_seller_calc_display.TestPhase4SellerCalculationData" name="test_calculation_data_schema_plate" time="0.000" /><testcase classname="backend.tests.test_phase4_seller_calc_display.TestFrontendTypeScript" name="test_seller_inquiry_type_file_exists" time="0.000" /><testcase classname="backend.tests.test_phase4_seller_calc_display.TestFrontendTypeScript" name="test_calculation_data_type_structure" time="0.000" /><testcase classname="backend.tests.test_phase4_seller_calc_display.TestSellerInquiriesPageImports" name="test_calculator_icon_imported" time="0.000" /><testcase classname="backend.tests.test_phase4_seller_calc_display.TestSellerInquiriesPageImports" name="test_scale_icon_imported" time="0.000" /><testcase classname="backend.tests.test_phase4_seller_calc_display.TestSellerInquiriesPageImports" name="test_calculation_data_section_exists" time="0.000" /><testcase classname="backend.tests.test_phase4_seller_calc_display.TestSellerInquiriesPageImports" name="test_calculation_data_fields_displayed" time="0.000" /></testsuite></testsuites>