<?xml version="1.0" encoding="utf-8"?><testsuites name="pytest tests"><testsuite name="pytest" errors="0" failures="0" skipped="0" tests="12" time="1.619" timestamp="2026-03-05T11:41:11.272509+00:00" hostname="agent-env-b0e22632-635f-4c7c-bfa6-0ff7246cabcf"><testcase classname="tests.test_phase2_spec_templates.TestRawMaterialsAPI" name="test_materials_endpoint" time="0.186" /><testcase classname="tests.test_phase2_spec_templates.TestRawMaterialsAPI" name="test_shapes_endpoint" time="0.100" /><testcase classname="tests.test_phase2_spec_templates.TestRawMaterialsAPI" name="test_calculate_round_bar" time="0.107" /><testcase classname="tests.test_phase2_spec_templates.TestRawMaterialsAPI" name="test_calculate_square_bar" time="0.102" /><testcase classname="tests.test_phase2_spec_templates.TestRawMaterialsAPI" name="test_calculate_pipe" time="0.093" /><testcase classname="tests.test_phase2_spec_templates.TestRawMaterialsAPI" name="test_calculate_plate" time="0.110" /><testcase classname="tests.test_phase2_spec_templates.TestRawMaterialsAPI" name="test_calculate_sheet" time="0.110" /><testcase classname="tests.test_phase2_spec_templates.TestSpecTemplatesByCategory" name="test_get_templates_by_category" time="0.259" /><testcase classname="tests.test_phase2_spec_templates.TestSpecTemplatesByCategory" name="test_invalid_category_id" time="0.113" /><testcase classname="tests.test_phase2_spec_templates.TestSpecTemplatesByCategory" name="test_nonexistent_category" time="0.101" /><testcase classname="tests.test_phase2_spec_templates.TestAdminEndpointsRequireAuth" name="test_admin_materials_requires_auth" time="0.163" /><testcase classname="tests.test_phase2_spec_templates.TestAdminEndpointsRequireAuth" name="test_admin_spec_templates_requires_auth" time="0.105" /></testsuite></testsuites>