<?xml version="1.0" encoding="utf-8"?><testsuites name="pytest tests"><testsuite name="pytest" errors="0" failures="0" skipped="0" tests="15" time="2.939" timestamp="2026-03-16T10:04:32.772946+00:00" hostname="agent-env-0fedab19-9c51-49bb-bd2f-979f2a30c5dd"><testcase classname="backend.tests.test_po_whatsapp_feature.TestPurchaseOrdersListEndpoint" name="test_list_purchase_orders_returns_200" time="0.206" /><testcase classname="backend.tests.test_po_whatsapp_feature.TestPurchaseOrdersListEndpoint" name="test_list_purchase_orders_structure" time="0.148" /><testcase classname="backend.tests.test_po_whatsapp_feature.TestPOWhatsAppLinkEndpoint" name="test_whatsapp_link_returns_valid_response" time="0.229" /><testcase classname="backend.tests.test_po_whatsapp_feature.TestPOWhatsAppLinkEndpoint" name="test_whatsapp_link_contains_doc_url" time="0.220" /><testcase classname="backend.tests.test_po_whatsapp_feature.TestPOWhatsAppLinkEndpoint" name="test_whatsapp_message_contains_download_link" time="0.213" /><testcase classname="backend.tests.test_po_whatsapp_feature.TestPOWhatsAppLinkEndpoint" name="test_whatsapp_link_invalid_po_returns_404" time="0.146" /><testcase classname="backend.tests.test_po_whatsapp_feature.TestSecureDocumentDownload" name="test_doc_endpoint_returns_pdf_for_po" time="0.355" /><testcase classname="backend.tests.test_po_whatsapp_feature.TestSecureDocumentDownload" name="test_invalid_token_returns_404" time="0.135" /><testcase classname="backend.tests.test_po_whatsapp_feature.TestPOStatusAutoUpdate" name="test_status_update_on_whatsapp_send" time="0.316" /><testcase classname="backend.tests.test_po_whatsapp_feature.TestDocumentSharesCollection" name="test_document_share_created_on_whatsapp_link" time="0.356" /><testcase classname="backend.tests.test_po_whatsapp_feature.TestRegressionOtherEndpoints" name="test_inventory_endpoint" time="0.119" /><testcase classname="backend.tests.test_po_whatsapp_feature.TestRegressionOtherEndpoints" name="test_buyers_endpoint" time="0.098" /><testcase classname="backend.tests.test_po_whatsapp_feature.TestRegressionOtherEndpoints" name="test_invoices_endpoint" time="0.104" /><testcase classname="backend.tests.test_po_whatsapp_feature.TestRegressionOtherEndpoints" name="test_low_stock_alerts_endpoint" time="0.114" /><testcase classname="backend.tests.test_po_whatsapp_feature.TestRegressionOtherEndpoints" name="test_suppliers_endpoint" time="0.097" /></testsuite></testsuites>