<?xml version="1.0" encoding="utf-8"?><testsuites name="pytest tests"><testsuite name="pytest" errors="0" failures="0" skipped="0" tests="19" time="3.178" timestamp="2026-02-23T03:14:52.439823+00:00" hostname="agent-env-7b77a0ac-d7f3-422a-b242-9cc970f24f94"><testcase classname="backend.tests.test_product_spec_template_relationship.TestProductSpecTemplateRelationship" name="test_01_health_check" time="0.145" /><testcase classname="backend.tests.test_product_spec_template_relationship.TestProductSpecTemplateRelationship" name="test_02_create_test_category_1" time="0.114" /><testcase classname="backend.tests.test_product_spec_template_relationship.TestProductSpecTemplateRelationship" name="test_03_create_test_category_2" time="0.117" /><testcase classname="backend.tests.test_product_spec_template_relationship.TestProductSpecTemplateRelationship" name="test_04_create_spec_template_for_category_1" time="0.122" /><testcase classname="backend.tests.test_product_spec_template_relationship.TestProductSpecTemplateRelationship" name="test_05_create_second_spec_template_for_category_1" time="0.119" /><testcase classname="backend.tests.test_product_spec_template_relationship.TestProductSpecTemplateRelationship" name="test_06_create_spec_template_for_category_2" time="0.146" /><testcase classname="backend.tests.test_product_spec_template_relationship.TestProductSpecTemplateRelationship" name="test_07_product_create_with_valid_template" time="0.118" /><testcase classname="backend.tests.test_product_spec_template_relationship.TestProductSpecTemplateRelationship" name="test_08_product_create_with_nonexistent_template_fails" time="0.129" /><testcase classname="backend.tests.test_product_spec_template_relationship.TestProductSpecTemplateRelationship" name="test_09_product_create_with_category_mismatch_fails" time="0.123" /><testcase classname="backend.tests.test_product_spec_template_relationship.TestProductSpecTemplateRelationship" name="test_10_product_create_with_invalid_objectid_fails" time="0.112" /><testcase classname="backend.tests.test_product_spec_template_relationship.TestProductSpecTemplateRelationship" name="test_11_product_update_with_valid_template" time="0.122" /><testcase classname="backend.tests.test_product_spec_template_relationship.TestProductSpecTemplateRelationship" name="test_12_product_update_with_category_mismatch_fails" time="0.112" /><testcase classname="backend.tests.test_product_spec_template_relationship.TestProductSpecTemplateRelationship" name="test_13_template_delete_cleans_product_references" time="0.609" /><testcase classname="backend.tests.test_product_spec_template_relationship.TestProductSpecTemplateRelationship" name="test_14_cleanup_endpoint_exists" time="0.170" /><testcase classname="backend.tests.test_product_spec_template_relationship.TestProductSpecTemplateRelationship" name="test_15_cleanup_endpoint_reports_results" time="0.117" /><testcase classname="backend.tests.test_product_spec_template_relationship.TestProductSpecTemplateRelationship" name="test_16_product_create_with_inactive_template_fails" time="0.373" /><testcase classname="backend.tests.test_product_spec_template_relationship.TestProductSpecTemplateRelationship" name="test_17_spec_template_ids_is_array_not_singular" time="0.127" /><testcase classname="backend.tests.test_product_spec_template_relationship.TestProductSpecTemplateRelationship" name="test_18_verify_camelcase_field_names" time="0.117" /><testcase classname="backend.tests.test_product_spec_template_relationship.TestIndexVerification" name="test_indexes_exist" time="0.129" /></testsuite></testsuites>