<?xml version="1.0" encoding="utf-8"?><testsuites name="pytest tests"><testsuite name="pytest" errors="0" failures="0" skipped="0" tests="17" time="0.306" timestamp="2026-03-19T04:47:56.222052+00:00" hostname="agent-env-a8886397-424a-401d-aa77-6e196b29a668"><testcase classname="tests.test_product_description_invoice.TestInventoryDescriptionField" name="test_inventory_api_structure_has_description_field" time="0.104" /><testcase classname="tests.test_product_description_invoice.TestInventoryDescriptionField" name="test_inventory_update_model_accepts_description" time="0.053" /><testcase classname="tests.test_product_description_invoice.TestInventoryDescriptionField" name="test_inventory_update_description_max_length_150" time="0.001" /><testcase classname="tests.test_product_description_invoice.TestInventoryDescriptionField" name="test_inventory_description_optional" time="0.001" /><testcase classname="tests.test_product_description_invoice.TestInvoiceProductsDescription" name="test_invoice_products_endpoint_reachable" time="0.076" /><testcase classname="tests.test_product_description_invoice.TestInvoiceDescriptionAutoFill" name="test_invoice_item_schema_has_description" time="0.000" /><testcase classname="tests.test_product_description_invoice.TestPDFDescriptionRendering" name="test_pdf_service_adds_description_in_grey_parentheses" time="0.000" /><testcase classname="tests.test_product_description_invoice.TestPDFDescriptionRendering" name="test_pdf_service_empty_description_no_brackets" time="0.000" /><testcase classname="tests.test_product_description_invoice.TestPDFDescriptionRendering" name="test_pdf_service_none_description_no_brackets" time="0.000" /><testcase classname="tests.test_product_description_invoice.TestInvoiceRouterDescriptionFlow" name="test_description_extracted_from_listing" time="0.000" /><testcase classname="tests.test_product_description_invoice.TestInvoiceRouterDescriptionFlow" name="test_description_stored_in_invoice_item" time="0.000" /><testcase classname="tests.test_product_description_invoice.TestInventoryRouterDescriptionProjection" name="test_description_in_inventory_projection" time="0.000" /><testcase classname="tests.test_product_description_invoice.TestInventoryRouterDescriptionProjection" name="test_description_ifnull_default_empty" time="0.000" /><testcase classname="tests.test_product_description_invoice.TestInventoryUpdateDescriptionHandler" name="test_description_in_update_fields" time="0.000" /><testcase classname="tests.test_product_description_invoice.TestInvoiceProductsEndpointDescription" name="test_invoice_products_includes_description" time="0.000" /><testcase classname="tests.test_product_description_invoice.TestIntegrationDescriptionFlow" name="test_full_description_flow_simulation" time="0.000" /><testcase classname="tests.test_product_description_invoice.TestIntegrationDescriptionFlow" name="test_empty_description_flow" time="0.000" /></testsuite></testsuites>