<?xml version="1.0" encoding="utf-8"?><testsuites name="pytest tests"><testsuite name="pytest" errors="0" failures="0" skipped="0" tests="15" time="2.283" timestamp="2026-03-16T06:27:12.359742+00:00" hostname="agent-env-0bc853a9-8815-4c56-954f-00c9e7105ccf"><testcase classname="backend.tests.test_product_share_catalog.TestProductShareRecipients" name="test_recipients_endpoint_exists_requires_auth" time="0.136" /><testcase classname="backend.tests.test_product_share_catalog.TestProductShareRecipients" name="test_recipients_endpoint_accepts_search_param" time="0.134" /><testcase classname="backend.tests.test_product_share_catalog.TestCatalogSettings" name="test_catalog_settings_get_requires_auth" time="0.142" /><testcase classname="backend.tests.test_product_share_catalog.TestCatalogSettings" name="test_catalog_settings_put_requires_auth" time="0.103" /><testcase classname="backend.tests.test_product_share_catalog.TestProductShares" name="test_product_shares_post_requires_auth" time="0.099" /><testcase classname="backend.tests.test_product_share_catalog.TestProductShares" name="test_product_shares_download_requires_auth" time="0.126" /><testcase classname="backend.tests.test_product_share_catalog.TestShareDocument" name="test_share_document_requires_auth" time="0.099" /><testcase classname="backend.tests.test_product_share_catalog.TestProductCategories" name="test_product_categories_requires_auth" time="0.111" /><testcase classname="backend.tests.test_product_share_catalog.TestPublicDocumentAccess" name="test_public_doc_invalid_token_returns_404" time="0.108" /><testcase classname="backend.tests.test_product_share_catalog.TestPublicDocumentAccess" name="test_public_doc_route_exists" time="0.098" /><testcase classname="backend.tests.test_product_share_catalog.TestCatalogSettingsFields" name="test_catalog_settings_endpoint_exists" time="0.107" /><testcase classname="backend.tests.test_product_share_catalog.TestEndpointRegistration" name="test_all_product_share_endpoints_registered" time="0.621" /><testcase classname="backend.tests.test_product_share_catalog.TestEndpointRegistration" name="test_public_doc_endpoint_registered" time="0.110" /><testcase classname="backend.tests.test_product_share_catalog.TestRequestValidation" name="test_product_shares_validates_body" time="0.116" /><testcase classname="backend.tests.test_product_share_catalog.TestRequestValidation" name="test_catalog_settings_put_validates_body" time="0.099" /></testsuite></testsuites>