<?xml version="1.0" encoding="utf-8"?><testsuites name="pytest tests"><testsuite name="pytest" errors="0" failures="0" skipped="2" tests="12" time="2.221" timestamp="2026-03-14T20:15:34.933442+00:00" hostname="agent-env-e4d34684-24f7-4868-8de0-9459656804b8"><testcase classname="backend.tests.test_product_pricing_system.TestInventoryPricingEndpoint" name="test_update_purchase_price_and_selling_price" time="0.257" /><testcase classname="backend.tests.test_product_pricing_system.TestInventoryPricingEndpoint" name="test_update_selling_price_only" time="0.110" /><testcase classname="backend.tests.test_product_pricing_system.TestInventoryPricingEndpoint" name="test_block_purchase_price_change_for_composite" time="0.122"><skipped type="pytest.skip" message="No composite products available to test">/app/backend/tests/test_product_pricing_system.py:86: No composite products available to test</skipped></testcase><testcase classname="backend.tests.test_product_pricing_system.TestInventoryListEndpoint" name="test_inventory_returns_pricing_fields_and_flag" time="0.107" /><testcase classname="backend.tests.test_product_pricing_system.TestReportsProfitSummary" name="test_profit_summary_returns_overall_and_periods" time="0.114" /><testcase classname="backend.tests.test_product_pricing_system.TestReportsProductProfit" name="test_product_profit_returns_per_product_breakdown" time="0.114" /><testcase classname="backend.tests.test_product_pricing_system.TestReportsInventoryValue" name="test_inventory_value_returns_summary_and_items" time="0.137" /><testcase classname="backend.tests.test_product_pricing_system.TestInvoicePurchasePriceStorage" name="test_invoice_stores_purchase_price_per_item" time="0.469" /><testcase classname="backend.tests.test_product_pricing_system.TestMarketplaceVisibility" name="test_listing_detail_has_productType_but_not_purchase_price" time="0.131" /><testcase classname="backend.tests.test_product_pricing_system.TestCompositePurchasePriceCalculation" name="test_composite_purchase_price_calculated_from_components" time="0.120"><skipped type="pytest.skip" message="No composite products available">/app/backend/tests/test_product_pricing_system.py:369: No composite products available</skipped></testcase><testcase classname="backend.tests.test_product_pricing_system.TestAuthenticationRequired" name="test_reports_endpoints_require_auth" time="0.363" /><testcase classname="backend.tests.test_product_pricing_system.TestAuthenticationRequired" name="test_invalid_token_returns_401" time="0.106" /></testsuite></testsuites>