<?xml version="1.0" encoding="utf-8"?><testsuites name="pytest tests"><testsuite name="pytest" errors="0" failures="0" skipped="0" tests="26" time="4.000" timestamp="2026-02-23T19:14:43.615506+00:00" hostname="agent-env-1a7a768b-79d5-4f48-a012-7fdecdaf9315"><testcase classname="backend.tests.test_quotation_system.TestQuoteEndpointsHealth" name="test_api_health" time="0.219" /><testcase classname="backend.tests.test_quotation_system.TestQuoteEndpointsHealth" name="test_seller_quotes_endpoint_reachable" time="0.126" /><testcase classname="backend.tests.test_quotation_system.TestExistingQuoteOperations" name="test_seller_list_shows_quote" time="0.144" /><testcase classname="backend.tests.test_quotation_system.TestExistingQuoteOperations" name="test_quote_id_format_non_sequential" time="0.104" /><testcase classname="backend.tests.test_quotation_system.TestExistingQuoteOperations" name="test_total_price_calculation" time="0.242" /><testcase classname="backend.tests.test_quotation_system.TestExistingQuoteOperations" name="test_whatsapp_redirect_marks_flag" time="0.281" /><testcase classname="backend.tests.test_quotation_system.TestExistingQuoteOperations" name="test_seller_cannot_accept_own_quote" time="0.137" /><testcase classname="backend.tests.test_quotation_system.TestExistingQuoteOperations" name="test_seller_cannot_reject_own_quote" time="0.124" /><testcase classname="backend.tests.test_quotation_system.TestQuoteCreation" name="test_create_quote_requires_seller_role" time="0.140" /><testcase classname="backend.tests.test_quotation_system.TestQuoteCreation" name="test_create_quote_validates_validity_days_max_15" time="0.108" /><testcase classname="backend.tests.test_quotation_system.TestPublicQuoteView" name="test_public_quote_view_with_token" time="0.152" /><testcase classname="backend.tests.test_quotation_system.TestPublicQuoteView" name="test_public_quote_view_invalid_token" time="0.109" /><testcase classname="backend.tests.test_quotation_system.TestPublicQuoteView" name="test_public_quote_view_requires_token" time="0.253" /><testcase classname="backend.tests.test_quotation_system.TestQuoteExpiry" name="test_expire_quotes_endpoint" time="0.133" /><testcase classname="backend.tests.test_quotation_system.TestQuoteAnalytics" name="test_seller_analytics" time="0.136" /><testcase classname="backend.tests.test_quotation_system.TestQuoteLists" name="test_seller_quotes_list" time="0.118" /><testcase classname="backend.tests.test_quotation_system.TestQuoteLists" name="test_seller_quotes_list_filter_by_status" time="0.136" /><testcase classname="backend.tests.test_quotation_system.TestQuoteLists" name="test_buyer_quotes_list" time="0.219" /><testcase classname="backend.tests.test_quotation_system.TestQuoteValidation" name="test_create_quote_requires_inquiry_id" time="0.109" /><testcase classname="backend.tests.test_quotation_system.TestQuoteValidation" name="test_create_quote_requires_positive_price" time="0.126" /><testcase classname="backend.tests.test_quotation_system.TestQuoteValidation" name="test_create_quote_requires_positive_moq" time="0.129" /><testcase classname="backend.tests.test_quotation_system.TestQuoteStatusTransitions" name="test_quote_status_is_viewed_after_view" time="0.138" /><testcase classname="backend.tests.test_quotation_system.TestQuoteStatusTransitions" name="test_viewed_quote_has_viewedAt_timestamp" time="0.130" /><testcase classname="backend.tests.test_quotation_system.TestQuoteDataIntegrity" name="test_quote_has_all_required_fields" time="0.135" /><testcase classname="backend.tests.test_quotation_system.TestQuoteDataIntegrity" name="test_quote_transport_always_false" time="0.150" /><testcase classname="backend.tests.test_quotation_system.TestAdminAnalytics" name="test_platform_wide_analytics" time="0.117" /></testsuite></testsuites>