<?xml version="1.0" encoding="utf-8"?><testsuites name="pytest tests"><testsuite name="pytest" errors="0" failures="0" skipped="0" tests="26" time="4.686" timestamp="2026-02-23T19:16:58.917394+00:00" hostname="agent-env-1a7a768b-79d5-4f48-a012-7fdecdaf9315"><testcase classname="backend.tests.test_quotation_system.TestQuoteEndpointsHealth" name="test_api_health" time="0.148" /><testcase classname="backend.tests.test_quotation_system.TestQuoteEndpointsHealth" name="test_seller_quotes_endpoint_reachable" time="0.169" /><testcase classname="backend.tests.test_quotation_system.TestExistingQuoteOperations" name="test_seller_list_shows_quote" time="0.176" /><testcase classname="backend.tests.test_quotation_system.TestExistingQuoteOperations" name="test_quote_id_format_non_sequential" time="0.116" /><testcase classname="backend.tests.test_quotation_system.TestExistingQuoteOperations" name="test_total_price_calculation" time="0.149" /><testcase classname="backend.tests.test_quotation_system.TestExistingQuoteOperations" name="test_whatsapp_redirect_marks_flag" time="0.463" /><testcase classname="backend.tests.test_quotation_system.TestExistingQuoteOperations" name="test_seller_cannot_accept_own_quote" time="0.164" /><testcase classname="backend.tests.test_quotation_system.TestExistingQuoteOperations" name="test_seller_cannot_reject_own_quote" time="0.199" /><testcase classname="backend.tests.test_quotation_system.TestQuoteCreation" name="test_create_quote_requires_seller_role" time="0.113" /><testcase classname="backend.tests.test_quotation_system.TestQuoteCreation" name="test_create_quote_validates_validity_days_max_15" time="0.265" /><testcase classname="backend.tests.test_quotation_system.TestPublicQuoteView" name="test_public_quote_view_with_token" time="0.117" /><testcase classname="backend.tests.test_quotation_system.TestPublicQuoteView" name="test_public_quote_view_invalid_token" time="0.159" /><testcase classname="backend.tests.test_quotation_system.TestPublicQuoteView" name="test_public_quote_view_requires_token" time="0.244" /><testcase classname="backend.tests.test_quotation_system.TestQuoteExpiry" name="test_expire_quotes_endpoint" time="0.136" /><testcase classname="backend.tests.test_quotation_system.TestQuoteAnalytics" name="test_seller_analytics" time="0.170" /><testcase classname="backend.tests.test_quotation_system.TestQuoteLists" name="test_seller_quotes_list" time="0.176" /><testcase classname="backend.tests.test_quotation_system.TestQuoteLists" name="test_seller_quotes_list_filter_by_status" time="0.215" /><testcase classname="backend.tests.test_quotation_system.TestQuoteLists" name="test_buyer_quotes_list" time="0.144" /><testcase classname="backend.tests.test_quotation_system.TestQuoteValidation" name="test_create_quote_requires_inquiry_id" time="0.199" /><testcase classname="backend.tests.test_quotation_system.TestQuoteValidation" name="test_create_quote_requires_positive_price" time="0.126" /><testcase classname="backend.tests.test_quotation_system.TestQuoteValidation" name="test_create_quote_requires_positive_moq" time="0.127" /><testcase classname="backend.tests.test_quotation_system.TestQuoteStatusTransitions" name="test_quote_status_is_viewed_after_view" time="0.170" /><testcase classname="backend.tests.test_quotation_system.TestQuoteStatusTransitions" name="test_viewed_quote_has_viewedAt_timestamp" time="0.137" /><testcase classname="backend.tests.test_quotation_system.TestQuoteDataIntegrity" name="test_quote_has_all_required_fields" time="0.172" /><testcase classname="backend.tests.test_quotation_system.TestQuoteDataIntegrity" name="test_quote_transport_always_false" time="0.172" /><testcase classname="backend.tests.test_quotation_system.TestAdminAnalytics" name="test_platform_wide_analytics" time="0.200" /></testsuite></testsuites>