<?xml version="1.0" encoding="utf-8"?><testsuites name="pytest tests"><testsuite name="pytest" errors="0" failures="0" skipped="0" tests="24" time="2.340" timestamp="2026-03-20T05:35:26.252027+00:00" hostname="agent-env-6df9012e-dbf0-4d52-b23c-3121f82be13c"><testcase classname="backend.tests.test_quotation_offline_module.TestQuotationEndpointAuth" name="test_api_health" time="0.151" /><testcase classname="backend.tests.test_quotation_offline_module.TestQuotationEndpointAuth" name="test_list_quotations_requires_auth" time="0.124" /><testcase classname="backend.tests.test_quotation_offline_module.TestQuotationEndpointAuth" name="test_create_quotation_requires_auth" time="0.098" /><testcase classname="backend.tests.test_quotation_offline_module.TestQuotationEndpointAuth" name="test_get_quotation_pdf_requires_auth" time="0.110" /><testcase classname="backend.tests.test_quotation_offline_module.TestQuotationEndpointAuth" name="test_store_prefill_requires_auth" time="0.100" /><testcase classname="backend.tests.test_quotation_offline_module.TestQuotationEndpointAuth" name="test_get_prefill_requires_auth" time="0.094" /><testcase classname="backend.tests.test_quotation_offline_module.TestQuotationEndpointAuth" name="test_mark_converted_requires_auth" time="0.119" /><testcase classname="backend.tests.test_quotation_offline_module.TestQuotationEndpointAuth" name="test_sync_offline_quotation_requires_auth" time="0.101" /><testcase classname="backend.tests.test_quotation_offline_module.TestQuotationEndpointAuth" name="test_delete_quotation_requires_auth" time="0.098" /><testcase classname="backend.tests.test_quotation_offline_module.TestQuotationEndpointAuth" name="test_update_quotation_requires_auth" time="0.147" /><testcase classname="backend.tests.test_quotation_offline_module.TestBuyerSyncEndpoint" name="test_buyer_sync_offline_requires_auth" time="0.113" /><testcase classname="backend.tests.test_quotation_offline_module.TestQuotationPDFServiceImport" name="test_pdf_service_import" time="0.207" /><testcase classname="backend.tests.test_quotation_offline_module.TestQuotationPDFServiceImport" name="test_pdf_generation_with_mock_data" time="0.009" /><testcase classname="backend.tests.test_quotation_offline_module.TestQuotationPDFServiceImport" name="test_pdf_generation_with_offline_watermark" time="0.006" /><testcase classname="backend.tests.test_quotation_offline_module.TestRouterEndpointExistence" name="test_quotations_list_endpoint_exists" time="0.100" /><testcase classname="backend.tests.test_quotation_offline_module.TestRouterEndpointExistence" name="test_quotations_create_endpoint_exists" time="0.094" /><testcase classname="backend.tests.test_quotation_offline_module.TestRouterEndpointExistence" name="test_quotations_pdf_endpoint_exists" time="0.104" /><testcase classname="backend.tests.test_quotation_offline_module.TestRouterEndpointExistence" name="test_quotations_store_prefill_endpoint_exists" time="0.103" /><testcase classname="backend.tests.test_quotation_offline_module.TestRouterEndpointExistence" name="test_quotations_get_prefill_endpoint_exists" time="0.101" /><testcase classname="backend.tests.test_quotation_offline_module.TestRouterEndpointExistence" name="test_quotations_mark_converted_endpoint_exists" time="0.092" /><testcase classname="backend.tests.test_quotation_offline_module.TestRouterEndpointExistence" name="test_quotations_sync_offline_endpoint_exists" time="0.095" /><testcase classname="backend.tests.test_quotation_offline_module.TestRouterEndpointExistence" name="test_buyers_sync_offline_endpoint_exists" time="0.091" /><testcase classname="backend.tests.test_quotation_offline_module.TestSyncEngineSortPriority" name="test_sync_priority_order_verified_in_code" time="0.000" /><testcase classname="backend.tests.test_quotation_offline_module.TestOfflineStoreTypes" name="test_offline_store_supports_quotation_type" time="0.000" /></testsuite></testsuites>