<?xml version="1.0" encoding="utf-8"?><testsuites name="pytest tests"><testsuite name="pytest" errors="0" failures="0" skipped="0" tests="15" time="1.904" timestamp="2026-03-05T11:26:00.480631+00:00" hostname="agent-env-b0e22632-635f-4c7c-bfa6-0ff7246cabcf"><testcase classname="backend.tests.test_raw_material_calculator.TestMaterialsAPI" name="test_get_materials_success" time="0.146" /><testcase classname="backend.tests.test_raw_material_calculator.TestMaterialsAPI" name="test_materials_have_required_fields" time="0.102" /><testcase classname="backend.tests.test_raw_material_calculator.TestMaterialsAPI" name="test_materials_includes_expected_types" time="0.096" /><testcase classname="backend.tests.test_raw_material_calculator.TestShapesAPI" name="test_get_shapes_success" time="0.110" /><testcase classname="backend.tests.test_raw_material_calculator.TestShapesAPI" name="test_shapes_have_required_fields" time="0.136" /><testcase classname="backend.tests.test_raw_material_calculator.TestShapesAPI" name="test_shapes_includes_expected_types" time="0.132" /><testcase classname="backend.tests.test_raw_material_calculator.TestCalculateRoundBar" name="test_calculate_round_bar_basic" time="0.161" /><testcase classname="backend.tests.test_raw_material_calculator.TestCalculateRoundBar" name="test_calculate_round_bar_quantity" time="0.107" /><testcase classname="backend.tests.test_raw_material_calculator.TestCalculatePipe" name="test_calculate_pipe_basic" time="0.146" /><testcase classname="backend.tests.test_raw_material_calculator.TestCalculatePlate" name="test_calculate_plate_with_price" time="0.153" /><testcase classname="backend.tests.test_raw_material_calculator.TestCalculateSquareBar" name="test_calculate_square_bar" time="0.107" /><testcase classname="backend.tests.test_raw_material_calculator.TestCalculateSheet" name="test_calculate_sheet" time="0.134" /><testcase classname="backend.tests.test_raw_material_calculator.TestCalculateEdgeCases" name="test_invalid_shape_returns_error" time="0.099" /><testcase classname="backend.tests.test_raw_material_calculator.TestCalculateEdgeCases" name="test_unit_conversion_inch" time="0.098" /><testcase classname="backend.tests.test_raw_material_calculator.TestResponseFormat" name="test_response_has_display_fields" time="0.103" /></testsuite></testsuites>