<?xml version="1.0" encoding="utf-8"?><testsuites name="pytest tests"><testsuite name="pytest" errors="0" failures="0" skipped="0" tests="14" time="3.419" timestamp="2026-03-05T14:56:53.539503+00:00" hostname="agent-env-b0e22632-635f-4c7c-bfa6-0ff7246cabcf"><testcase classname="backend.tests.test_raw_material_spec_visibility.TestSpecTemplatesByCategoryEndpoint" name="test_endpoint_exists" time="0.143" /><testcase classname="backend.tests.test_raw_material_spec_visibility.TestSpecTemplatesByCategoryEndpoint" name="test_valid_category_returns_proper_structure" time="0.234" /><testcase classname="backend.tests.test_raw_material_spec_visibility.TestSpecTemplatesByCategoryEndpoint" name="test_returns_raw_material_template_when_template_type_is_raw_material" time="0.367" /><testcase classname="backend.tests.test_raw_material_spec_visibility.TestSpecTemplatesByCategoryEndpoint" name="test_invalid_category_id_returns_400" time="0.123" /><testcase classname="backend.tests.test_raw_material_spec_visibility.TestSpecTemplatesByCategoryEndpoint" name="test_nonexistent_category_returns_404" time="0.108" /><testcase classname="backend.tests.test_raw_material_spec_visibility.TestProductRawMaterialConfigEndpoint" name="test_endpoint_exists" time="0.106" /><testcase classname="backend.tests.test_raw_material_spec_visibility.TestProductRawMaterialConfigEndpoint" name="test_valid_product_returns_config" time="0.236" /><testcase classname="backend.tests.test_raw_material_spec_visibility.TestProductRawMaterialConfigEndpoint" name="test_raw_material_product_returns_calculator_config" time="0.628" /><testcase classname="backend.tests.test_raw_material_spec_visibility.TestProductRawMaterialConfigEndpoint" name="test_standard_product_returns_is_raw_material_false" time="0.252" /><testcase classname="backend.tests.test_raw_material_spec_visibility.TestProductRawMaterialConfigEndpoint" name="test_materials_list_structure" time="0.457" /><testcase classname="backend.tests.test_raw_material_spec_visibility.TestProductRawMaterialConfigEndpoint" name="test_invalid_product_id_returns_400" time="0.130" /><testcase classname="backend.tests.test_raw_material_spec_visibility.TestProductRawMaterialConfigEndpoint" name="test_nonexistent_product_returns_404" time="0.117" /><testcase classname="backend.tests.test_raw_material_spec_visibility.TestCategoryTypeAndTemplateTypeInteraction" name="test_both_detection_methods_work" time="0.220" /><testcase classname="backend.tests.test_raw_material_spec_visibility.TestCategoryTypeAndTemplateTypeInteraction" name="test_spec_template_by_category_checks_template_type" time="0.218" /></testsuite></testsuites>