<?xml version="1.0" encoding="utf-8"?><testsuites name="pytest tests"><testsuite name="pytest" errors="0" failures="0" skipped="0" tests="15" time="0.953" timestamp="2026-03-19T17:34:09.925225+00:00" hostname="agent-env-7c7b7c05-8d4c-4cb9-a623-831a10880b6c"><testcase classname="backend.tests.test_react_select_invoices_iteration94.TestInvoicePageAPIs" name="test_health_check" time="0.192" /><testcase classname="backend.tests.test_react_select_invoices_iteration94.TestInvoicePageAPIs" name="test_invoices_page_loads" time="0.199" /><testcase classname="backend.tests.test_react_select_invoices_iteration94.TestInvoicePageAPIs" name="test_business_tools_page_loads" time="0.161" /><testcase classname="backend.tests.test_react_select_invoices_iteration94.TestInvoicePageAPIs" name="test_invoices_api_requires_auth" time="0.114" /><testcase classname="backend.tests.test_react_select_invoices_iteration94.TestInvoicePageAPIs" name="test_buyers_api_requires_auth" time="0.110" /><testcase classname="backend.tests.test_react_select_invoices_iteration94.TestInvoicePageAPIs" name="test_invoice_products_api_requires_auth" time="0.107" /><testcase classname="backend.tests.test_react_select_invoices_iteration94.TestReactSelectCodeVerification" name="test_package_json_has_react_select" time="0.000" /><testcase classname="backend.tests.test_react_select_invoices_iteration94.TestReactSelectCodeVerification" name="test_invoices_page_imports_react_select" time="0.000" /><testcase classname="backend.tests.test_react_select_invoices_iteration94.TestReactSelectCodeVerification" name="test_buyer_dropdown_uses_react_select" time="0.000" /><testcase classname="backend.tests.test_react_select_invoices_iteration94.TestReactSelectCodeVerification" name="test_product_dropdown_uses_react_select" time="0.000" /><testcase classname="backend.tests.test_react_select_invoices_iteration94.TestReactSelectCodeVerification" name="test_product_dropdown_shows_stock_info" time="0.000" /><testcase classname="backend.tests.test_react_select_invoices_iteration94.TestReactSelectCodeVerification" name="test_manual_entry_input_exists" time="0.000" /><testcase classname="backend.tests.test_react_select_invoices_iteration94.TestReactSelectCodeVerification" name="test_dropdowns_are_clearable" time="0.000" /><testcase classname="backend.tests.test_react_select_invoices_iteration94.TestReactSelectCodeVerification" name="test_custom_styles_defined" time="0.000" /><testcase classname="backend.tests.test_react_select_invoices_iteration94.TestReactSelectCodeVerification" name="test_gst_dropdown_is_native_select" time="0.000" /></testsuite></testsuites>