<?xml version="1.0" encoding="utf-8"?><testsuites name="pytest tests"><testsuite name="pytest" errors="0" failures="0" skipped="0" tests="11" time="1.404" timestamp="2026-02-22T10:33:49.502358+00:00" hostname="agent-env-7b77a0ac-d7f3-422a-b242-9cc970f24f94"><testcase classname="tests.test_role_registration_flow.TestHealthEndpoint" name="test_health_returns_200" time="0.236" /><testcase classname="tests.test_role_registration_flow.TestCompleteProfileEndpoint" name="test_complete_profile_requires_auth_token" time="0.118" /><testcase classname="tests.test_role_registration_flow.TestCompleteProfileEndpoint" name="test_complete_profile_with_invalid_token" time="0.097" /><testcase classname="tests.test_role_registration_flow.TestCompleteProfileEndpoint" name="test_complete_profile_validates_required_fields" time="0.131" /><testcase classname="tests.test_role_registration_flow.TestCompleteProfileEndpoint" name="test_complete_profile_seller_requires_gst" time="0.103" /><testcase classname="tests.test_role_registration_flow.TestSellerSubscriptionStatusEndpoint" name="test_subscription_status_requires_auth" time="0.113" /><testcase classname="tests.test_role_registration_flow.TestSellerSubscriptionStatusEndpoint" name="test_subscription_status_with_invalid_token" time="0.103" /><testcase classname="tests.test_role_registration_flow.TestDevTokenAuth" name="test_dev_token_auth_for_admin" time="0.131" /><testcase classname="tests.test_role_registration_flow.TestAuthCheckRegistration" name="test_check_registration_requires_auth" time="0.105" /><testcase classname="tests.test_role_registration_flow.TestCategoriesPublicEndpoint" name="test_categories_returns_list" time="0.105" /><testcase classname="tests.test_role_registration_flow.TestProductsPublicEndpoint" name="test_products_returns_list" time="0.102" /></testsuite></testsuites>