<?xml version="1.0" encoding="utf-8"?><testsuites name="pytest tests"><testsuite name="pytest" errors="0" failures="2" skipped="3" tests="15" time="4.087" timestamp="2026-03-22T10:22:40.660498+00:00" hostname="agent-env-537605c6-b3c9-450b-aa9d-9331cd02c57d"><testcase classname="backend.tests.test_relation_field_lookup.TestRelationFieldLookup" name="test_health_check" time="0.233" /><testcase classname="backend.tests.test_relation_field_lookup.TestRelationFieldLookup" name="test_access_level_advanced" time="0.108" /><testcase classname="backend.tests.test_relation_field_lookup.TestRelationFieldLookup" name="test_create_panel_with_inventory_module_auto_adds_product_field" time="0.210" /><testcase classname="backend.tests.test_relation_field_lookup.TestRelationFieldLookup" name="test_create_panel_with_invoices_module_auto_adds_invoice_field" time="0.276" /><testcase classname="backend.tests.test_relation_field_lookup.TestRelationFieldLookup" name="test_relation_lookup_inventory_returns_products" time="0.346" /><testcase classname="backend.tests.test_relation_field_lookup.TestRelationFieldLookup" name="test_relation_lookup_invoices_returns_invoices" time="0.325" /><testcase classname="backend.tests.test_relation_field_lookup.TestRelationFieldLookup" name="test_relation_lookup_with_search_filter" time="0.309" /><testcase classname="backend.tests.test_relation_field_lookup.TestRelationFieldLookup" name="test_create_record_with_valid_relation_value" time="0.099"><skipped type="pytest.skip" message="Cannot access inventory products">/app/backend/tests/test_relation_field_lookup.py:260: Cannot access inventory products</skipped></testcase><testcase classname="backend.tests.test_relation_field_lookup.TestRelationFieldLookup" name="test_create_record_with_invalid_relation_value_fails" time="0.362" /><testcase classname="backend.tests.test_relation_field_lookup.TestRelationFieldLookup" name="test_get_record_returns_resolved_relation" time="0.095"><skipped type="pytest.skip" message="Cannot access inventory products">/app/backend/tests/test_relation_field_lookup.py:353: Cannot access inventory products</skipped></testcase><testcase classname="backend.tests.test_relation_field_lookup.TestRelationFieldLookup" name="test_list_records_returns_resolved_relations" time="0.098"><skipped type="pytest.skip" message="Cannot access inventory products">/app/backend/tests/test_relation_field_lookup.py:421: Cannot access inventory products</skipped></testcase><testcase classname="backend.tests.test_relation_field_lookup.TestRelationFieldLookup" name="test_relation_lookup_custom_panel" time="0.751" /><testcase classname="backend.tests.test_relation_field_lookup.TestRelationFieldEdgeCases" name="test_relation_lookup_empty_search" time="0.326" /><testcase classname="backend.tests.test_relation_field_lookup.TestRelationFieldEdgeCases" name="test_relation_lookup_no_target" time="0.326"><failure message="assert 500 == 200&#10; +  where 500 = &lt;Response [500]&gt;.status_code">backend/tests/test_relation_field_lookup.py:612: in test_relation_lookup_no_target
    assert lookup_response.status_code == 200
E   assert 500 == 200
E    +  where 500 = &lt;Response [500]&gt;.status_code</failure></testcase><testcase classname="backend.tests.test_relation_field_lookup.TestRelationFieldEdgeCases" name="test_relation_lookup_invalid_panel_id" time="0.100"><failure message="AssertionError: Expected 404, got 200&#10;assert 200 == 404&#10; +  where 200 = &lt;Response [200]&gt;.status_code">backend/tests/test_relation_field_lookup.py:627: in test_relation_lookup_invalid_panel_id
    assert lookup_response.status_code == 404, f"Expected 404, got {lookup_response.status_code}"
E   AssertionError: Expected 404, got 200
E   assert 200 == 404
E    +  where 200 = &lt;Response [200]&gt;.status_code</failure></testcase></testsuite></testsuites>