<?xml version="1.0" encoding="utf-8"?><testsuites name="pytest tests"><testsuite name="pytest" errors="0" failures="0" skipped="0" tests="22" time="2.806" timestamp="2026-03-19T08:23:24.270379+00:00" hostname="agent-env-f0a92a4b-7003-4077-a696-08ffebca0982"><testcase classname="backend.tests.test_reports_phase3_overview.TestOverviewEndpoint" name="test_overview_returns_200" time="0.294" /><testcase classname="backend.tests.test_reports_phase3_overview.TestOverviewEndpoint" name="test_overview_has_all_8_fields" time="0.115" /><testcase classname="backend.tests.test_reports_phase3_overview.TestOverviewEndpoint" name="test_overview_total_outstanding_is_number" time="0.151" /><testcase classname="backend.tests.test_reports_phase3_overview.TestOverviewEndpoint" name="test_overview_outstanding_count_is_integer" time="0.107" /><testcase classname="backend.tests.test_reports_phase3_overview.TestOverviewEndpoint" name="test_overview_overdue_invoices_is_integer" time="0.140" /><testcase classname="backend.tests.test_reports_phase3_overview.TestOverviewEndpoint" name="test_overview_low_stock_count_is_integer" time="0.139" /><testcase classname="backend.tests.test_reports_phase3_overview.TestOverviewEndpoint" name="test_overview_top_product_structure" time="0.112" /><testcase classname="backend.tests.test_reports_phase3_overview.TestOverviewEndpoint" name="test_overview_monthly_sales_is_number" time="0.115" /><testcase classname="backend.tests.test_reports_phase3_overview.TestOverviewEndpoint" name="test_overview_monthly_invoice_count_is_integer" time="0.122" /><testcase classname="backend.tests.test_reports_phase3_overview.TestOverviewEndpoint" name="test_overview_growth_percentage_is_number" time="0.145" /><testcase classname="backend.tests.test_reports_phase3_overview.TestOverviewEndpoint" name="test_overview_requires_auth" time="0.107" /><testcase classname="backend.tests.test_reports_phase3_overview.TestPhase1RegressionWithPhase3" name="test_outstanding_report_still_works" time="0.105" /><testcase classname="backend.tests.test_reports_phase3_overview.TestPhase1RegressionWithPhase3" name="test_purchase_report_still_works" time="0.110" /><testcase classname="backend.tests.test_reports_phase3_overview.TestPhase1RegressionWithPhase3" name="test_stock_movement_still_works" time="0.105" /><testcase classname="backend.tests.test_reports_phase3_overview.TestPhase2RegressionWithPhase3" name="test_buyer_ledger_still_works" time="0.105" /><testcase classname="backend.tests.test_reports_phase3_overview.TestPhase2RegressionWithPhase3" name="test_product_performance_still_works" time="0.108" /><testcase classname="backend.tests.test_reports_phase3_overview.TestPhase2RegressionWithPhase3" name="test_category_report_still_works" time="0.120" /><testcase classname="backend.tests.test_reports_phase3_overview.TestPhase2RegressionWithPhase3" name="test_low_stock_analytics_still_works" time="0.101" /><testcase classname="backend.tests.test_reports_phase3_overview.TestOriginalReportsRegression" name="test_sales_summary" time="0.102" /><testcase classname="backend.tests.test_reports_phase3_overview.TestOriginalReportsRegression" name="test_profit_summary" time="0.107" /><testcase classname="backend.tests.test_reports_phase3_overview.TestOriginalReportsRegression" name="test_inventory_status" time="0.110" /><testcase classname="backend.tests.test_reports_phase3_overview.TestOriginalReportsRegression" name="test_top_buyers" time="0.097" /></testsuite></testsuites>