<?xml version="1.0" encoding="utf-8"?><testsuites name="pytest tests"><testsuite name="pytest" errors="0" failures="0" skipped="3" tests="35" time="4.282" timestamp="2026-03-19T08:13:57.793019+00:00" hostname="agent-env-f0a92a4b-7003-4077-a696-08ffebca0982"><testcase classname="backend.tests.test_reports_phase2.TestBuyerLedgerReport" name="test_buyer_ledger_returns_200" time="0.238" /><testcase classname="backend.tests.test_reports_phase2.TestBuyerLedgerReport" name="test_buyer_ledger_has_summary" time="0.110" /><testcase classname="backend.tests.test_reports_phase2.TestBuyerLedgerReport" name="test_buyer_ledger_has_items" time="0.134" /><testcase classname="backend.tests.test_reports_phase2.TestBuyerLedgerReport" name="test_buyer_ledger_has_pagination" time="0.150" /><testcase classname="backend.tests.test_reports_phase2.TestBuyerLedgerReport" name="test_buyer_ledger_filter_by_buyer" time="0.148" /><testcase classname="backend.tests.test_reports_phase2.TestBuyerTransactions" name="test_buyer_transactions_returns_200" time="0.118"><skipped type="pytest.skip" message="No buyers available for transaction test">/app/backend/tests/test_reports_phase2.py:123: No buyers available for transaction test</skipped></testcase><testcase classname="backend.tests.test_reports_phase2.TestBuyerTransactions" name="test_buyer_transactions_has_buyer_info" time="0.136"><skipped type="pytest.skip" message="No buyers available">/app/backend/tests/test_reports_phase2.py:142: No buyers available</skipped></testcase><testcase classname="backend.tests.test_reports_phase2.TestBuyerTransactions" name="test_buyer_transactions_has_transactions_list" time="0.136"><skipped type="pytest.skip" message="No buyers available">/app/backend/tests/test_reports_phase2.py:168: No buyers available</skipped></testcase><testcase classname="backend.tests.test_reports_phase2.TestBuyerTransactions" name="test_buyer_transactions_invalid_buyer_returns_400" time="0.102" /><testcase classname="backend.tests.test_reports_phase2.TestProductPerformanceReport" name="test_product_performance_returns_200" time="0.097" /><testcase classname="backend.tests.test_reports_phase2.TestProductPerformanceReport" name="test_product_performance_has_summary" time="0.140" /><testcase classname="backend.tests.test_reports_phase2.TestProductPerformanceReport" name="test_product_performance_has_top_selling" time="0.099" /><testcase classname="backend.tests.test_reports_phase2.TestProductPerformanceReport" name="test_product_performance_has_slow_moving" time="0.153" /><testcase classname="backend.tests.test_reports_phase2.TestProductPerformanceReport" name="test_product_performance_has_items" time="0.097" /><testcase classname="backend.tests.test_reports_phase2.TestProductPerformanceReport" name="test_product_performance_has_pagination" time="0.099" /><testcase classname="backend.tests.test_reports_phase2.TestCategoryReport" name="test_category_report_returns_200" time="0.101" /><testcase classname="backend.tests.test_reports_phase2.TestCategoryReport" name="test_category_report_has_summary" time="0.136" /><testcase classname="backend.tests.test_reports_phase2.TestCategoryReport" name="test_category_report_has_items" time="0.104" /><testcase classname="backend.tests.test_reports_phase2.TestCategoryReport" name="test_category_report_has_uncategorized" time="0.106" /><testcase classname="backend.tests.test_reports_phase2.TestLowStockAnalytics" name="test_low_stock_returns_200" time="0.112" /><testcase classname="backend.tests.test_reports_phase2.TestLowStockAnalytics" name="test_low_stock_has_summary" time="0.103" /><testcase classname="backend.tests.test_reports_phase2.TestLowStockAnalytics" name="test_low_stock_has_items" time="0.104" /><testcase classname="backend.tests.test_reports_phase2.TestLowStockAnalytics" name="test_low_stock_has_pagination" time="0.113" /><testcase classname="backend.tests.test_reports_phase2.TestLowStockAnalytics" name="test_low_stock_sort_order" time="0.102" /><testcase classname="backend.tests.test_reports_phase2.TestPhase2Exports" name="test_export_buyer_ledger_csv" time="0.108" /><testcase classname="backend.tests.test_reports_phase2.TestPhase2Exports" name="test_export_buyer_ledger_xlsx" time="0.155" /><testcase classname="backend.tests.test_reports_phase2.TestPhase2Exports" name="test_export_product_performance_csv" time="0.105" /><testcase classname="backend.tests.test_reports_phase2.TestPhase2Exports" name="test_export_product_performance_xlsx" time="0.126" /><testcase classname="backend.tests.test_reports_phase2.TestPhase2Exports" name="test_export_category_report_csv" time="0.105" /><testcase classname="backend.tests.test_reports_phase2.TestPhase2Exports" name="test_export_category_report_xlsx" time="0.107" /><testcase classname="backend.tests.test_reports_phase2.TestPhase2Exports" name="test_export_low_stock_csv" time="0.102" /><testcase classname="backend.tests.test_reports_phase2.TestPhase2Exports" name="test_export_low_stock_xlsx" time="0.107" /><testcase classname="backend.tests.test_reports_phase2.TestPhase1RegressionChecks" name="test_outstanding_still_works" time="0.113" /><testcase classname="backend.tests.test_reports_phase2.TestPhase1RegressionChecks" name="test_purchase_still_works" time="0.102" /><testcase classname="backend.tests.test_reports_phase2.TestPhase1RegressionChecks" name="test_stock_movement_still_works" time="0.107" /></testsuite></testsuites>