<?xml version="1.0" encoding="utf-8"?><testsuites name="pytest tests"><testsuite name="pytest" errors="0" failures="0" skipped="0" tests="27" time="3.581" timestamp="2026-03-19T07:53:35.534393+00:00" hostname="agent-env-f0a92a4b-7003-4077-a696-08ffebca0982"><testcase classname="tests.test_reports_phase1.TestOutstandingReport" name="test_outstanding_report_structure" time="0.185" /><testcase classname="tests.test_reports_phase1.TestOutstandingReport" name="test_outstanding_summary_fields" time="0.117" /><testcase classname="tests.test_reports_phase1.TestOutstandingReport" name="test_outstanding_aging_buckets" time="0.112" /><testcase classname="tests.test_reports_phase1.TestOutstandingReport" name="test_outstanding_pagination" time="0.109" /><testcase classname="tests.test_reports_phase1.TestOutstandingReport" name="test_outstanding_buyer_filter" time="0.106" /><testcase classname="tests.test_reports_phase1.TestOutstandingReport" name="test_outstanding_date_filter" time="0.108" /><testcase classname="tests.test_reports_phase1.TestPurchaseReport" name="test_purchase_report_structure" time="0.118" /><testcase classname="tests.test_reports_phase1.TestPurchaseReport" name="test_purchase_summary_fields" time="0.113" /><testcase classname="tests.test_reports_phase1.TestPurchaseReport" name="test_purchase_supplier_filter" time="0.111" /><testcase classname="tests.test_reports_phase1.TestPurchaseReport" name="test_purchase_date_filter" time="0.098" /><testcase classname="tests.test_reports_phase1.TestPurchaseReport" name="test_purchase_pagination" time="0.104" /><testcase classname="tests.test_reports_phase1.TestStockMovementReport" name="test_stock_movement_structure" time="0.101" /><testcase classname="tests.test_reports_phase1.TestStockMovementReport" name="test_stock_movement_summary_fields" time="0.119" /><testcase classname="tests.test_reports_phase1.TestStockMovementReport" name="test_stock_movement_item_structure" time="0.105" /><testcase classname="tests.test_reports_phase1.TestStockMovementReport" name="test_stock_movement_product_filter" time="0.107" /><testcase classname="tests.test_reports_phase1.TestStockMovementReport" name="test_stock_movement_date_filter" time="0.105" /><testcase classname="tests.test_reports_phase1.TestExportEndpoints" name="test_export_outstanding_csv" time="0.117" /><testcase classname="tests.test_reports_phase1.TestExportEndpoints" name="test_export_outstanding_xlsx" time="0.319" /><testcase classname="tests.test_reports_phase1.TestExportEndpoints" name="test_export_purchase_orders_csv" time="0.100" /><testcase classname="tests.test_reports_phase1.TestExportEndpoints" name="test_export_purchase_orders_xlsx" time="0.109" /><testcase classname="tests.test_reports_phase1.TestExportEndpoints" name="test_export_stock_movement_csv" time="0.112" /><testcase classname="tests.test_reports_phase1.TestExportEndpoints" name="test_export_stock_movement_xlsx" time="0.108" /><testcase classname="tests.test_reports_phase1.TestExportEndpoints" name="test_export_date_filtering" time="0.336" /><testcase classname="tests.test_reports_phase1.TestExistingReportsIntegrity" name="test_sales_summary" time="0.145" /><testcase classname="tests.test_reports_phase1.TestExistingReportsIntegrity" name="test_profit_summary" time="0.103" /><testcase classname="tests.test_reports_phase1.TestExistingReportsIntegrity" name="test_inventory_status" time="0.113" /><testcase classname="tests.test_reports_phase1.TestExistingReportsIntegrity" name="test_top_buyers" time="0.112" /></testsuite></testsuites>