<?xml version="1.0" encoding="utf-8"?><testsuites name="pytest tests"><testsuite name="pytest" errors="0" failures="0" skipped="0" tests="19" time="0.662" timestamp="2026-02-28T05:59:38.839166+00:00" hostname="agent-env-8f9d82fd-2872-4a06-a43b-e6787bdb89b9"><testcase classname="backend.tests.test_resend_email_migration.TestBackendHealth" name="test_health_endpoint_returns_200" time="0.151" /><testcase classname="backend.tests.test_resend_email_migration.TestEmailServiceFiles" name="test_old_email_verification_service_removed" time="0.000" /><testcase classname="backend.tests.test_resend_email_migration.TestEmailServiceFiles" name="test_new_email_service_exists" time="0.000" /><testcase classname="backend.tests.test_resend_email_migration.TestEmailServiceFiles" name="test_email_service_has_required_classes" time="0.000" /><testcase classname="backend.tests.test_resend_email_migration.TestEmailServiceFiles" name="test_email_service_uses_resend" time="0.000" /><testcase classname="backend.tests.test_resend_email_migration.TestEmailServiceFiles" name="test_email_service_has_mock_mode" time="0.000" /><testcase classname="backend.tests.test_resend_email_migration.TestEmailServiceFiles" name="test_email_service_uses_sha256_tokens" time="0.000" /><testcase classname="backend.tests.test_resend_email_migration.TestEmailServiceFiles" name="test_email_service_has_1hour_expiry" time="0.000" /><testcase classname="backend.tests.test_resend_email_migration.TestServerEmailImports" name="test_server_imports_email_service" time="0.001" /><testcase classname="backend.tests.test_resend_email_migration.TestServerEmailImports" name="test_server_imports_verification_service" time="0.001" /><testcase classname="backend.tests.test_resend_email_migration.TestQuotationRouterEmail" name="test_quotation_router_imports_email_service" time="0.000" /><testcase classname="backend.tests.test_resend_email_migration.TestQuotationRouterEmail" name="test_quotation_router_sends_email_on_quote" time="0.000" /><testcase classname="backend.tests.test_resend_email_migration.TestEnvConfiguration" name="test_resend_api_key_in_env" time="0.000" /><testcase classname="backend.tests.test_resend_email_migration.TestEnvConfiguration" name="test_sender_email_in_env" time="0.000" /><testcase classname="backend.tests.test_resend_email_migration.TestNoZohoReferences" name="test_no_zoho_in_email_service" time="0.000" /><testcase classname="backend.tests.test_resend_email_migration.TestNoZohoReferences" name="test_no_zoho_in_env" time="0.000" /><testcase classname="backend.tests.test_resend_email_migration.TestEmailServiceMockMode" name="test_send_verification_endpoint_exists" time="0.154" /><testcase classname="backend.tests.test_resend_email_migration.TestEmailServiceMockMode" name="test_verify_email_endpoint_exists" time="0.142" /><testcase classname="backend.tests.test_resend_email_migration.TestEmailServiceMockMode" name="test_resend_verification_endpoint_exists" time="0.142" /></testsuite></testsuites>