<?xml version="1.0" encoding="utf-8"?><testsuites name="pytest tests"><testsuite name="pytest" errors="0" failures="0" skipped="0" tests="15" time="1.593" timestamp="2026-03-10T14:58:03.929176+00:00" hostname="agent-env-48acbbe2-254f-427c-8888-825e3a588b30"><testcase classname="backend.tests.test_seller_catalog_feature.TestHealthCheck" name="test_health_check" time="0.247" /><testcase classname="backend.tests.test_seller_catalog_feature.TestSellerCatalogAPI" name="test_seller_catalog_returns_404_for_non_existent_slug" time="0.220" /><testcase classname="backend.tests.test_seller_catalog_feature.TestSellerCatalogAPI" name="test_seller_catalog_returns_404_for_invalid_objectid" time="0.129" /><testcase classname="backend.tests.test_seller_catalog_feature.TestSellerCatalogAPI" name="test_seller_catalog_returns_404_for_auth_overhaul_33" time="0.137" /><testcase classname="backend.tests.test_seller_catalog_feature.TestSellerCatalogAPI" name="test_seller_catalog_category_returns_404_for_non_existent_seller" time="0.136" /><testcase classname="backend.tests.test_seller_catalog_feature.TestSellerCatalogAPI" name="test_seller_catalog_accepts_products_per_category_param" time="0.127" /><testcase classname="backend.tests.test_seller_catalog_feature.TestSellerSlugGeneration" name="test_generate_slug_logic" time="0.000" /><testcase classname="backend.tests.test_seller_catalog_feature.TestSellerSlugGeneration" name="test_slug_max_length" time="0.000" /><testcase classname="backend.tests.test_seller_catalog_feature.TestEnterpriseEstablishmentYearValidation" name="test_establishment_year_min_value" time="0.000" /><testcase classname="backend.tests.test_seller_catalog_feature.TestEnterpriseEstablishmentYearValidation" name="test_establishment_year_max_value" time="0.000" /><testcase classname="backend.tests.test_seller_catalog_feature.TestEnterpriseEstablishmentYearValidation" name="test_profile_complete_model_validation_rules" time="0.000" /><testcase classname="backend.tests.test_seller_catalog_feature.TestSellerCatalogResponseStructure" name="test_expected_response_fields" time="0.000" /><testcase classname="backend.tests.test_seller_catalog_feature.TestEnterpriseProductSellerInterface" name="test_enterprise_product_api_includes_seller_slug" time="0.243" /><testcase classname="backend.tests.test_seller_catalog_feature.TestSellerCatalogByIdEndpoint" name="test_seller_catalog_by_id_returns_404_for_invalid_id" time="0.148" /><testcase classname="backend.tests.test_seller_catalog_feature.TestSellerCatalogByIdEndpoint" name="test_seller_catalog_by_id_returns_404_for_non_existent_seller" time="0.136" /></testsuite></testsuites>