<?xml version="1.0" encoding="utf-8"?><testsuites name="pytest tests"><testsuite name="pytest" errors="0" failures="0" skipped="0" tests="20" time="3.097" timestamp="2026-03-09T15:52:04.006207+00:00" hostname="agent-env-cb52f182-0f26-4b90-b212-a6ecb43163ba"><testcase classname="backend.tests.test_seller_whatsapp_contacts.TestHealthAndBasics" name="test_health_check" time="0.309" /><testcase classname="backend.tests.test_seller_whatsapp_contacts.TestWhatsAppContactsAuth" name="test_get_contacts_unauthorized" time="0.171" /><testcase classname="backend.tests.test_seller_whatsapp_contacts.TestWhatsAppContactsAuth" name="test_get_contacts_with_auth" time="0.126" /><testcase classname="backend.tests.test_seller_whatsapp_contacts.TestWhatsAppContactCRUD" name="test_add_contact_invalid_phone" time="0.156" /><testcase classname="backend.tests.test_seller_whatsapp_contacts.TestWhatsAppContactCRUD" name="test_add_contact_valid_phone" time="0.137" /><testcase classname="backend.tests.test_seller_whatsapp_contacts.TestWhatsAppContactCRUD" name="test_add_first_contact_becomes_primary" time="0.191" /><testcase classname="backend.tests.test_seller_whatsapp_contacts.TestWhatsAppContactUpdate" name="test_update_nonexistent_contact" time="0.152" /><testcase classname="backend.tests.test_seller_whatsapp_contacts.TestWhatsAppContactUpdate" name="test_update_invalid_id_format" time="0.136" /><testcase classname="backend.tests.test_seller_whatsapp_contacts.TestWhatsAppContactDelete" name="test_delete_nonexistent_contact" time="0.128" /><testcase classname="backend.tests.test_seller_whatsapp_contacts.TestWhatsAppSetPrimary" name="test_set_primary_nonexistent" time="0.106" /><testcase classname="backend.tests.test_seller_whatsapp_contacts.TestWhatsAppSettings" name="test_get_settings_unauthorized" time="0.113" /><testcase classname="backend.tests.test_seller_whatsapp_contacts.TestWhatsAppSettings" name="test_get_settings_with_auth" time="0.118" /><testcase classname="backend.tests.test_seller_whatsapp_contacts.TestWhatsAppSettings" name="test_update_settings_toggle_on" time="0.095" /><testcase classname="backend.tests.test_seller_whatsapp_contacts.TestWhatsAppSettings" name="test_update_settings_toggle_off" time="0.106" /><testcase classname="backend.tests.test_seller_whatsapp_contacts.TestPublicSellerPrimaryContact" name="test_public_endpoint_invalid_seller" time="0.117" /><testcase classname="backend.tests.test_seller_whatsapp_contacts.TestPublicSellerPrimaryContact" name="test_public_endpoint_valid_seller_no_contacts" time="0.108" /><testcase classname="backend.tests.test_seller_whatsapp_contacts.TestPhoneNumberValidation" name="test_phone_without_plus" time="0.122" /><testcase classname="backend.tests.test_seller_whatsapp_contacts.TestPhoneNumberValidation" name="test_phone_too_short" time="0.132" /><testcase classname="backend.tests.test_seller_whatsapp_contacts.TestPhoneNumberValidation" name="test_phone_with_spaces_cleaned" time="0.136" /><testcase classname="backend.tests.test_seller_whatsapp_contacts.TestE2EWhatsAppFlow" name="test_full_crud_flow" time="0.351" /></testsuite></testsuites>