<?xml version="1.0" encoding="utf-8"?><testsuites name="pytest tests"><testsuite name="pytest" errors="0" failures="0" skipped="0" tests="12" time="2.029" timestamp="2026-03-10T16:42:42.451712+00:00" hostname="agent-env-0633c8ea-94d3-45a1-bbfb-c1490ccac7ec"><testcase classname="backend.tests.test_seller_catalog_system.TestHealthCheck" name="test_health_check" time="0.257" /><testcase classname="backend.tests.test_seller_catalog_system.TestSellerCatalogAPI" name="test_seller_catalog_returns_seller_info" time="0.123" /><testcase classname="backend.tests.test_seller_catalog_system.TestSellerCatalogAPI" name="test_seller_catalog_returns_categories_with_products" time="0.126" /><testcase classname="backend.tests.test_seller_catalog_system.TestSellerCatalogAPI" name="test_seller_catalog_returns_totals" time="0.127" /><testcase classname="backend.tests.test_seller_catalog_system.TestSellerCatalogAPI" name="test_seller_catalog_404_for_nonexistent_slug" time="0.108" /><testcase classname="backend.tests.test_seller_catalog_system.TestEnterpriseProductAPISellerSlug" name="test_enterprise_product_returns_seller_slug" time="0.138" /><testcase classname="backend.tests.test_seller_catalog_system.TestEnterpriseProductAPISellerSlug" name="test_enterprise_product_seller_has_required_fields" time="0.140" /><testcase classname="backend.tests.test_seller_catalog_system.TestFilterAPISellerSlug" name="test_filter_api_returns_seller_slug" time="0.168" /><testcase classname="backend.tests.test_seller_catalog_system.TestFilterAPISellerSlug" name="test_filter_api_with_attributes" time="0.107" /><testcase classname="backend.tests.test_seller_catalog_system.TestSellerCatalogCategoryEndpoint" name="test_seller_category_products_returns_product_slug" time="0.399" /><testcase classname="backend.tests.test_seller_catalog_system.TestLegacySellerLookup" name="test_seller_catalog_finds_legacy_seller" time="0.113" /><testcase classname="backend.tests.test_seller_catalog_system.TestProductToSellerNavigation" name="test_product_page_data_has_seller_link_info" time="0.135" /></testsuite></testsuites>