<?xml version="1.0" encoding="utf-8"?><testsuites name="pytest tests"><testsuite name="pytest" errors="0" failures="0" skipped="0" tests="15" time="3.005" timestamp="2026-03-15T06:09:14.806043+00:00" hostname="agent-env-9de085eb-1449-45e9-8079-f6401cbca80d"><testcase classname="backend.tests.test_seller_onboarding_phase3.TestSellerProfileGet" name="test_get_profile_returns_200" time="0.351" /><testcase classname="backend.tests.test_seller_onboarding_phase3.TestSellerProfileGet" name="test_profile_contains_required_fields" time="0.146" /><testcase classname="backend.tests.test_seller_onboarding_phase3.TestSellerProfileGet" name="test_invoice_identity_contains_abbreviation_and_code" time="0.113" /><testcase classname="backend.tests.test_seller_onboarding_phase3.TestSellerProfileGet" name="test_profile_complete_boolean" time="0.140" /><testcase classname="backend.tests.test_seller_onboarding_phase3.TestSellerProfileGet" name="test_abbreviation_matches_business_name" time="0.106" /><testcase classname="backend.tests.test_seller_onboarding_phase3.TestSellerProfilePut" name="test_update_profile_without_businessname_returns_400" time="0.102" /><testcase classname="backend.tests.test_seller_onboarding_phase3.TestSellerProfilePut" name="test_update_profile_with_businessname_succeeds" time="0.212" /><testcase classname="backend.tests.test_seller_onboarding_phase3.TestSellerProfilePut" name="test_update_gst_number_saves_correctly" time="0.226" /><testcase classname="backend.tests.test_seller_onboarding_phase3.TestSellerProfilePut" name="test_update_logo_url_saves_correctly" time="0.320" /><testcase classname="backend.tests.test_seller_onboarding_phase3.TestAbbreviationStability" name="test_abbreviation_does_not_change_on_business_name_edit" time="0.356" /><testcase classname="backend.tests.test_seller_onboarding_phase3.TestInvoiceNumberFormat" name="test_new_invoices_use_correct_format" time="0.124" /><testcase classname="backend.tests.test_seller_onboarding_phase3.TestSequentialInvoiceCreation" name="test_rapid_invoice_creation_sequential_unique" time="0.305" /><testcase classname="backend.tests.test_seller_onboarding_phase3.TestInvoicePDF" name="test_invoice_pdf_returns_valid_pdf" time="0.206" /><testcase classname="backend.tests.test_seller_onboarding_phase3.TestReportsEndpoints" name="test_sales_summary_returns_data" time="0.103" /><testcase classname="backend.tests.test_seller_onboarding_phase3.TestStatusConsistency" name="test_no_invoice_with_zero_paid_has_paid_status" time="0.116" /></testsuite></testsuites>