<?xml version="1.0" encoding="utf-8"?><testsuites name="pytest tests"><testsuite name="pytest" errors="0" failures="2" skipped="0" tests="14" time="2.544" timestamp="2026-03-02T16:34:33.170048+00:00" hostname="agent-env-e533cf85-0007-471b-8d4c-01c10be9b631"><testcase classname="backend.tests.test_seo_v2_migration.TestProductRedirectEndpoint" name="test_redirect_with_valid_objectid" time="0.260" /><testcase classname="backend.tests.test_seo_v2_migration.TestProductRedirectEndpoint" name="test_redirect_with_non_existent_id" time="0.125" /><testcase classname="backend.tests.test_seo_v2_migration.TestProductRedirectEndpoint" name="test_redirect_with_random_slug" time="0.172" /><testcase classname="backend.tests.test_seo_v2_migration.TestCategoryRedirectEndpoint" name="test_redirect_with_valid_objectid" time="0.132" /><testcase classname="backend.tests.test_seo_v2_migration.TestCategoryRedirectEndpoint" name="test_redirect_with_non_existent_id" time="0.146" /><testcase classname="backend.tests.test_seo_v2_migration.TestProductSlugMigration" name="test_all_products_have_slugs" time="0.173" /><testcase classname="backend.tests.test_seo_v2_migration.TestProductSlugMigration" name="test_product_slug_ends_with_supplier_india" time="0.170" /><testcase classname="backend.tests.test_seo_v2_migration.TestProductSlugMigration" name="test_no_duplicate_product_slugs" time="0.121" /><testcase classname="backend.tests.test_seo_v2_migration.TestCategorySlugMigration" name="test_all_categories_have_slugs" time="0.123"><failure message="AssertionError: Found 1 categories without slugs&#10;assert 1 == 0">backend/tests/test_seo_v2_migration.py:250: in test_all_categories_have_slugs
    assert null_slug_count == 0, f"Found {null_slug_count} categories without slugs"
E   AssertionError: Found 1 categories without slugs
E   assert 1 == 0</failure></testcase><testcase classname="backend.tests.test_seo_v2_migration.TestCategorySlugMigration" name="test_no_duplicate_category_slugs" time="0.103" /><testcase classname="backend.tests.test_seo_v2_migration.TestProductAccessibleBySlug" name="test_product_accessible_by_slug" time="0.524" /><testcase classname="backend.tests.test_seo_v2_migration.TestSitemapSlugValidation" name="test_products_for_sitemap_have_slugs" time="0.122" /><testcase classname="backend.tests.test_seo_v2_migration.TestSitemapSlugValidation" name="test_categories_for_sitemap_have_slugs" time="0.154"><failure message="AssertionError: Found 1 categories without slugs&#10;assert 1 == 0&#10; +  where 1 = len([{'id': '699be9023cbe1a8c31591667', 'name': 'Test Category'}])">backend/tests/test_seo_v2_migration.py:405: in test_categories_for_sitemap_have_slugs
    assert len(categories_without_slugs) == 0, \
E   AssertionError: Found 1 categories without slugs
E   assert 1 == 0
E    +  where 1 = len([{'id': '699be9023cbe1a8c31591667', 'name': 'Test Category'}])</failure></testcase><testcase classname="backend.tests.test_seo_v2_migration.TestLegacyIdRedirectMapping" name="test_product_has_legacy_id_field" time="0.114" /></testsuite></testsuites>