<?xml version="1.0" encoding="utf-8"?><testsuites name="pytest tests"><testsuite name="pytest" errors="0" failures="0" skipped="0" tests="27" time="3.614" timestamp="2026-03-02T14:25:53.996905+00:00" hostname="agent-env-e533cf85-0007-471b-8d4c-01c10be9b631"><testcase classname="backend.tests.test_seo_marketplace_v2.TestSEOEndpointBasic" name="test_seo_endpoint_returns_200_for_valid_product_id" time="0.249" /><testcase classname="backend.tests.test_seo_marketplace_v2.TestSEOEndpointBasic" name="test_seo_endpoint_returns_404_for_invalid_product" time="0.112" /><testcase classname="backend.tests.test_seo_marketplace_v2.TestSEOEndpointBasic" name="test_seo_response_structure_contains_all_required_fields" time="0.125" /><testcase classname="backend.tests.test_seo_marketplace_v2.TestSEOTitleOptimization" name="test_seo_title_length_within_optimal_range" time="0.112" /><testcase classname="backend.tests.test_seo_marketplace_v2.TestSEOTitleOptimization" name="test_seo_title_format_contains_brand_and_india" time="0.111" /><testcase classname="backend.tests.test_seo_marketplace_v2.TestSEOTitleOptimization" name="test_seo_title_contains_product_keyword" time="0.104" /><testcase classname="backend.tests.test_seo_marketplace_v2.TestSEODescriptionOptimization" name="test_seo_description_length_within_optimal_range" time="0.113" /><testcase classname="backend.tests.test_seo_marketplace_v2.TestSEODescriptionOptimization" name="test_seo_description_contains_cta" time="0.183" /><testcase classname="backend.tests.test_seo_marketplace_v2.TestSEODescriptionOptimization" name="test_seo_description_mentions_supplier_info" time="0.134" /><testcase classname="backend.tests.test_seo_marketplace_v2.TestSEOContentStructure" name="test_seo_content_has_h1_heading" time="0.110" /><testcase classname="backend.tests.test_seo_marketplace_v2.TestSEOContentStructure" name="test_seo_content_has_h2_headings" time="0.167" /><testcase classname="backend.tests.test_seo_marketplace_v2.TestSEOContentStructure" name="test_seo_content_has_required_sections" time="0.118" /><testcase classname="backend.tests.test_seo_marketplace_v2.TestSEOContentStructure" name="test_seo_content_word_count" time="0.128" /><testcase classname="backend.tests.test_seo_marketplace_v2.TestJSONLDProductSchema" name="test_json_ld_has_product_type" time="0.104" /><testcase classname="backend.tests.test_seo_marketplace_v2.TestJSONLDProductSchema" name="test_json_ld_has_brand" time="0.151" /><testcase classname="backend.tests.test_seo_marketplace_v2.TestJSONLDProductSchema" name="test_json_ld_has_offers" time="0.116" /><testcase classname="backend.tests.test_seo_marketplace_v2.TestJSONLDProductSchema" name="test_json_ld_has_name_and_description" time="0.102" /><testcase classname="backend.tests.test_seo_marketplace_v2.TestFAQJSONLD" name="test_faq_json_ld_has_correct_type" time="0.142" /><testcase classname="backend.tests.test_seo_marketplace_v2.TestFAQJSONLD" name="test_faq_json_ld_has_main_entity_questions" time="0.129" /><testcase classname="backend.tests.test_seo_marketplace_v2.TestInternalLinks" name="test_internal_links_structure" time="0.125" /><testcase classname="backend.tests.test_seo_marketplace_v2.TestInternalLinks" name="test_internal_links_category" time="0.150" /><testcase classname="backend.tests.test_seo_marketplace_v2.TestInternalLinks" name="test_internal_links_similar_products" time="0.154" /><testcase classname="backend.tests.test_seo_marketplace_v2.TestInternalLinks" name="test_internal_links_city_pages" time="0.110" /><testcase classname="backend.tests.test_seo_marketplace_v2.TestPriceAndSellerStats" name="test_price_stats_fields_present" time="0.130" /><testcase classname="backend.tests.test_seo_marketplace_v2.TestPriceAndSellerStats" name="test_seller_count_and_cities" time="0.106" /><testcase classname="backend.tests.test_seo_marketplace_v2.TestBreadcrumbJSONLD" name="test_breadcrumb_json_ld_structure" time="0.104" /><testcase classname="backend.tests.test_seo_marketplace_v2.TestSEOSlugGeneration" name="test_canonical_url_format" time="0.129" /></testsuite></testsuites>