<?xml version="1.0" encoding="utf-8"?><testsuites name="pytest tests"><testsuite name="pytest" errors="0" failures="1" skipped="0" tests="25" time="3.196" timestamp="2026-03-02T18:02:48.020431+00:00" hostname="agent-env-e533cf85-0007-471b-8d4c-01c10be9b631"><testcase classname="tests.test_seo_v21_enforcement.TestProductRedirectEndpoint" name="test_product_redirect_returns_slug_for_objectid" time="0.195" /><testcase classname="tests.test_seo_v21_enforcement.TestProductRedirectEndpoint" name="test_product_redirect_from_field" time="0.130" /><testcase classname="tests.test_seo_v21_enforcement.TestProductRedirectEndpoint" name="test_product_redirect_handles_nonexistent_id" time="0.122" /><testcase classname="tests.test_seo_v21_enforcement.TestCategoryRedirectEndpoint" name="test_category_redirect_returns_slug_for_objectid" time="0.133" /><testcase classname="tests.test_seo_v21_enforcement.TestCategoryRedirectEndpoint" name="test_category_redirect_from_field" time="0.115" /><testcase classname="tests.test_seo_v21_enforcement.TestCategoryRedirectEndpoint" name="test_category_redirect_handles_nonexistent_id" time="0.113" /><testcase classname="tests.test_seo_v21_enforcement.TestProductSlugCompliance" name="test_all_products_have_slugs" time="0.124" /><testcase classname="tests.test_seo_v21_enforcement.TestProductSlugCompliance" name="test_product_slugs_end_with_supplier_india" time="0.110" /><testcase classname="tests.test_seo_v21_enforcement.TestProductSlugCompliance" name="test_product_slugs_max_length" time="0.116"><failure message="AssertionError: Product slugs exceeding 90 chars: [{'id': '699bc625e0499a1f05fb4b60', 'slug': 'testproductvalidtemplate1771816485115487-testspectemplatecategory1771816484431187-supplier-india', 'length': 96}]&#10;assert 1 == 0&#10; +  where 1 = len([{'id': '699bc625e0499a1f05fb4b60', 'length': 96, 'slug': 'testproductvalidtemplate1771816485115487-testspectemplatecategory1771816484431187-supplier-india'}])">tests/test_seo_v21_enforcement.py:153: in test_product_slugs_max_length
    assert len(too_long) == 0, f"Product slugs exceeding {MAX_SLUG_LENGTH} chars: {too_long}"
E   AssertionError: Product slugs exceeding 90 chars: [{'id': '699bc625e0499a1f05fb4b60', 'slug': 'testproductvalidtemplate1771816485115487-testspectemplatecategory1771816484431187-supplier-india', 'length': 96}]
E   assert 1 == 0
E    +  where 1 = len([{'id': '699bc625e0499a1f05fb4b60', 'length': 96, 'slug': 'testproductvalidtemplate1771816485115487-testspectemplatecategory1771816484431187-supplier-india'}])</failure></testcase><testcase classname="tests.test_seo_v21_enforcement.TestCategorySlugCompliance" name="test_categories_endpoint_returns_slugs" time="0.114" /><testcase classname="tests.test_seo_v21_enforcement.TestCategorySlugCompliance" name="test_public_categories_endpoint_returns_slugs" time="0.132" /><testcase classname="tests.test_seo_v21_enforcement.TestCategorySlugCompliance" name="test_category_slugs_end_with_suppliers_india" time="0.106" /><testcase classname="tests.test_seo_v21_enforcement.TestCategorySlugCompliance" name="test_category_slugs_max_length" time="0.124" /><testcase classname="tests.test_seo_v21_enforcement.TestSEOEndpoint" name="test_seo_endpoint_returns_200" time="0.141" /><testcase classname="tests.test_seo_v21_enforcement.TestSEOEndpoint" name="test_seo_endpoint_returns_404_for_invalid_slug" time="0.127" /><testcase classname="tests.test_seo_v21_enforcement.TestSEOEndpoint" name="test_seo_response_has_required_fields" time="0.108" /><testcase classname="tests.test_seo_v21_enforcement.TestSEOEndpoint" name="test_seo_title_length" time="0.145" /><testcase classname="tests.test_seo_v21_enforcement.TestSEOEndpoint" name="test_seo_description_length" time="0.107" /><testcase classname="tests.test_seo_v21_enforcement.TestSEOEndpoint" name="test_seo_json_ld_product_schema" time="0.122" /><testcase classname="tests.test_seo_v21_enforcement.TestSEOEndpoint" name="test_seo_faq_json_ld" time="0.135" /><testcase classname="tests.test_seo_v21_enforcement.TestSEOEndpoint" name="test_seo_internal_links" time="0.111" /><testcase classname="tests.test_seo_v21_enforcement.TestProductDetailBySlug" name="test_product_accessible_by_slug" time="0.114" /><testcase classname="tests.test_seo_v21_enforcement.TestProductDetailBySlug" name="test_product_accessible_by_objectid" time="0.110" /><testcase classname="tests.test_seo_v21_enforcement.TestSitemapCompliance" name="test_products_have_slugs_for_sitemap" time="0.127" /><testcase classname="tests.test_seo_v21_enforcement.TestSitemapCompliance" name="test_categories_have_slugs_for_sitemap" time="0.129" /></testsuite></testsuites>