<?xml version="1.0" encoding="utf-8"?><testsuites name="pytest tests"><testsuite name="pytest" errors="0" failures="0" skipped="0" tests="25" time="3.464" timestamp="2026-03-05T16:16:04.322666+00:00" hostname="agent-env-bde70759-5d73-4cc6-92f9-8b2c54549c54"><testcase classname="tests.test_21_shapes_14_materials.TestRawMaterialShapes" name="test_shapes_endpoint_returns_200" time="0.258" /><testcase classname="tests.test_21_shapes_14_materials.TestRawMaterialShapes" name="test_shapes_returns_21_shapes" time="0.131" /><testcase classname="tests.test_21_shapes_14_materials.TestRawMaterialShapes" name="test_all_21_shape_keys_present" time="0.128" /><testcase classname="tests.test_21_shapes_14_materials.TestRawMaterialShapes" name="test_shape_structure_has_required_fields" time="0.120" /><testcase classname="tests.test_21_shapes_14_materials.TestRawMaterialShapes" name="test_hex_bar_has_across_flats_field" time="0.147" /><testcase classname="tests.test_21_shapes_14_materials.TestRawMaterialShapes" name="test_angle_has_leg_a_leg_b_thickness_fields" time="0.129" /><testcase classname="tests.test_21_shapes_14_materials.TestRawMaterialShapes" name="test_channel_has_web_flange_fields" time="0.112" /><testcase classname="tests.test_21_shapes_14_materials.TestRawMaterialShapes" name="test_i_beam_has_height_flange_web_fields" time="0.161" /><testcase classname="tests.test_21_shapes_14_materials.TestRawMaterialMaterials" name="test_materials_endpoint_returns_200" time="0.107" /><testcase classname="tests.test_21_shapes_14_materials.TestRawMaterialMaterials" name="test_materials_returns_at_least_14" time="0.109" /><testcase classname="tests.test_21_shapes_14_materials.TestRawMaterialMaterials" name="test_required_materials_present" time="0.143" /><testcase classname="tests.test_21_shapes_14_materials.TestRawMaterialMaterials" name="test_materials_have_correct_densities" time="0.118" /><testcase classname="tests.test_21_shapes_14_materials.TestRawMaterialMaterials" name="test_material_structure" time="0.122" /><testcase classname="tests.test_21_shapes_14_materials.TestWeightCalculations" name="test_hex_bar_25mm_3m_equals_12_75kg" time="0.117" /><testcase classname="tests.test_21_shapes_14_materials.TestWeightCalculations" name="test_angle_65x65x6_6m_equals_35kg" time="0.131" /><testcase classname="tests.test_21_shapes_14_materials.TestWeightCalculations" name="test_i_beam_ismb200_6m_equals_150kg" time="0.129" /><testcase classname="tests.test_21_shapes_14_materials.TestWeightCalculations" name="test_channel_ismc150_6m_equals_97kg" time="0.127" /><testcase classname="tests.test_21_shapes_14_materials.TestWeightCalculations" name="test_calculate_returns_required_fields" time="0.120" /><testcase classname="tests.test_21_shapes_14_materials.TestWeightCalculations" name="test_quantity_multiplies_total_weight" time="0.107" /><testcase classname="tests.test_21_shapes_14_materials.TestAdditionalShapeCalculations" name="test_round_bar_calculation" time="0.206" /><testcase classname="tests.test_21_shapes_14_materials.TestAdditionalShapeCalculations" name="test_square_bar_calculation" time="0.117" /><testcase classname="tests.test_21_shapes_14_materials.TestAdditionalShapeCalculations" name="test_pipe_calculation" time="0.169" /><testcase classname="tests.test_21_shapes_14_materials.TestAdditionalShapeCalculations" name="test_plate_calculation" time="0.121" /><testcase classname="tests.test_21_shapes_14_materials.TestAdditionalShapeCalculations" name="test_t_section_calculation" time="0.119" /><testcase classname="tests.test_21_shapes_14_materials.TestAdditionalShapeCalculations" name="test_h_beam_calculation" time="0.124" /></testsuite></testsuites>