<?xml version="1.0" encoding="utf-8"?><testsuites name="pytest tests"><testsuite name="pytest" errors="0" failures="0" skipped="0" tests="17" time="3.618" timestamp="2026-03-16T08:52:32.652436+00:00" hostname="agent-env-0fedab19-9c51-49bb-bd2f-979f2a30c5dd"><testcase classname="backend.tests.test_shared_permissions_regression.TestSharedPermissionsRegression" name="test_po_router_list_purchase_orders" time="0.193" /><testcase classname="backend.tests.test_shared_permissions_regression.TestSharedPermissionsRegression" name="test_inventory_router_list_inventory" time="0.107" /><testcase classname="backend.tests.test_shared_permissions_regression.TestSharedPermissionsRegression" name="test_business_tools_router_list_buyers" time="0.103" /><testcase classname="backend.tests.test_shared_permissions_regression.TestSharedPermissionsRegression" name="test_business_tools_router_list_suppliers" time="0.100" /><testcase classname="backend.tests.test_shared_permissions_regression.TestSharedPermissionsRegression" name="test_invoice_router_list_invoices" time="0.135" /><testcase classname="backend.tests.test_shared_permissions_regression.TestSharedPermissionsRegression" name="test_activity_log_router_list_logs" time="0.109" /><testcase classname="backend.tests.test_shared_permissions_regression.TestSharedPermissionsRegression" name="test_home_router_summary" time="0.108" /><testcase classname="backend.tests.test_shared_permissions_regression.TestSharedPermissionsRegression" name="test_home_router_charts" time="0.113" /><testcase classname="backend.tests.test_shared_permissions_regression.TestSharedPermissionsRegression" name="test_composite_products_router_list" time="0.096" /><testcase classname="backend.tests.test_shared_permissions_regression.TestSharedPermissionsRegression" name="test_my_permissions_returns_admin" time="0.104" /><testcase classname="backend.tests.test_shared_permissions_regression.TestSharedPermissionsRegression" name="test_low_stock_alerts_returns_admin_view" time="0.100" /><testcase classname="backend.tests.test_shared_permissions_regression.TestSharedPermissionsRegression" name="test_roles_router_list" time="0.148" /><testcase classname="backend.tests.test_shared_permissions_regression.TestSharedPermissionsRegression" name="test_permissions_list" time="0.121" /><testcase classname="backend.tests.test_shared_permissions_regression.TestSharedPermissionsRegression" name="test_employees_router_list" time="0.109" /><testcase classname="backend.tests.test_shared_permissions_regression.TestResolveSellerIdForAdmin" name="test_admin_can_view_all_low_stock_alerts" time="0.111" /><testcase classname="backend.tests.test_shared_permissions_regression.TestNoPermissionDeniedRegression" name="test_original_bug_po_endpoint_no_403" time="0.101" /><testcase classname="backend.tests.test_shared_permissions_regression.TestNoPermissionDeniedRegression" name="test_all_business_tools_endpoints_no_403" time="1.675" /></testsuite></testsuites>