<?xml version="1.0" encoding="utf-8"?><testsuites name="pytest tests"><testsuite name="pytest" errors="0" failures="0" skipped="0" tests="21" time="2.344" timestamp="2026-03-03T08:31:11.864579+00:00" hostname="agent-env-42d78b0c-8fe3-4af2-9567-235d1858f634"><testcase classname="backend.tests.test_slug_resolver.TestSlugResolverService" name="test_partial_slug_motor_matches" time="0.137" /><testcase classname="backend.tests.test_slug_resolver.TestSlugResolverService" name="test_word_order_independence_motor_electric" time="0.108" /><testcase classname="backend.tests.test_slug_resolver.TestSlugResolverService" name="test_word_order_independence_industrial_motor" time="0.102" /><testcase classname="backend.tests.test_slug_resolver.TestSlugResolverService" name="test_city_name_ignored_mumbai" time="0.109" /><testcase classname="backend.tests.test_slug_resolver.TestSlugResolverService" name="test_city_name_ignored_delhi" time="0.105" /><testcase classname="backend.tests.test_slug_resolver.TestSlugResolverService" name="test_stop_words_filtered_buy_online" time="0.101" /><testcase classname="backend.tests.test_slug_resolver.TestSlugResolverService" name="test_stop_words_filtered_supplier_india" time="0.102" /><testcase classname="backend.tests.test_slug_resolver.TestSlugResolverService" name="test_exact_slug_no_redirect" time="0.103" /><testcase classname="backend.tests.test_slug_resolver.TestSlugResolverService" name="test_combined_partial_city_stopwords" time="0.135" /><testcase classname="backend.tests.test_slug_resolver.TestEnterpriseEndpointsWithResolver" name="test_enterprise_endpoint_with_partial_slug" time="0.101" /><testcase classname="backend.tests.test_slug_resolver.TestEnterpriseEndpointsWithResolver" name="test_enterprise_endpoint_redirect_info" time="0.099" /><testcase classname="backend.tests.test_slug_resolver.TestEnterpriseEndpointsWithResolver" name="test_facets_endpoint_with_partial_slug" time="0.102" /><testcase classname="backend.tests.test_slug_resolver.TestEnterpriseEndpointsWithResolver" name="test_filter_endpoint_with_partial_slug" time="0.109" /><testcase classname="backend.tests.test_slug_resolver.TestEnterpriseEndpointsWithResolver" name="test_seo_endpoint_with_partial_slug" time="0.109" /><testcase classname="backend.tests.test_slug_resolver.TestEnterpriseEndpointsWithResolver" name="test_product_detail_endpoint_with_partial_slug" time="0.117" /><testcase classname="backend.tests.test_slug_resolver.TestSlugResolverEdgeCases" name="test_nonexistent_slug_returns_404" time="0.103" /><testcase classname="backend.tests.test_slug_resolver.TestSlugResolverEdgeCases" name="test_empty_after_stop_word_filtering" time="0.102" /><testcase classname="backend.tests.test_slug_resolver.TestSlugResolverEdgeCases" name="test_special_characters_handled" time="0.101" /><testcase classname="backend.tests.test_slug_resolver.TestSlugResolverEdgeCases" name="test_case_insensitivity" time="0.098" /><testcase classname="backend.tests.test_slug_resolver.TestCanonicalURLs" name="test_canonical_url_format" time="0.104" /><testcase classname="backend.tests.test_slug_resolver.TestCanonicalURLs" name="test_canonical_url_not_needed_for_exact_match" time="0.104" /></testsuite></testsuites>