<?xml version="1.0" encoding="utf-8"?><testsuites name="pytest tests"><testsuite name="pytest" errors="0" failures="0" skipped="0" tests="13" time="1.358" timestamp="2026-02-22T15:38:42.374582+00:00" hostname="agent-env-7b77a0ac-d7f3-422a-b242-9cc970f24f94"><testcase classname="backend.tests.test_subscription_system.TestSellerSubscriptionStatusEndpoint" name="test_subscription_status_endpoint_exists" time="0.223" /><testcase classname="backend.tests.test_subscription_system.TestSellerSubscriptionStatusEndpoint" name="test_subscription_object_structure" time="0.144" /><testcase classname="backend.tests.test_subscription_system.TestSellerSubscriptionStatusEndpoint" name="test_usage_object_has_acceptedThisMonth" time="0.130" /><testcase classname="backend.tests.test_subscription_system.TestSellerSubscriptionStatusEndpoint" name="test_features_object_has_canAcceptInquiries" time="0.126" /><testcase classname="backend.tests.test_subscription_system.TestSellerSubscriptionStatusEndpoint" name="test_root_level_showExpiryWarning" time="0.105" /><testcase classname="backend.tests.test_subscription_system.TestSellerSubscriptionStatusEndpoint" name="test_root_level_showUpgradeCta" time="0.127" /><testcase classname="backend.tests.test_subscription_system.TestSellerSubscriptionStatusEndpoint" name="test_complete_response_structure" time="0.111" /><testcase classname="backend.tests.test_subscription_system.TestAdminUsersSubscriptionFields" name="test_admin_users_endpoint_exists" time="0.170" /><testcase classname="backend.tests.test_subscription_system.TestAdminUsersSubscriptionFields" name="test_admin_users_returns_users_array" time="0.158" /><testcase classname="backend.tests.test_subscription_system.TestFrontendAPIFunctions" name="test_api_file_uses_correct_endpoint" time="0.000" /><testcase classname="backend.tests.test_subscription_system.TestFrontendAPIFunctions" name="test_types_file_has_correct_interface" time="0.000" /><testcase classname="backend.tests.test_subscription_system.TestSellerSubscriptionPage" name="test_subscription_page_exists" time="0.000" /><testcase classname="backend.tests.test_subscription_system.TestSellerSubscriptionPage" name="test_subscription_page_uses_correct_field_names" time="0.000" /></testsuite></testsuites>