<?xml version="1.0" encoding="utf-8"?><testsuites name="pytest tests"><testsuite name="pytest" errors="0" failures="0" skipped="0" tests="18" time="5.548" timestamp="2026-03-26T18:27:24.569909+00:00" hostname="agent-env-f7a563d3-e4fd-4c0b-af98-99053165e699"><testcase classname="backend.tests.test_subscription_plan_system.TestSubscriptionStatusEndpoint" name="test_subscription_status_returns_plan_and_features" time="0.315" /><testcase classname="backend.tests.test_subscription_plan_system.TestAccessLevelEndpoint" name="test_access_level_returns_plan_and_limits" time="0.119" /><testcase classname="backend.tests.test_subscription_plan_system.TestAdminSubscriptionOverride" name="test_set_override_valid_keys" time="0.436" /><testcase classname="backend.tests.test_subscription_plan_system.TestAdminSubscriptionOverride" name="test_get_override_returns_saved_values" time="0.482" /><testcase classname="backend.tests.test_subscription_plan_system.TestAdminSubscriptionOverride" name="test_delete_override_clears_values" time="0.740" /><testcase classname="backend.tests.test_subscription_plan_system.TestAdminSubscriptionOverride" name="test_invalid_override_keys_rejected" time="0.211" /><testcase classname="backend.tests.test_subscription_plan_system.TestAdminSubscriptionOverride" name="test_override_type_validation_boolean" time="0.248" /><testcase classname="backend.tests.test_subscription_plan_system.TestAdminSubscriptionOverride" name="test_override_type_validation_number" time="0.326" /><testcase classname="backend.tests.test_subscription_plan_system.TestPlanDefaultLimits" name="test_plan_config_free_limits" time="0.107" /><testcase classname="backend.tests.test_subscription_plan_system.TestPlanDefaultLimits" name="test_enterprise_plan_unlimited_limits" time="0.125" /><testcase classname="backend.tests.test_subscription_plan_system.TestOverridePriority" name="test_override_takes_priority_over_plan_defaults" time="0.532" /><testcase classname="backend.tests.test_subscription_plan_system.TestUnknownPlanFallback" name="test_unknown_plan_falls_back_to_free" time="0.248" /><testcase classname="backend.tests.test_subscription_plan_system.TestSubscriptionEndpointIntegration" name="test_subscription_status_and_access_level_consistency" time="0.282" /><testcase classname="backend.tests.test_subscription_plan_system.TestSubscriptionEndpointIntegration" name="test_full_override_workflow" time="0.604" /><testcase classname="backend.tests.test_subscription_plan_system.TestEdgeCases" name="test_override_missing_user_id" time="0.121" /><testcase classname="backend.tests.test_subscription_plan_system.TestEdgeCases" name="test_override_missing_overrides" time="0.310" /><testcase classname="backend.tests.test_subscription_plan_system.TestEdgeCases" name="test_override_invalid_user_id_format" time="0.116" /><testcase classname="backend.tests.test_subscription_plan_system.TestEdgeCases" name="test_get_override_nonexistent_user" time="0.128" /></testsuite></testsuites>