<?xml version="1.0" encoding="utf-8"?><testsuites name="pytest tests"><testsuite name="pytest" errors="0" failures="0" skipped="1" tests="16" time="4.960" timestamp="2026-02-23T05:47:56.042195+00:00" hostname="agent-env-a7a7dc8b-8a4c-45fd-b4af-2c43b13f7ed7"><testcase classname="backend.tests.test_subscription_enforcement.TestHealthAndSetup" name="test_01_api_health_check" time="0.244" /><testcase classname="backend.tests.test_subscription_enforcement.TestSubscriptionStatusEndpoint" name="test_02_subscription_status_returns_correct_fields" time="0.116" /><testcase classname="backend.tests.test_subscription_enforcement.TestSubscriptionWithBadge" name="test_03_subscription_returns_badge" time="0.131" /><testcase classname="backend.tests.test_subscription_enforcement.TestSellerStats" name="test_04_seller_stats_returns_subscription_usage" time="0.106" /><testcase classname="backend.tests.test_subscription_enforcement.TestAdminSubscriptionActivation" name="test_05_admin_activate_pro_subscription" time="0.663" /><testcase classname="backend.tests.test_subscription_enforcement.TestAdminSubscriptionActivation" name="test_06_pro_subscription_shows_unlimited" time="0.122" /><testcase classname="backend.tests.test_subscription_enforcement.TestInquiryAcceptWithProSubscription" name="test_07_create_test_inquiry_for_pro" time="0.204"><skipped type="pytest.skip" message="Cannot create test inquiry - endpoint not available">/app/backend/tests/test_subscription_enforcement.py:255: Cannot create test inquiry - endpoint not available</skipped></testcase><testcase classname="backend.tests.test_subscription_enforcement.TestInquiryAcceptWithProSubscription" name="test_08_accept_inquiry_with_pro_subscription" time="0.156" /><testcase classname="backend.tests.test_subscription_enforcement.TestExpiredSubscriptionEnforcement" name="test_09_set_subscription_to_expired" time="0.665" /><testcase classname="backend.tests.test_subscription_enforcement.TestExpiredSubscriptionEnforcement" name="test_10_expired_subscription_shows_limit" time="0.100" /><testcase classname="backend.tests.test_subscription_enforcement.TestFreeSubscriptionEnforcement" name="test_11_set_subscription_to_free" time="0.673" /><testcase classname="backend.tests.test_subscription_enforcement.TestFreeSubscriptionEnforcement" name="test_12_free_subscription_has_5_limit" time="0.106" /><testcase classname="backend.tests.test_subscription_enforcement.TestLimitReached403Error" name="test_13_simulate_limit_reached" time="0.129" /><testcase classname="backend.tests.test_subscription_enforcement.TestTrialSubscription" name="test_14_activate_trial_subscription" time="0.681" /><testcase classname="backend.tests.test_subscription_enforcement.TestMonthlyReset" name="test_15_verify_reset_date_is_set" time="0.664" /><testcase classname="backend.tests.test_subscription_enforcement.TestCleanup" name="test_99_restore_subscription_to_initial_state" time="0.100" /></testsuite></testsuites>