<?xml version="1.0" encoding="utf-8"?><testsuites name="pytest tests"><testsuite name="pytest" errors="0" failures="0" skipped="0" tests="15" time="5.361" timestamp="2026-03-23T09:58:24.054545+00:00" hostname="agent-env-184696df-1d8c-4356-b944-c33340935465"><testcase classname="backend.tests.test_system_module_trigger_rules.TestModuleFieldsEndpoint" name="test_module_fields_inventory" time="0.287" /><testcase classname="backend.tests.test_system_module_trigger_rules.TestModuleFieldsEndpoint" name="test_module_fields_invoices" time="0.106" /><testcase classname="backend.tests.test_system_module_trigger_rules.TestModuleFieldsEndpoint" name="test_module_fields_all_system_modules" time="1.065" /><testcase classname="backend.tests.test_system_module_trigger_rules.TestModuleFieldsEndpoint" name="test_module_fields_custom_panel_includes_relations" time="0.113" /><testcase classname="backend.tests.test_system_module_trigger_rules.TestModuleFieldsEndpoint" name="test_module_fields_invalid_module" time="0.107" /><testcase classname="backend.tests.test_system_module_trigger_rules.TestSystemModuleTriggerRules" name="test_create_rule_with_inventory_trigger" time="0.122" /><testcase classname="backend.tests.test_system_module_trigger_rules.TestSystemModuleTriggerRules" name="test_create_rule_with_invoices_trigger" time="0.122" /><testcase classname="backend.tests.test_system_module_trigger_rules.TestSystemModuleTriggerRules" name="test_create_rule_with_buyers_trigger" time="0.120" /><testcase classname="backend.tests.test_system_module_trigger_rules.TestSystemModuleTriggerRules" name="test_create_rule_custom_trigger_system_target" time="0.212" /><testcase classname="backend.tests.test_system_module_trigger_rules.TestSystemModuleTriggerRules" name="test_list_rules_resolves_system_module_names" time="0.793" /><testcase classname="backend.tests.test_system_module_trigger_rules.TestSystemModuleValidation" name="test_all_system_modules_accepted_as_trigger" time="0.878" /><testcase classname="backend.tests.test_system_module_trigger_rules.TestSystemModuleValidation" name="test_invalid_trigger_panel_rejected" time="0.991" /><testcase classname="backend.tests.test_system_module_trigger_rules.TestLinkableTargets" name="test_linkable_targets_includes_system_modules" time="0.106" /><testcase classname="backend.tests.test_system_module_trigger_rules.TestHealthCheck" name="test_api_health" time="0.144" /><testcase classname="backend.tests.test_system_module_trigger_rules.TestHealthCheck" name="test_auth_works" time="0.107" /></testsuite></testsuites>