<?xml version="1.0" encoding="utf-8"?><testsuites name="pytest tests"><testsuite name="pytest" errors="0" failures="0" skipped="0" tests="12" time="1.544" timestamp="2026-02-22T14:19:26.047219+00:00" hostname="agent-env-7b77a0ac-d7f3-422a-b242-9cc970f24f94"><testcase classname="backend.tests.test_unified_gst_schema.TestGSTAdminEndpoints" name="test_health_check" time="0.141" /><testcase classname="backend.tests.test_unified_gst_schema.TestGSTAdminEndpoints" name="test_admin_gst_pending_returns_pending_reviews_key" time="0.115" /><testcase classname="backend.tests.test_unified_gst_schema.TestGSTAdminEndpoints" name="test_admin_gst_pending_response_structure" time="0.134" /><testcase classname="backend.tests.test_unified_gst_schema.TestGSTAdminEndpoints" name="test_admin_stats_uses_roles_array" time="0.125" /><testcase classname="backend.tests.test_unified_gst_schema.TestGSTAdminEndpoints" name="test_admin_verify_gst_endpoint_exists" time="0.134" /><testcase classname="backend.tests.test_unified_gst_schema.TestGSTPermissionChecks" name="test_seller_dashboard_requires_auth" time="0.112" /><testcase classname="backend.tests.test_unified_gst_schema.TestGSTPermissionChecks" name="test_seller_listing_publish_requires_gst_verified" time="0.111" /><testcase classname="backend.tests.test_unified_gst_schema.TestGSTPermissionChecks" name="test_users_me_endpoint" time="0.117" /><testcase classname="backend.tests.test_unified_gst_schema.TestAdminStatsQueries" name="test_admin_stats_sellers_count" time="0.120" /><testcase classname="backend.tests.test_unified_gst_schema.TestAdminStatsQueries" name="test_admin_stats_pending_gst_count" time="0.128" /><testcase classname="backend.tests.test_unified_gst_schema.TestAdminStatsQueries" name="test_admin_stats_subscriptions_use_roles" time="0.127" /><testcase classname="backend.tests.test_unified_gst_schema.TestGSTEndpointConsistency" name="test_pending_reviews_snake_case" time="0.111" /></testsuite></testsuites>