<?xml version="1.0" encoding="utf-8"?><testsuites name="pytest tests"><testsuite name="pytest" errors="0" failures="0" skipped="0" tests="9" time="2.189" timestamp="2026-04-09T16:54:23.727498+00:00" hostname="agent-env-aa11f380-a7ee-4b52-b646-bb82052bd648"><testcase classname="backend.tests.test_unpublish_listing.TestUnpublishEndpoint" name="test_unpublish_active_listing_success" time="0.303" /><testcase classname="backend.tests.test_unpublish_listing.TestUnpublishEndpoint" name="test_unpublish_already_draft_listing_fails" time="0.236" /><testcase classname="backend.tests.test_unpublish_listing.TestUnpublishEndpoint" name="test_unpublish_nonexistent_listing_fails" time="0.127" /><testcase classname="backend.tests.test_unpublish_listing.TestUnpublishEndpoint" name="test_unpublish_unauthorized_fails" time="0.125" /><testcase classname="backend.tests.test_unpublish_listing.TestDraftVisibility" name="test_draft_listing_not_in_public_search" time="0.406" /><testcase classname="backend.tests.test_unpublish_listing.TestDraftVisibility" name="test_draft_listing_visible_in_seller_listings" time="0.253" /><testcase classname="backend.tests.test_unpublish_listing.TestPublishEndpoint" name="test_publish_draft_listing" time="0.284" /><testcase classname="backend.tests.test_unpublish_listing.TestToggleStatusFlow" name="test_toggle_active_to_draft_and_back" time="0.289" /><testcase classname="backend.tests.test_unpublish_listing.TestSearchExcludesDraft" name="test_search_only_returns_active_listings" time="0.104" /></testsuite></testsuites>