<?xml version="1.0" encoding="utf-8"?><testsuites name="pytest tests"><testsuite name="pytest" errors="0" failures="0" skipped="0" tests="22" time="2.862" timestamp="2026-03-22T18:14:06.283575+00:00" hostname="agent-env-1032f486-f774-4ef1-94c3-c9ada85b802d"><testcase classname="backend.tests.test_ux_overhaul_iteration109.TestHealthAndBasics" name="test_api_health" time="0.271" /><testcase classname="backend.tests.test_ux_overhaul_iteration109.TestHealthAndBasics" name="test_access_level_endpoint" time="0.114" /><testcase classname="backend.tests.test_ux_overhaul_iteration109.TestPanelCreationWithSystemManagedFields" name="test_create_panel_with_inventory_link_creates_system_managed_field" time="0.278" /><testcase classname="backend.tests.test_ux_overhaul_iteration109.TestPanelCreationWithSystemManagedFields" name="test_create_panel_with_invoices_link_creates_system_managed_field" time="0.310" /><testcase classname="backend.tests.test_ux_overhaul_iteration109.TestSystemManagedFieldDeletionBlocked" name="test_cannot_delete_system_managed_field" time="0.367" /><testcase classname="backend.tests.test_ux_overhaul_iteration109.TestAutomationCRUD" name="test_list_automation_rules" time="0.128" /><testcase classname="backend.tests.test_ux_overhaul_iteration109.TestAutomationCRUD" name="test_get_automation_logs" time="0.107" /><testcase classname="backend.tests.test_ux_overhaul_iteration109.TestAutomationCRUD" name="test_create_rule_validation_invalid_trigger" time="0.112" /><testcase classname="backend.tests.test_ux_overhaul_iteration109.TestAutomationCRUD" name="test_create_rule_validation_invalid_operator" time="0.221" /><testcase classname="backend.tests.test_ux_overhaul_iteration109.TestExportEndpoints" name="test_excel_export_endpoint" time="0.439" /><testcase classname="backend.tests.test_ux_overhaul_iteration109.TestExportEndpoints" name="test_pdf_export_endpoint" time="0.217" /><testcase classname="backend.tests.test_ux_overhaul_iteration109.TestPanelFieldsStructure" name="test_list_panels_includes_system_managed_attribute" time="0.101" /><testcase classname="backend.tests.test_ux_overhaul_iteration109.TestLinkableTargets" name="test_get_linkable_targets" time="0.109" /><testcase classname="backend.tests.test_ux_overhaul_iteration109.TestFrontendCodeReview" name="test_panels_page_has_connect_panel_with_label" time="0.000" /><testcase classname="backend.tests.test_ux_overhaul_iteration109.TestFrontendCodeReview" name="test_panels_page_has_system_managed_lock_icon" time="0.000" /><testcase classname="backend.tests.test_ux_overhaul_iteration109.TestFrontendCodeReview" name="test_automation_page_has_auto_derived_target" time="0.000" /><testcase classname="backend.tests.test_ux_overhaul_iteration109.TestFrontendCodeReview" name="test_automation_page_target_is_readonly_display" time="0.000" /><testcase classname="backend.tests.test_ux_overhaul_iteration109.TestFrontendCodeReview" name="test_automation_page_condition_field_excludes_relations" time="0.000" /><testcase classname="backend.tests.test_ux_overhaul_iteration109.TestFrontendCodeReview" name="test_automation_page_value_from_excludes_relations" time="0.000" /><testcase classname="backend.tests.test_ux_overhaul_iteration109.TestFrontendCodeReview" name="test_automation_page_condition_value_dropdown_for_options" time="0.000" /><testcase classname="backend.tests.test_ux_overhaul_iteration109.TestFrontendCodeReview" name="test_automation_page_all_fields_are_dropdowns" time="0.000" /><testcase classname="backend.tests.test_ux_overhaul_iteration109.TestFrontendCodeReview" name="test_panel_linking_section_testid" time="0.000" /></testsuite></testsuites>