<?xml version="1.0" encoding="utf-8"?><testsuites name="pytest tests"><testsuite name="pytest" errors="0" failures="0" skipped="0" tests="48" time="0.223" timestamp="2026-03-18T13:38:44.477677+00:00" hostname="agent-env-6193f3b6-4c14-41dd-acb1-0f2bf79a5330"><testcase classname="tests.test_whatsapp_template_engine.TestBuildFooter" name="test_footer_contains_powered_by_udyog_connect" time="0.000" /><testcase classname="tests.test_whatsapp_template_engine.TestBuildFooter" name="test_footer_contains_website_url" time="0.000" /><testcase classname="tests.test_whatsapp_template_engine.TestBuildFooter" name="test_footer_contains_separator" time="0.000" /><testcase classname="tests.test_whatsapp_template_engine.TestBuildFooter" name="test_footer_contains_rotating_ad" time="0.000" /><testcase classname="tests.test_whatsapp_template_engine.TestHelperFunctions" name="test_clean_phone_10_digit" time="0.000" /><testcase classname="tests.test_whatsapp_template_engine.TestHelperFunctions" name="test_clean_phone_with_plus_91" time="0.000" /><testcase classname="tests.test_whatsapp_template_engine.TestHelperFunctions" name="test_clean_phone_with_spaces" time="0.000" /><testcase classname="tests.test_whatsapp_template_engine.TestHelperFunctions" name="test_clean_phone_with_dashes" time="0.000" /><testcase classname="tests.test_whatsapp_template_engine.TestHelperFunctions" name="test_build_wa_link_basic" time="0.000" /><testcase classname="tests.test_whatsapp_template_engine.TestHelperFunctions" name="test_build_wa_link_special_chars" time="0.000" /><testcase classname="tests.test_whatsapp_template_engine.TestPOMessage" name="test_po_message_contains_po_number" time="0.000" /><testcase classname="tests.test_whatsapp_template_engine.TestPOMessage" name="test_po_message_contains_items" time="0.000" /><testcase classname="tests.test_whatsapp_template_engine.TestPOMessage" name="test_po_message_contains_doc_url" time="0.000" /><testcase classname="tests.test_whatsapp_template_engine.TestPOMessage" name="test_po_message_contains_business_name" time="0.000" /><testcase classname="tests.test_whatsapp_template_engine.TestPOMessage" name="test_po_message_contains_footer" time="0.000" /><testcase classname="tests.test_whatsapp_template_engine.TestPOMessage" name="test_po_message_with_supplier_name" time="0.000" /><testcase classname="tests.test_whatsapp_template_engine.TestInvoiceMessage" name="test_invoice_message_contains_invoice_number" time="0.000" /><testcase classname="tests.test_whatsapp_template_engine.TestInvoiceMessage" name="test_invoice_message_contains_amount" time="0.000" /><testcase classname="tests.test_whatsapp_template_engine.TestInvoiceMessage" name="test_invoice_message_contains_doc_url" time="0.000" /><testcase classname="tests.test_whatsapp_template_engine.TestInvoiceMessage" name="test_invoice_message_contains_footer" time="0.000" /><testcase classname="tests.test_whatsapp_template_engine.TestPaymentReminderSoft" name="test_soft_reminder_contains_gentle_language" time="0.000" /><testcase classname="tests.test_whatsapp_template_engine.TestPaymentReminderSoft" name="test_soft_reminder_contains_invoice_number" time="0.000" /><testcase classname="tests.test_whatsapp_template_engine.TestPaymentReminderSoft" name="test_soft_reminder_contains_pending_amount" time="0.000" /><testcase classname="tests.test_whatsapp_template_engine.TestPaymentReminderSoft" name="test_soft_reminder_contains_due_date" time="0.000" /><testcase classname="tests.test_whatsapp_template_engine.TestPaymentReminderSoft" name="test_soft_reminder_contains_footer" time="0.000" /><testcase classname="tests.test_whatsapp_template_engine.TestPaymentReminderStrict" name="test_strict_reminder_contains_overdue_language" time="0.000" /><testcase classname="tests.test_whatsapp_template_engine.TestPaymentReminderStrict" name="test_strict_reminder_contains_invoice_number" time="0.000" /><testcase classname="tests.test_whatsapp_template_engine.TestPaymentReminderStrict" name="test_strict_reminder_contains_urgency" time="0.000" /><testcase classname="tests.test_whatsapp_template_engine.TestPaymentReminderStrict" name="test_strict_reminder_contains_footer" time="0.000" /><testcase classname="tests.test_whatsapp_template_engine.TestCatalogMessage" name="test_catalog_message_contains_catalog_url" time="0.000" /><testcase classname="tests.test_whatsapp_template_engine.TestCatalogMessage" name="test_catalog_message_contains_business_name" time="0.000" /><testcase classname="tests.test_whatsapp_template_engine.TestCatalogMessage" name="test_catalog_message_contains_footer" time="0.000" /><testcase classname="tests.test_whatsapp_template_engine.TestCatalogMessage" name="test_catalog_message_with_recipient_name" time="0.000" /><testcase classname="tests.test_whatsapp_template_engine.TestSalesPushMessage" name="test_sales_push_contains_catalog_url" time="0.000" /><testcase classname="tests.test_whatsapp_template_engine.TestSalesPushMessage" name="test_sales_push_contains_business_name" time="0.000" /><testcase classname="tests.test_whatsapp_template_engine.TestSalesPushMessage" name="test_sales_push_with_optional_invoice_url" time="0.000" /><testcase classname="tests.test_whatsapp_template_engine.TestSalesPushMessage" name="test_sales_push_without_invoice_url" time="0.000" /><testcase classname="tests.test_whatsapp_template_engine.TestSalesPushMessage" name="test_sales_push_contains_footer" time="0.000" /><testcase classname="tests.test_whatsapp_template_engine.TestSalesPushMessage" name="test_sales_push_with_buyer_name" time="0.000" /><testcase classname="tests.test_whatsapp_template_engine.TestDispatchMessage" name="test_dispatch_message_contains_order_id" time="0.000" /><testcase classname="tests.test_whatsapp_template_engine.TestDispatchMessage" name="test_dispatch_message_contains_tracking_link" time="0.000" /><testcase classname="tests.test_whatsapp_template_engine.TestDispatchMessage" name="test_dispatch_message_contains_footer" time="0.000" /><testcase classname="tests.test_whatsapp_template_engine.TestPendingOrderNotify" name="test_pending_order_notify_contains_product_name" time="0.000" /><testcase classname="tests.test_whatsapp_template_engine.TestPendingOrderNotify" name="test_pending_order_notify_contains_pending_qty" time="0.000" /><testcase classname="tests.test_whatsapp_template_engine.TestPendingOrderNotify" name="test_pending_order_notify_contains_footer" time="0.000" /><testcase classname="tests.test_whatsapp_template_engine.TestPendingOrderNotify" name="test_pending_order_notify_with_buyer_name" time="0.000" /><testcase classname="tests.test_whatsapp_template_engine.TestRotatingAdsContent" name="test_rotating_ads_list_not_empty" time="0.000" /><testcase classname="tests.test_whatsapp_template_engine.TestRotatingAdsContent" name="test_rotating_ads_contains_udyog_connect_messaging" time="0.000" /></testsuite></testsuites>